Change Component Designator: Old Designator=C64 New Designator=C66
Change Component Designator: Old Designator=C65 New Designator=C67
Change Component Designator: Old Designator=C66 New Designator=C68
Change Component Designator: Old Designator=C67 New Designator=C69
Change Component Designator: Old Designator=C68 New Designator=C70
Change Component Designator: Old Designator=D4 New Designator=D30
Change Component Designator: Old Designator=Q4 New Designator=Q29
Change Component Designator: Old Designator=R9 New Designator=R125
Change Component Designator: Old Designator=R13 New Designator=R126
Change Component Designator: Old Designator=R80 New Designator=R122
Change Component Designator: Old Designator=R81 New Designator=R123
Change Component Designator: Old Designator=R82 New Designator=R124
Change Component Designator: Old Designator=R198 New Designator=R127
Change Component Designator: Old Designator=R199 New Designator=R128
Change Component Designator: Old Designator=R200 New Designator=R129
Change Component Designator: Old Designator=R201 New Designator=R130
Change Component Designator: Old Designator=R202 New Designator=R131
Change Component Designator: Old Designator=R203 New Designator=R132
Change Component Designator: Old Designator=R204 New Designator=R133
Change Component Designator: Old Designator=R205 New Designator=R134
Change Component Designator: Old Designator=R206 New Designator=R135
Change Component Designator: Old Designator=U15 New Designator=U21
Change Component Designator: Old Designator=U16 New Designator=U22
Change Component Designator: Old Designator=U17 New Designator=U23
Change Component Designator: Old Designator=U36 New Designator=U24
Change Component Designator: Old Designator=U37 New Designator=U25
