Change Component Designator: Old Designator=D27 New Designator=D31
Change Component Designator: Old Designator=D28 New Designator=D32
Change Component Designator: Old Designator=Q26 New Designator=Q30
Change Component Designator: Old Designator=Q27 New Designator=Q31
Change Component Designator: Old Designator=R83 New Designator=R136
Change Component Designator: Old Designator=R84 New Designator=R137
Change Component Designator: Old Designator=R85 New Designator=R138
Change Component Designator: Old Designator=R86 New Designator=R139
Change Component Designator: Old Designator=R87 New Designator=R140
Change Component Designator: Old Designator=R88 New Designator=R141
Change Component Designator: Old Designator=R89 New Designator=R142
Change Component Designator: Old Designator=R90 New Designator=R143
Change Component Designator: Old Designator=R91 New Designator=R144
Change Component Designator: Old Designator=R92 New Designator=R145
Change Component Designator: Old Designator=R93 New Designator=R146
Change Component Designator: Old Designator=R94 New Designator=R147
Change Component Designator: Old Designator=R95 New Designator=R148
Change Component Designator: Old Designator=R96 New Designator=R149
Change Component Designator: Old Designator=R97 New Designator=R150
Change Component Designator: Old Designator=R98 New Designator=R151
Change Component Designator: Old Designator=R99 New Designator=R152
Change Component Designator: Old Designator=R100 New Designator=R153
Change Component Designator: Old Designator=R101 New Designator=R154
Change Component Designator: Old Designator=R102 New Designator=R155
Change Component Designator: Old Designator=R103 New Designator=R156
Change Component Designator: Old Designator=R104 New Designator=R157
Change Component Designator: Old Designator=U18 New Designator=U24
Change Component Part ID : Designator=U24 Old Part ID =1 New Part ID =2
Change Component Designator: Old Designator=U18 New Designator=U27
Change Component Part ID : Designator=U27 Old Part ID =2 New Part ID =1
Change Component Designator: Old Designator=U19 New Designator=U26
Change Component Designator: Old Designator=U20 New Designator=U28
