Change Component Designator: Old Designator=C73 New Designator=C?
Change Component Designator: Old Designator=C74 New Designator=C?
Change Component Designator: Old Designator=D37 New Designator=D?
Change Component Designator: Old Designator=D38 New Designator=D?
Change Component Designator: Old Designator=D39 New Designator=D?
Change Component Designator: Old Designator=D40 New Designator=D?
Change Component Designator: Old Designator=K3 New Designator=K?
Change Component Designator: Old Designator=K4 New Designator=K?
Change Component Designator: Old Designator=LR8 New Designator=LR?
Change Component Designator: Old Designator=LR9 New Designator=LR?
Change Component Designator: Old Designator=Q36 New Designator=Q?
Change Component Designator: Old Designator=Q37 New Designator=Q?
Change Component Designator: Old Designator=Q38 New Designator=Q?
Change Component Designator: Old Designator=Q39 New Designator=Q?
Change Component Designator: Old Designator=R170 New Designator=R?
Change Component Designator: Old Designator=R171 New Designator=R?
Change Component Designator: Old Designator=R172 New Designator=R?
Change Component Designator: Old Designator=R173 New Designator=R?
Change Component Designator: Old Designator=R174 New Designator=R?
Change Component Designator: Old Designator=R175 New Designator=R?
Change Component Designator: Old Designator=R176 New Designator=R?
Change Component Designator: Old Designator=R177 New Designator=R?
Change Component Designator: Old Designator=R178 New Designator=R?
Change Component Designator: Old Designator=R179 New Designator=R?
Change Component Designator: Old Designator=R180 New Designator=R?
Change Component Designator: Old Designator=R181 New Designator=R?
Change Component Designator: Old Designator=U31 New Designator=U?
Change Component Designator: Old Designator=U32 New Designator=U?
