Change Component Designator: Old Designator=C79 New Designator=C?
Change Component Designator: Old Designator=C80 New Designator=C?
Change Component Designator: Old Designator=D49 New Designator=D?
Change Component Designator: Old Designator=D50 New Designator=D?
Change Component Designator: Old Designator=D51 New Designator=D?
Change Component Designator: Old Designator=D52 New Designator=D?
Change Component Designator: Old Designator=K9 New Designator=K?
Change Component Designator: Old Designator=K10 New Designator=K?
Change Component Designator: Old Designator=LR14 New Designator=LR?
Change Component Designator: Old Designator=LR15 New Designator=LR?
Change Component Designator: Old Designator=Q48 New Designator=Q?
Change Component Designator: Old Designator=Q49 New Designator=Q?
Change Component Designator: Old Designator=Q50 New Designator=Q?
Change Component Designator: Old Designator=Q51 New Designator=Q?
Change Component Designator: Old Designator=R206 New Designator=R?
Change Component Designator: Old Designator=R207 New Designator=R?
Change Component Designator: Old Designator=R208 New Designator=R?
Change Component Designator: Old Designator=R209 New Designator=R?
Change Component Designator: Old Designator=R210 New Designator=R?
Change Component Designator: Old Designator=R211 New Designator=R?
Change Component Designator: Old Designator=R212 New Designator=R?
Change Component Designator: Old Designator=R213 New Designator=R?
Change Component Designator: Old Designator=R214 New Designator=R?
Change Component Designator: Old Designator=R215 New Designator=R?
Change Component Designator: Old Designator=R216 New Designator=R?
Change Component Designator: Old Designator=R217 New Designator=R?
Change Component Designator: Old Designator=U37 New Designator=U?
Change Component Designator: Old Designator=U38 New Designator=U?
