Change Component Designator: Old Designator=D29 New Designator=D33
Change Component Designator: Old Designator=D30 New Designator=D34
Change Component Designator: Old Designator=D31 New Designator=D35
Change Component Designator: Old Designator=D32 New Designator=D36
Change Component Designator: Old Designator=LR3 New Designator=LR6
Change Component Designator: Old Designator=LR4 New Designator=LR7
Change Component Designator: Old Designator=Q28 New Designator=Q32
Change Component Designator: Old Designator=Q29 New Designator=Q33
Change Component Designator: Old Designator=Q30 New Designator=Q34
Change Component Designator: Old Designator=Q31 New Designator=Q35
Change Component Designator: Old Designator=R105 New Designator=R158
Change Component Designator: Old Designator=R106 New Designator=R159
Change Component Designator: Old Designator=R107 New Designator=R160
Change Component Designator: Old Designator=R108 New Designator=R161
Change Component Designator: Old Designator=R109 New Designator=R162
Change Component Designator: Old Designator=R110 New Designator=R163
Change Component Designator: Old Designator=R111 New Designator=R164
Change Component Designator: Old Designator=R112 New Designator=R165
Change Component Designator: Old Designator=R113 New Designator=R166
Change Component Designator: Old Designator=R114 New Designator=R167
Change Component Designator: Old Designator=R115 New Designator=R168
Change Component Designator: Old Designator=R116 New Designator=R169
Change Component Designator: Old Designator=U21 New Designator=U29
Change Component Designator: Old Designator=U22 New Designator=U30
