Change Component Designator: Old Designator=C77 New Designator=C?
Change Component Designator: Old Designator=C78 New Designator=C?
Change Component Designator: Old Designator=D45 New Designator=D?
Change Component Designator: Old Designator=D46 New Designator=D?
Change Component Designator: Old Designator=D47 New Designator=D?
Change Component Designator: Old Designator=D48 New Designator=D?
Change Component Designator: Old Designator=K7 New Designator=K?
Change Component Designator: Old Designator=K8 New Designator=K?
Change Component Designator: Old Designator=LR12 New Designator=LR?
Change Component Designator: Old Designator=LR13 New Designator=LR?
Change Component Designator: Old Designator=Q44 New Designator=Q?
Change Component Designator: Old Designator=Q45 New Designator=Q?
Change Component Designator: Old Designator=Q46 New Designator=Q?
Change Component Designator: Old Designator=Q47 New Designator=Q?
Change Component Designator: Old Designator=R194 New Designator=R?
Change Component Designator: Old Designator=R195 New Designator=R?
Change Component Designator: Old Designator=R196 New Designator=R?
Change Component Designator: Old Designator=R197 New Designator=R?
Change Component Designator: Old Designator=R198 New Designator=R?
Change Component Designator: Old Designator=R199 New Designator=R?
Change Component Designator: Old Designator=R200 New Designator=R?
Change Component Designator: Old Designator=R201 New Designator=R?
Change Component Designator: Old Designator=R202 New Designator=R?
Change Component Designator: Old Designator=R203 New Designator=R?
Change Component Designator: Old Designator=R204 New Designator=R?
Change Component Designator: Old Designator=R205 New Designator=R?
Change Component Designator: Old Designator=U35 New Designator=U?
Change Component Designator: Old Designator=U36 New Designator=U?
