Change Component Designator: Old Designator=D21 New Designator=D?
Change Component Designator: Old Designator=D22 New Designator=D?
Change Component Designator: Old Designator=D23 New Designator=D?
Change Component Designator: Old Designator=D24 New Designator=D?
Change Component Designator: Old Designator=K7 New Designator=K?
Change Component Designator: Old Designator=K8 New Designator=K?
Change Component Designator: Old Designator=LR10 New Designator=LR?
Change Component Designator: Old Designator=LR11 New Designator=LR?
Change Component Designator: Old Designator=Q22 New Designator=Q?
Change Component Designator: Old Designator=Q24 New Designator=Q?
Change Component Designator: Old Designator=R138 New Designator=R?
Change Component Designator: Old Designator=R141 New Designator=R?
Change Component Designator: Old Designator=R142 New Designator=R?
Change Component Designator: Old Designator=R143 New Designator=R?
Change Component Designator: Old Designator=R144 New Designator=R?
Change Component Designator: Old Designator=R147 New Designator=R?
Change Component Designator: Old Designator=R148 New Designator=R?
Change Component Designator: Old Designator=R149 New Designator=R?
Change Component Designator: Old Designator=U27 New Designator=U?
Change Component Designator: Old Designator=U28 New Designator=U?
