Change Component Designator: Old Designator=C75 New Designator=C?
Change Component Designator: Old Designator=C76 New Designator=C?
Change Component Designator: Old Designator=D41 New Designator=D?
Change Component Designator: Old Designator=D42 New Designator=D?
Change Component Designator: Old Designator=D43 New Designator=D?
Change Component Designator: Old Designator=D44 New Designator=D?
Change Component Designator: Old Designator=K5 New Designator=K?
Change Component Designator: Old Designator=K6 New Designator=K?
Change Component Designator: Old Designator=LR10 New Designator=LR?
Change Component Designator: Old Designator=LR11 New Designator=LR?
Change Component Designator: Old Designator=Q40 New Designator=Q?
Change Component Designator: Old Designator=Q41 New Designator=Q?
Change Component Designator: Old Designator=Q42 New Designator=Q?
Change Component Designator: Old Designator=Q43 New Designator=Q?
Change Component Designator: Old Designator=R182 New Designator=R?
Change Component Designator: Old Designator=R183 New Designator=R?
Change Component Designator: Old Designator=R184 New Designator=R?
Change Component Designator: Old Designator=R185 New Designator=R?
Change Component Designator: Old Designator=R186 New Designator=R?
Change Component Designator: Old Designator=R187 New Designator=R?
Change Component Designator: Old Designator=R188 New Designator=R?
Change Component Designator: Old Designator=R189 New Designator=R?
Change Component Designator: Old Designator=R190 New Designator=R?
Change Component Designator: Old Designator=R191 New Designator=R?
Change Component Designator: Old Designator=R192 New Designator=R?
Change Component Designator: Old Designator=R193 New Designator=R?
Change Component Designator: Old Designator=U33 New Designator=U?
Change Component Designator: Old Designator=U34 New Designator=U?
