Change Component Designator: Old Designator=C71 New Designator=C?
Change Component Designator: Old Designator=C72 New Designator=C?
Change Component Designator: Old Designator=D33 New Designator=D?
Change Component Designator: Old Designator=D34 New Designator=D?
Change Component Designator: Old Designator=D35 New Designator=D?
Change Component Designator: Old Designator=D36 New Designator=D?
Change Component Designator: Old Designator=K1 New Designator=K?
Change Component Designator: Old Designator=K2 New Designator=K?
Change Component Designator: Old Designator=LR6 New Designator=LR?
Change Component Designator: Old Designator=LR7 New Designator=LR?
Change Component Designator: Old Designator=Q32 New Designator=Q?
Change Component Designator: Old Designator=Q33 New Designator=Q?
Change Component Designator: Old Designator=Q34 New Designator=Q?
Change Component Designator: Old Designator=Q35 New Designator=Q?
Change Component Designator: Old Designator=R158 New Designator=R?
Change Component Designator: Old Designator=R159 New Designator=R?
Change Component Designator: Old Designator=R160 New Designator=R?
Change Component Designator: Old Designator=R161 New Designator=R?
Change Component Designator: Old Designator=R162 New Designator=R?
Change Component Designator: Old Designator=R163 New Designator=R?
Change Component Designator: Old Designator=R164 New Designator=R?
Change Component Designator: Old Designator=R165 New Designator=R?
Change Component Designator: Old Designator=R166 New Designator=R?
Change Component Designator: Old Designator=R167 New Designator=R?
Change Component Designator: Old Designator=R168 New Designator=R?
Change Component Designator: Old Designator=R169 New Designator=R?
Change Component Designator: Old Designator=U29 New Designator=U?
Change Component Designator: Old Designator=U30 New Designator=U?
