Change Component Designator: Old Designator=C108 New Designator=C?
Change Component Designator: Old Designator=C109 New Designator=C?
Change Component Designator: Old Designator=D57 New Designator=D?
Change Component Designator: Old Designator=D58 New Designator=D?
Change Component Designator: Old Designator=D59 New Designator=D?
Change Component Designator: Old Designator=D60 New Designator=D?
Change Component Designator: Old Designator=K11 New Designator=K?
Change Component Designator: Old Designator=K12 New Designator=K?
Change Component Designator: Old Designator=LR16 New Designator=LR?
Change Component Designator: Old Designator=LR17 New Designator=LR?
Change Component Designator: Old Designator=Q53 New Designator=Q?
Change Component Designator: Old Designator=Q54 New Designator=Q?
Change Component Designator: Old Designator=Q55 New Designator=Q?
Change Component Designator: Old Designator=Q56 New Designator=Q?
Change Component Designator: Old Designator=R239 New Designator=R?
Change Component Designator: Old Designator=R240 New Designator=R?
Change Component Designator: Old Designator=R241 New Designator=R?
Change Component Designator: Old Designator=R242 New Designator=R?
Change Component Designator: Old Designator=R243 New Designator=R?
Change Component Designator: Old Designator=R244 New Designator=R?
Change Component Designator: Old Designator=R245 New Designator=R?
Change Component Designator: Old Designator=R246 New Designator=R?
Change Component Designator: Old Designator=R247 New Designator=R?
Change Component Designator: Old Designator=R248 New Designator=R?
Change Component Designator: Old Designator=R249 New Designator=R?
Change Component Designator: Old Designator=R250 New Designator=R?
Change Component Designator: Old Designator=U42 New Designator=U?
Change Component Designator: Old Designator=U43 New Designator=U?
