Change Component Designator: Old Designator=D33 New Designator=D37
Change Component Designator: Old Designator=D34 New Designator=D38
Change Component Designator: Old Designator=D35 New Designator=D39
Change Component Designator: Old Designator=D36 New Designator=D40
Change Component Designator: Old Designator=LR5 New Designator=LR8
Change Component Designator: Old Designator=LR6 New Designator=LR9
Change Component Designator: Old Designator=Q32 New Designator=Q36
Change Component Designator: Old Designator=Q33 New Designator=Q37
Change Component Designator: Old Designator=Q34 New Designator=Q38
Change Component Designator: Old Designator=Q35 New Designator=Q39
Change Component Designator: Old Designator=R117 New Designator=R170
Change Component Designator: Old Designator=R118 New Designator=R171
Change Component Designator: Old Designator=R119 New Designator=R172
Change Component Designator: Old Designator=R120 New Designator=R173
Change Component Designator: Old Designator=R121 New Designator=R174
Change Component Designator: Old Designator=R122 New Designator=R175
Change Component Designator: Old Designator=R123 New Designator=R176
Change Component Designator: Old Designator=R124 New Designator=R177
Change Component Designator: Old Designator=R125 New Designator=R178
Change Component Designator: Old Designator=R126 New Designator=R179
Change Component Designator: Old Designator=R127 New Designator=R180
Change Component Designator: Old Designator=R128 New Designator=R181
Change Component Designator: Old Designator=U23 New Designator=U31
Change Component Designator: Old Designator=U24 New Designator=U32
