Change Component Designator: Old Designator=C? New Designator=C34
Change Component Designator: Old Designator=C? New Designator=C35
Change Component Designator: Old Designator=D? New Designator=D29
Change Component Designator: Old Designator=D? New Designator=D30
Change Component Designator: Old Designator=D? New Designator=D31
Change Component Designator: Old Designator=D? New Designator=D32
Change Component Designator: Old Designator=K? New Designator=K11
Change Component Designator: Old Designator=K? New Designator=K12
Change Component Designator: Old Designator=LR? New Designator=LR14
Change Component Designator: Old Designator=LR? New Designator=LR15
Change Component Designator: Old Designator=Q? New Designator=Q29
Change Component Designator: Old Designator=Q? New Designator=Q30
Change Component Designator: Old Designator=Q? New Designator=Q31
Change Component Designator: Old Designator=Q? New Designator=Q32
Change Component Designator: Old Designator=R? New Designator=R162
Change Component Designator: Old Designator=R? New Designator=R163
Change Component Designator: Old Designator=R? New Designator=R164
Change Component Designator: Old Designator=R? New Designator=R165
Change Component Designator: Old Designator=R? New Designator=R166
Change Component Designator: Old Designator=R? New Designator=R167
Change Component Designator: Old Designator=R? New Designator=R168
Change Component Designator: Old Designator=R? New Designator=R169
Change Component Designator: Old Designator=R? New Designator=R170
Change Component Designator: Old Designator=R? New Designator=R171
Change Component Designator: Old Designator=R? New Designator=R172
Change Component Designator: Old Designator=R? New Designator=R173
Change Component Designator: Old Designator=U? New Designator=U31
Change Component Designator: Old Designator=U? New Designator=U32
