Change Component Designator: Old Designator=C79 New Designator=C?
Change Component Designator: Old Designator=C80 New Designator=C?
Change Component Designator: Old Designator=D45 New Designator=D?
Change Component Designator: Old Designator=D46 New Designator=D?
Change Component Designator: Old Designator=D47 New Designator=D?
Change Component Designator: Old Designator=D48 New Designator=D?
Change Component Designator: Old Designator=K9 New Designator=K?
Change Component Designator: Old Designator=K10 New Designator=K?
Change Component Designator: Old Designator=L11 New Designator=L?
Change Component Designator: Old Designator=L12 New Designator=L?
Change Component Designator: Old Designator=Q44 New Designator=Q?
Change Component Designator: Old Designator=Q45 New Designator=Q?
Change Component Designator: Old Designator=Q46 New Designator=Q?
Change Component Designator: Old Designator=Q47 New Designator=Q?
Change Component Designator: Old Designator=R153 New Designator=R?
Change Component Designator: Old Designator=R154 New Designator=R?
Change Component Designator: Old Designator=R155 New Designator=R?
Change Component Designator: Old Designator=R156 New Designator=R?
Change Component Designator: Old Designator=R157 New Designator=R?
Change Component Designator: Old Designator=R158 New Designator=R?
Change Component Designator: Old Designator=R159 New Designator=R?
Change Component Designator: Old Designator=R160 New Designator=R?
Change Component Designator: Old Designator=R161 New Designator=R?
Change Component Designator: Old Designator=R162 New Designator=R?
Change Component Designator: Old Designator=R163 New Designator=R?
Change Component Designator: Old Designator=R164 New Designator=R?
Change Component Designator: Old Designator=U29 New Designator=U?
Change Component Designator: Old Designator=U30 New Designator=U?
