Change Component Designator: Old Designator=C? New Designator=C75
Change Component Designator: Old Designator=C? New Designator=C76
Change Component Designator: Old Designator=D? New Designator=D37
Change Component Designator: Old Designator=D? New Designator=D38
Change Component Designator: Old Designator=D? New Designator=D39
Change Component Designator: Old Designator=D? New Designator=D40
Change Component Designator: Old Designator=K? New Designator=K5
Change Component Designator: Old Designator=K? New Designator=K6
Change Component Designator: Old Designator=L? New Designator=L7
Change Component Designator: Old Designator=L? New Designator=L8
Change Component Designator: Old Designator=Q? New Designator=Q36
Change Component Designator: Old Designator=Q? New Designator=Q37
Change Component Designator: Old Designator=Q? New Designator=Q38
Change Component Designator: Old Designator=Q? New Designator=Q39
Change Component Designator: Old Designator=R? New Designator=R129
Change Component Designator: Old Designator=R? New Designator=R130
Change Component Designator: Old Designator=R? New Designator=R131
Change Component Designator: Old Designator=R? New Designator=R132
Change Component Designator: Old Designator=R? New Designator=R133
Change Component Designator: Old Designator=R? New Designator=R134
Change Component Designator: Old Designator=R? New Designator=R135
Change Component Designator: Old Designator=R? New Designator=R136
Change Component Designator: Old Designator=R? New Designator=R137
Change Component Designator: Old Designator=R? New Designator=R138
Change Component Designator: Old Designator=R? New Designator=R139
Change Component Designator: Old Designator=R? New Designator=R140
Change Component Designator: Old Designator=U? New Designator=U25
Change Component Designator: Old Designator=U? New Designator=U26
