Change Component Designator: Old Designator=C81 New Designator=C?
Change Component Designator: Old Designator=C82 New Designator=C?
Change Component Designator: Old Designator=C83 New Designator=C?
Change Component Designator: Old Designator=C84 New Designator=C?
Change Component Designator: Old Designator=C85 New Designator=C?
Change Component Designator: Old Designator=C86 New Designator=C?
Change Component Designator: Old Designator=C87 New Designator=C?
Change Component Designator: Old Designator=C88 New Designator=C?
Change Component Designator: Old Designator=C89 New Designator=C?
Change Component Designator: Old Designator=C90 New Designator=C?
Change Component Designator: Old Designator=C91 New Designator=C?
Change Component Designator: Old Designator=P16 New Designator=P?
Change Component Designator: Old Designator=P17 New Designator=P?
Change Component Designator: Old Designator=P18 New Designator=P?
Change Component Designator: Old Designator=Q48 New Designator=Q?
Change Component Designator: Old Designator=R165 New Designator=R?
Change Component Designator: Old Designator=R166 New Designator=R?
Change Component Designator: Old Designator=R167 New Designator=R?
Change Component Designator: Old Designator=R168 New Designator=R?
Change Component Designator: Old Designator=R169 New Designator=R?
Change Component Designator: Old Designator=R170 New Designator=R?
Change Component Designator: Old Designator=R171 New Designator=R?
Change Component Designator: Old Designator=R172 New Designator=R?
Change Component Designator: Old Designator=S4 New Designator=S?
Change Component Designator: Old Designator=S5 New Designator=S?
Change Component Designator: Old Designator=S6 New Designator=S?
Change Component Designator: Old Designator=S7 New Designator=S?
Change Component Designator: Old Designator=S8 New Designator=S?
Change Component Designator: Old Designator=S9 New Designator=S?
