Removed Pin From Net: NetName=VLV_MAIN_DRIVER_DRV Pin=P2-8
Removed Pin From Net: NetName=VLV_DLY_DRIVER_DRV Pin=P2-9
Removed Pin From Net: NetName=VALVE_DRIVER1_DRV Pin=P2-10
Removed Pin From Net: NetName=VALVE_DRIVER2_DRV Pin=P2-11
Removed Pin From Net: NetName=VAVLE_DRIVER3_DRV Pin=P2-12
Removed Pin From Net: NetName=VALVE_DRIVER4_DRV Pin=P2-13
Removed Pin From Net: NetName=VALVE_DRIVER5_DRV Pin=P2-14
Removed Pin From Net: NetName=VALVE_DRIVER6_DRV Pin=P2-15
Removed Pin From Net: NetName=VALVE_DRIVER7_DRV Pin=P2-16
Removed Pin From Net: NetName=VALVE_DRIVER8_DRV Pin=P2-17
Removed Pin From Net: NetName=LEVEL_DRV_OUT1_DRV Pin=P2-18
Removed Pin From Net: NetName=LEVEL_DRV_OUT2_DRV Pin=P2-19
Added Pin To Net: NetName=LEVEL_DRV_OUT2_DRV Pin=P2-8
Added Pin To Net: NetName=LEVEL_DRV_OUT1_DRV Pin=P2-9
Added Pin To Net: NetName=VALVE_DRIVER8_DRV Pin=P2-10
Added Pin To Net: NetName=VALVE_DRIVER7_DRV Pin=P2-11
Added Pin To Net: NetName=VALVE_DRIVER6_DRV Pin=P2-12
Added Pin To Net: NetName=VALVE_DRIVER5_DRV Pin=P2-13
Added Pin To Net: NetName=VALVE_DRIVER4_DRV Pin=P2-14
Added Pin To Net: NetName=VAVLE_DRIVER3_DRV Pin=P2-15
Added Pin To Net: NetName=VALVE_DRIVER2_DRV Pin=P2-16
Added Pin To Net: NetName=VALVE_DRIVER1_DRV Pin=P2-17
Added Pin To Net: NetName=VLV_DLY_DRIVER_DRV Pin=P2-18
Added Pin To Net: NetName=VLV_MAIN_DRIVER_DRV Pin=P2-19
