Removed Pin From Net: NetName=VLV_MAIN_DRIVER_DRV Pin=P2-3
Removed Pin From Net: NetName=VLV_DLY_DRIVER_DRV Pin=P2-4
Removed Pin From Net: NetName=VALVE_DRIVER1_DRV Pin=P2-5
Removed Pin From Net: NetName=VALVE_DRIVER2_DRV Pin=P2-6
Removed Pin From Net: NetName=VAVLE_DRIVER3_DRV Pin=P2-7
Removed Pin From Net: NetName=VALVE_DRIVER4_DRV Pin=P2-8
Removed Pin From Net: NetName=VALVE_DRIVER5_DRV Pin=P2-9
Removed Pin From Net: NetName=VALVE_DRIVER6_DRV Pin=P2-10
Removed Pin From Net: NetName=VALVE_DRIVER7_DRV Pin=P2-11
Removed Pin From Net: NetName=VALVE_DRIVER8_DRV Pin=P2-12
Removed Pin From Net: NetName=LEVEL_DETECT_H1_DRV Pin=P2-13
Removed Pin From Net: NetName=LEVEL_DETECT_L1_DRV Pin=P2-14
Removed Pin From Net: NetName=LEVEL_DRV_OUT1_DRV Pin=P2-15
Removed Pin From Net: NetName=LEVEL_DETECT_H2_DRV Pin=P2-16
Removed Pin From Net: NetName=LEVEL_DETECT_L2_DRV Pin=P2-17
Removed Pin From Net: NetName=LEVEL_DRV_OUT2_DRV Pin=P2-18
Removed Pin From Net: NetName=DP_STARTUP_DRV Pin=P2-19
Removed Pin From Net: NetName=RMT_STARTUP_DRV Pin=P2-20
Removed Member From Class: ClassName=drvoutput4 Member=D5
Removed Member From Class: ClassName=drvoutput5 Member=D9
Removed Member From Class: ClassName=drvoutput5 Member=D10
Removed Member From Class: ClassName=drvoutput5 Member=D11
Removed Member From Class: ClassName=drvoutput5 Member=D12
Removed Member From Class: ClassName=drvoutput5 Member=LR1
Removed Member From Class: ClassName=drvoutput5 Member=LR3
Removed Member From Class: ClassName=drvoutput0 Member=LR7
Removed Member From Class: ClassName=drvoutput2 Member=LR11
Removed Member From Class: ClassName=drvoutput4 Member=Q7
Removed Member From Class: ClassName=drvoutput4 Member=Q8
Removed Member From Class: ClassName=drvoutput4 Member=Q9
Removed Member From Class: ClassName=drvoutput5 Member=Q10
Removed Member From Class: ClassName=drvoutput5 Member=Q11
Removed Member From Class: ClassName=drvoutput5 Member=Q12
Removed Member From Class: ClassName=drvoutput5 Member=Q13
Removed Member From Class: ClassName=drveth Member=R45
Removed Member From Class: ClassName=drveth Member=R46
Removed Member From Class: ClassName=drveth Member=R49
Removed Member From Class: ClassName=drveth Member=R50
Removed Member From Class: ClassName=drvinput0 Member=R53
Removed Member From Class: ClassName=drvinput0 Member=R54
Removed Member From Class: ClassName=drvinput1 Member=R54
Removed Member From Class: ClassName=drvinput0 Member=R55
Removed Member From Class: ClassName=drvinput0 Member=R56
Removed Member From Class: ClassName=drvinput1 Member=R66
Removed Member From Class: ClassName=drvoutput0 Member=R93
Removed Member From Class: ClassName=drvoutput0 Member=R97
Removed Member From Class: ClassName=drvoutput1 Member=R108
Removed Member From Class: ClassName=drvoutput1 Member=R112
Removed Member From Class: ClassName=drvoutput2 Member=R120
Removed Member From Class: ClassName=drvoutput2 Member=R124
Removed Member From Class: ClassName=drvoutput3 Member=R128
Removed Member From Class: ClassName=drvoutput3 Member=R135
Removed Member From Class: ClassName=drvoutput4 Member=R139
Removed Member From Class: ClassName=drvoutput4 Member=R143
Removed Member From Class: ClassName=drvoutput4 Member=R147
Removed Member From Class: ClassName=drveth Member=U10
Removed Member From Class: ClassName=drvcomm Member=U12
Added Pin To Net: NetName=LEVEL_DETECT_L1_DRV Pin=P2-3
Added Pin To Net: NetName=LEVEL_DETECT_H1_DRV Pin=P2-4
Added Pin To Net: NetName=LEVEL_DETECT_L2_DRV Pin=P2-5
Added Pin To Net: NetName=LEVEL_DETECT_H2_DRV Pin=P2-6
Added Pin To Net: NetName=RMT_STARTUP_DRV Pin=P2-7
Added Pin To Net: NetName=DP_STARTUP_DRV Pin=P2-8
Added Pin To Net: NetName=VLV_MAIN_DRIVER_DRV Pin=P2-9
Added Pin To Net: NetName=VLV_DLY_DRIVER_DRV Pin=P2-10
Added Pin To Net: NetName=VALVE_DRIVER1_DRV Pin=P2-11
Added Pin To Net: NetName=VALVE_DRIVER2_DRV Pin=P2-12
Added Pin To Net: NetName=VAVLE_DRIVER3_DRV Pin=P2-13
Added Pin To Net: NetName=VALVE_DRIVER4_DRV Pin=P2-14
Added Pin To Net: NetName=VALVE_DRIVER5_DRV Pin=P2-15
Added Pin To Net: NetName=VALVE_DRIVER6_DRV Pin=P2-16
Added Pin To Net: NetName=VALVE_DRIVER7_DRV Pin=P2-17
Added Pin To Net: NetName=VALVE_DRIVER8_DRV Pin=P2-18
Added Pin To Net: NetName=LEVEL_DRV_OUT1_DRV Pin=P2-19
Added Pin To Net: NetName=LEVEL_DRV_OUT2_DRV Pin=P2-20
Added Member To Class: ClassName=drvinput3 Member=Component D4 SMB24CA
Added Member To Class: ClassName=drvoutput4 Member=Component D26 LL4148
Added Member To Class: ClassName=drvoutput5 Member=Component D29 SMBJ440CA
Added Member To Class: ClassName=drvoutput5 Member=Component D30 LL4148
Added Member To Class: ClassName=drvoutput5 Member=Component D31 SMBJ440CA
Added Member To Class: ClassName=drvoutput5 Member=Component D32 LL4148
Added Member To Class: ClassName=drvoutput0 Member=Component LR5 CBG201209U102
Added Member To Class: ClassName=drvoutput2 Member=Component LR9 CBG201209U102
Added Member To Class: ClassName=drvoutput5 Member=Component LR14 CBG201209U102
Added Member To Class: ClassName=drvoutput5 Member=Component LR15 CBG201209U102
Added Member To Class: ClassName=drvinput3 Member=Component Q4 SS8050
Added Member To Class: ClassName=drvoutput4 Member=Component Q26 SS8550
Added Member To Class: ClassName=drvoutput4 Member=Component Q27 SS8550
Added Member To Class: ClassName=drvoutput4 Member=Component Q28 SS8550
Added Member To Class: ClassName=drvoutput5 Member=Component Q29 SS8550
Added Member To Class: ClassName=drvoutput5 Member=Component Q30 SS8550
Added Member To Class: ClassName=drvoutput5 Member=Component Q31 SS8550
Added Member To Class: ClassName=drvoutput5 Member=Component Q32 SS8550
Added Member To Class: ClassName=drvinput2 Member=Component R9 1K
Added Member To Class: ClassName=drvinput2 Member=Component R13 100K
Added Member To Class: ClassName=drveth Member=Component R59 51R
Added Member To Class: ClassName=drveth Member=Component R60 51R
Added Member To Class: ClassName=drveth Member=Component R63 12.1K
Added Member To Class: ClassName=drveth Member=Component R64 1K
Added Member To Class: ClassName=drvinput0 Member=Component R67 200R
Added Member To Class: ClassName=drvinput0 Member=Component R68 32K
Added Member To Class: ClassName=drvinput0 Member=Component R69 100K
Added Member To Class: ClassName=drvinput0 Member=Component R70 4.7K
Added Member To Class: ClassName=drvinput1 Member=Component R80 100K
Added Member To Class: ClassName=drvinput1 Member=Component R82 10K
Added Member To Class: ClassName=drvoutput0 Member=Component R102 10K
Added Member To Class: ClassName=drvoutput0 Member=Component R103 3K
Added Member To Class: ClassName=drvoutput1 Member=Component R114 10K
Added Member To Class: ClassName=drvoutput1 Member=Component R115 3K
Added Member To Class: ClassName=drvoutput2 Member=Component R126 10K
Added Member To Class: ClassName=drvoutput2 Member=Component R127 3K
Added Member To Class: ClassName=drvoutput3 Member=Component R138 10K
Added Member To Class: ClassName=drvoutput3 Member=Component R140 10K
Added Member To Class: ClassName=drvoutput4 Member=Component R150 10K
Added Member To Class: ClassName=drvoutput4 Member=Component R151 3K
Added Member To Class: ClassName=drvoutput4 Member=Component R152 10K
Added Member To Class: ClassName=drvoutput4 Member=Component R156 10K
Added Member To Class: ClassName=drvoutput4 Member=Component R159 1K
Added Member To Class: ClassName=drvoutput4 Member=Component R160 470R
Added Member To Class: ClassName=drvoutput4 Member=Component R161 510R
Added Member To Class: ClassName=drvoutput5 Member=Component R162 10K
Added Member To Class: ClassName=drvoutput5 Member=Component R163 3K
Added Member To Class: ClassName=drveth Member=Component U12 LAN8720A
