Removed Pin From Net: NetName=GND Pin=C16-2
Removed Pin From Net: NetName=VSSA Pin=C17-1
Removed Pin From Net: NetName=VDDA Pin=C17-2
Removed Pin From Net: NetName=VSSA Pin=C18-1
Removed Pin From Net: NetName=VDDA Pin=C18-2
Removed Pin From Net: NetName=VSSA Pin=C19-1
Removed Pin From Net: NetName=VREF Pin=C19-2
Removed Pin From Net: NetName=VSSA Pin=C20-1
Removed Pin From Net: NetName=VREF Pin=C20-2
Removed Pin From Net: NetName=VBAT Pin=C21-1
Removed Pin From Net: NetName=GND Pin=C21-2
Removed Pin From Net: NetName=GND Pin=C22-1
Removed Pin From Net: NetName=3.3V Pin=C22-2
Removed Pin From Net: NetName=RCC_OSC_IN Pin=C23-1
Removed Pin From Net: NetName=GND Pin=C23-2
Removed Pin From Net: NetName=GND Pin=C24-2
Removed Pin From Net: NetName=RCC_OSC32_IN Pin=C25-1
Removed Pin From Net: NetName=GND Pin=C25-2
Removed Pin From Net: NetName=GND Pin=C26-2
Removed Pin From Net: NetName=GND Pin=C27-1
Removed Pin From Net: NetName=3.3V Pin=C27-2
Removed Pin From Net: NetName=GND Pin=C28-1
Removed Pin From Net: NetName=3.3V Pin=C28-2
Removed Pin From Net: NetName=GND Pin=C29-1
Removed Pin From Net: NetName=3.3V Pin=C29-2
Removed Pin From Net: NetName=3.3V Pin=C30-1
Removed Pin From Net: NetName=GND Pin=C30-2
Removed Pin From Net: NetName=3.3V Pin=C31-1
Removed Pin From Net: NetName=GND Pin=C31-2
Removed Pin From Net: NetName=GND Pin=C32-2
Removed Pin From Net: NetName=GND Pin=C33-2
Removed Pin From Net: NetName=3.3V Pin=C34-1
Removed Pin From Net: NetName=GND Pin=C34-2
Removed Pin From Net: NetName=3.3V Pin=C35-1
Removed Pin From Net: NetName=GND Pin=C36-2
Removed Pin From Net: NetName=GND Pin=C37-2
Removed Pin From Net: NetName=GND Pin=C38-2
Removed Pin From Net: NetName=GND Pin=C42-1
Removed Pin From Net: NetName=3.3V Pin=C42-2
Removed Pin From Net: NetName=GND Pin=C43-1
Removed Pin From Net: NetName=3.3V Pin=C43-2
Removed Pin From Net: NetName=GND Pin=C44-1
Removed Pin From Net: NetName=GND Pin=C45-1
Removed Pin From Net: NetName=GND Pin=C46-1
Removed Pin From Net: NetName=GND Pin=C47-1
Removed Pin From Net: NetName=GND Pin=C48-1
Removed Pin From Net: NetName=GND Pin=C49-1
Removed Pin From Net: NetName=GND Pin=C69-1
Removed Pin From Net: NetName=GND Pin=D1-2
Removed Pin From Net: NetName=GND Pin=D2-2
Removed Pin From Net: NetName=GND Pin=D3-2
Removed Pin From Net: NetName=GND Pin=D5-2
Removed Pin From Net: NetName=GND Pin=D6-2
Removed Pin From Net: NetName=GND Pin=D7-2
Removed Pin From Net: NetName=GND Pin=D8-2
Removed Pin From Net: NetName=GND Pin=D9-2
Removed Pin From Net: NetName=GND Pin=D10-2
Removed Pin From Net: NetName=GND Pin=D11-2
Removed Pin From Net: NetName=GND Pin=D12-2
Removed Pin From Net: NetName=GND Pin=D13-2
Removed Pin From Net: NetName=GND Pin=D14-2
Removed Pin From Net: NetName=GND Pin=D15-2
Removed Pin From Net: NetName=GND Pin=D16-2
Removed Pin From Net: NetName=GND Pin=D17-2
Removed Pin From Net: NetName=GND Pin=D18-2
Removed Pin From Net: NetName=GND Pin=D19-2
Removed Pin From Net: NetName=GND Pin=D20-2
Removed Pin From Net: NetName=GND Pin=D21-2
Removed Pin From Net: NetName=GND Pin=D22-2
Removed Pin From Net: NetName=GND Pin=D23-2
Removed Pin From Net: NetName=GND Pin=D24-2
Removed Pin From Net: NetName=OTG_FS_VBUS Pin=D25-1
Removed Pin From Net: NetName=3.3V Pin=LR1-1
Removed Pin From Net: NetName=VDDA Pin=LR1-2
Removed Pin From Net: NetName=GND Pin=LR2-1
Removed Pin From Net: NetName=VSSA Pin=LR2-2
Removed Pin From Net: NetName=3.3V Pin=P1-2
Removed Pin From Net: NetName=VBAT Pin=P1-3
Removed Pin From Net: NetName=GND Pin=P1-4
Removed Pin From Net: NetName=ETH_REF_CLK Pin=P1-5
Removed Pin From Net: NetName=ETH_PHY_MDIO Pin=P1-6
Removed Pin From Net: NetName=ETH_RMII_CRS_DV Pin=P1-7
Removed Pin From Net: NetName=SYS_MCO1 Pin=P1-8
Removed Pin From Net: NetName=ETH_RMII_TX_EN Pin=P1-9
Removed Pin From Net: NetName=ETH_RMII_TXD0 Pin=P1-10
Removed Pin From Net: NetName=ETH_RMII_TXD1 Pin=P1-11
Removed Pin From Net: NetName=ETH_PHY_RST Pin=P1-12
Removed Pin From Net: NetName=ETH_RMII_MDC Pin=P1-13
Removed Pin From Net: NetName=ETH_RMII_RXD0 Pin=P1-14
Removed Pin From Net: NetName=ETH_RMII_RXD1 Pin=P1-15
Removed Pin From Net: NetName=USART1_TX Pin=P1-16
Removed Pin From Net: NetName=USART1_RX Pin=P1-17
Removed Pin From Net: NetName=USART1_DTS Pin=P1-18
Removed Pin From Net: NetName=DP_CHECK_IN Pin=P1-19
Removed Pin From Net: NetName=TIM3_CH1_CAP Pin=P1-20
Removed Pin From Net: NetName=GND Pin=P2-2
Removed Pin From Net: NetName=VLV_MAIN_DRIVER Pin=P2-3
Removed Pin From Net: NetName=VLV_DLY_DRIVER Pin=P2-4
Removed Pin From Net: NetName=VALVE_DRIVER1 Pin=P2-5
Removed Pin From Net: NetName=VALVE_DRIVER2 Pin=P2-6
Removed Pin From Net: NetName=VAVLE_DRIVER3 Pin=P2-7
Removed Pin From Net: NetName=VALVE_DRIVER4 Pin=P2-8
Removed Pin From Net: NetName=VALVE_DRIVER5 Pin=P2-9
Removed Pin From Net: NetName=VALVE_DRIVER6 Pin=P2-10
Removed Pin From Net: NetName=VALVE_DRIVER7 Pin=P2-11
Removed Pin From Net: NetName=VALVE_DRIVER8 Pin=P2-12
Removed Pin From Net: NetName=LEVEL_DETECT_H1 Pin=P2-13
Removed Pin From Net: NetName=LEVEL_DETECT_L1 Pin=P2-14
Removed Pin From Net: NetName=LEVEL_DRV_OUT1 Pin=P2-15
Removed Pin From Net: NetName=LEVEL_DETECT_H2 Pin=P2-16
Removed Pin From Net: NetName=LEVEL_DETECT_L2 Pin=P2-17
Removed Pin From Net: NetName=LEVEL_DRV_OUT2 Pin=P2-18
Removed Pin From Net: NetName=DP_STARTUP Pin=P2-19
Removed Pin From Net: NetName=RMT_STARTUP Pin=P2-20
Removed Pin From Net: NetName=3.3V Pin=P3-1
Removed Pin From Net: NetName=GND Pin=P3-2
Removed Pin From Net: NetName=WIFI_SPI2_INT Pin=P3-3
Removed Pin From Net: NetName=WIFI_SPI2_NSS Pin=P3-4
Removed Pin From Net: NetName=WIFI_SPI2_SCK Pin=P3-5
Removed Pin From Net: NetName=WIFI_SPI2_RST Pin=P3-6
Removed Pin From Net: NetName=WIFI_SPI2_MISO Pin=P3-7
Removed Pin From Net: NetName=WIFI_SPI2_MOSI Pin=P3-8
Removed Pin From Net: NetName=3.3V Pin=P4-1
Removed Pin From Net: NetName=SYS_SWDIO Pin=P4-2
Removed Pin From Net: NetName=SYS_SWCLK Pin=P4-3
Removed Pin From Net: NetName=SYS_TRACESWO Pin=P4-4
Removed Pin From Net: NetName=GND Pin=P4-5
Removed Pin From Net: NetName=USART2_TX Pin=P5-3
Removed Pin From Net: NetName=USART2_TX Pin=P5-5
Removed Pin From Net: NetName=GND Pin=P5-6
Removed Pin From Net: NetName=USART2_RX Pin=P5-7
Removed Pin From Net: NetName=GND Pin=P5-8
Removed Pin From Net: NetName=USART2_RX Pin=P5-9
Removed Pin From Net: NetName=GND Pin=P5-10
Removed Pin From Net: NetName=3.3V Pin=P6-1
Removed Pin From Net: NetName=GND Pin=P6-2
Removed Pin From Net: NetName=LCD_SPI1_NSS Pin=P6-3
Removed Pin From Net: NetName=LCD_SPI1_SCK Pin=P6-4
Removed Pin From Net: NetName=LCD_SPI1_MOSI Pin=P6-5
Removed Pin From Net: NetName=LCD_SPI1_A0 Pin=P6-6
Removed Pin From Net: NetName=LCD_SPI1_BL Pin=P6-7
Removed Pin From Net: NetName=3.3V Pin=P7-1
Removed Pin From Net: NetName=GND Pin=P7-2
Removed Pin From Net: NetName=KEY_UP Pin=P7-3
Removed Pin From Net: NetName=KEY_DOWN Pin=P7-4
Removed Pin From Net: NetName=KEY_LEFT Pin=P7-5
Removed Pin From Net: NetName=KEY_RIGHT Pin=P7-6
Removed Pin From Net: NetName=KEY_ESC Pin=P7-7
Removed Pin From Net: NetName=KEY_ENTER Pin=P7-8
Removed Pin From Net: NetName=USART3_EN Pin=P10-1
Removed Pin From Net: NetName=3.3V Pin=P10-2
Removed Pin From Net: NetName=GND Pin=P10-3
Removed Pin From Net: NetName=USART3_TX Pin=P10-4
Removed Pin From Net: NetName=USART3_RX Pin=P10-5
Removed Pin From Net: NetName=USART3_STATE Pin=P10-6
Removed Pin From Net: NetName=3.3V Pin=Q1-2
Removed Pin From Net: NetName=3.3V Pin=Q2-2
Removed Pin From Net: NetName=3.3V Pin=Q3-2
Removed Pin From Net: NetName=3.3V Pin=Q5-2
Removed Pin From Net: NetName=3.3V Pin=Q6-2
Removed Pin From Net: NetName=3.3V Pin=Q7-2
Removed Pin From Net: NetName=3.3V Pin=Q8-2
Removed Pin From Net: NetName=3.3V Pin=Q9-2
Removed Pin From Net: NetName=3.3V Pin=Q10-2
Removed Pin From Net: NetName=3.3V Pin=Q11-2
Removed Pin From Net: NetName=3.3V Pin=Q12-2
Removed Pin From Net: NetName=3.3V Pin=Q13-2
Removed Pin From Net: NetName=3.3V Pin=Q14-2
Removed Pin From Net: NetName=3.3V Pin=Q15-2
Removed Pin From Net: NetName=3.3V Pin=Q16-2
Removed Pin From Net: NetName=3.3V Pin=Q17-2
Removed Pin From Net: NetName=3.3V Pin=Q18-2
Removed Pin From Net: NetName=3.3V Pin=Q19-2
Removed Pin From Net: NetName=3.3V Pin=Q20-2
Removed Pin From Net: NetName=3.3V Pin=Q21-2
Removed Pin From Net: NetName=3.3V Pin=Q22-2
Removed Pin From Net: NetName=3.3V Pin=Q23-2
Removed Pin From Net: NetName=3.3V Pin=Q24-2
Removed Pin From Net: NetName=RCC_OSC_OUT Pin=R1-2
Removed Pin From Net: NetName=BOOT0 Pin=R2-1
Removed Pin From Net: NetName=BOOT1 Pin=R3-1
Removed Pin From Net: NetName=RCC_OSC32_OUT Pin=R4-1
Removed Pin From Net: NetName=SYS_NRST Pin=R5-1
Removed Pin From Net: NetName=GND Pin=R5-2
Removed Pin From Net: NetName=RMT_STARTUP Pin=R6-1
Removed Pin From Net: NetName=TIM3_CH1_CAP Pin=R7-1
Removed Pin From Net: NetName=DP_STARTUP Pin=R8-1
Removed Pin From Net: NetName=LEVEL_DETECT_H2 Pin=R14-1
Removed Pin From Net: NetName=LEVEL_DETECT_L2 Pin=R15-1
Removed Pin From Net: NetName=LEVEL_DETECT_H1 Pin=R16-1
Removed Pin From Net: NetName=LEVEL_DETECT_L1 Pin=R17-1
Removed Pin From Net: NetName=SYS_ERR_LED Pin=R22-1
Removed Pin From Net: NetName=SYS_RUN_LED Pin=R23-1
Removed Pin From Net: NetName=VLV_MAIN_DRIVER Pin=R24-1
Removed Pin From Net: NetName=VLV_DLY_DRIVER Pin=R25-1
Removed Pin From Net: NetName=VALVE_DRIVER1 Pin=R26-1
Removed Pin From Net: NetName=VALVE_DRIVER2 Pin=R27-1
Removed Pin From Net: NetName=VAVLE_DRIVER3 Pin=R34-1
Removed Pin From Net: NetName=VALVE_DRIVER4 Pin=R35-1
Removed Pin From Net: NetName=VALVE_DRIVER5 Pin=R36-1
Removed Pin From Net: NetName=VALVE_DRIVER6 Pin=R37-1
Removed Pin From Net: NetName=VALVE_DRIVER7 Pin=R38-1
Removed Pin From Net: NetName=VALVE_DRIVER8 Pin=R39-1
Removed Pin From Net: NetName=LEVEL_DRV_OUT1 Pin=R46-1
Removed Pin From Net: NetName=LEVEL_DRV_OUT2 Pin=R47-1
Removed Pin From Net: NetName=USART2_RUN_LED Pin=R48-1
Removed Pin From Net: NetName=USART2_ERR_LED Pin=R49-1
Removed Pin From Net: NetName=OTG_FS_FAULT Pin=R54-2
Removed Pin From Net: NetName=OTG_FS_DM Pin=R55-2
Removed Pin From Net: NetName=OTG_FS_DP Pin=R56-2
Removed Pin From Net: NetName=GND Pin=R57-1
Removed Pin From Net: NetName=GND Pin=R58-1
Removed Pin From Net: NetName=OTG_FS_VBUS Pin=R58-2
Removed Pin From Net: NetName=GND Pin=S1-2
Removed Pin From Net: NetName=3.3V Pin=S1-3
Removed Pin From Net: NetName=3.3V Pin=S1-4
Removed Pin From Net: NetName=GND Pin=S1-6
Removed Pin From Net: NetName=GND Pin=S2-1
Removed Pin From Net: NetName=VDDA Pin=U2-1
Removed Pin From Net: NetName=VREF Pin=U2-2
Removed Pin From Net: NetName=VSSA Pin=U2-3
Removed Pin From Net: NetName=GND Pin=U3-1
Removed Pin From Net: NetName=SYS_NRST Pin=U3-2
Removed Pin From Net: NetName=3.3V Pin=U3-4
Removed Pin From Net: NetName=FLASH_SPI3_NSS Pin=U4-1
Removed Pin From Net: NetName=FLASH_SPI3_MISO Pin=U4-2
Removed Pin From Net: NetName=3.3V Pin=U4-3
Removed Pin From Net: NetName=FLASH_SPI3_MOSI Pin=U4-5
Removed Pin From Net: NetName=FLASH_SPI3_SCK Pin=U4-6
Removed Pin From Net: NetName=3.3V Pin=U4-7
Removed Pin From Net: NetName=3.3V Pin=U4-8
Removed Pin From Net: NetName=OTG_FS_PWR Pin=U5-1
Removed Pin From Net: NetName=OTG_FS_FAULT Pin=U5-2
Removed Pin From Net: NetName=GND Pin=U5-6
Removed Pin From Net: NetName=OTG_FS_VBUS Pin=U5-8
Removed Pin From Net: NetName=GND Pin=U6-2
Removed Pin From Net: NetName=OTG_FS_ID Pin=U6-3
Removed Pin From Net: NetName=OTG_FS_VBUS Pin=U6-5
Removed Pin From Net: NetName=GND Pin=U7-1
Removed Pin From Net: NetName=3.3V Pin=U7-2
Removed Pin From Net: NetName=GND Pin=U8-1
Removed Pin From Net: NetName=OTG_FS_VBUS Pin=USB1-1
Removed Pin From Net: NetName=OTG_FS_ID Pin=USB1-4
Removed Pin From Net: NetName=GND Pin=USB1-5
Removed Pin From Net: NetName=RCC_OSC_IN Pin=Y1-1
Removed Pin From Net: NetName=RCC_OSC_OUT Pin=Y1-2
Removed Pin From Net: NetName=RCC_OSC32_IN Pin=Y2-1
Removed Pin From Net: NetName=RCC_OSC32_OUT Pin=Y2-2
