Removed Pin From Net: NetName=5VA Pin=C26-1
Removed Pin From Net: NetName=5VA Pin=C41-1
Removed Pin From Net: NetName=3.3V Pin=D35-1
Removed Pin From Net: NetName=3.3V Pin=D36-1
Removed Pin From Net: NetName=5VA Pin=J1-6
Removed Pin From Net: NetName=LED2 Pin=R9-2
Removed Pin From Net: NetName=5VA Pin=U4-16
Removed Pin From Net: NetName=5VA Pin=U34-8
Removed Pin From Net: NetName=GND Pin=Y1-2
Removed Pin From Net: NetName=HSE_CLK Pin=Y1-3
Removed Pin From Net: NetName=3.3V Pin=Y1-4
Change Component DesignItemId : Designator=U3 Old DesignItemId=VPC3+C New DesignItemId=VPC3+C(PQP44)
Change Component DesignItemId : Designator=Y1 Old DesignItemId=XATLS New DesignItemId=XTAL
Change Component Footprint: Designator=Y1 Old Footprint=X-CP3225 New Footprint=HC-49U
Change Component Comment : Designator=R5 Old Comment=1K New Comment=10K
Change Component Comment : Designator=U3 Old Comment=VPC3+C New Comment=VPC3+C(PQP44)
Change Component Comment : Designator=Y1 Old Comment=XATLS New Comment=8MHz@20pF
Change Component Designator: OldDesignator=C33 NewDesignator=C6
Change Component Designator: OldDesignator=D35 NewDesignator=DPNet
Change Component Designator: OldDesignator=D36 NewDesignator=LED2
Change Component Designator: OldDesignator=R9 NewDesignator=R4
Added Component: Designator=C5(CAPC2012M)
Added Component: Designator=C7(CAPC2012M)
Added Component: Designator=C32(CAPC2012M)
Added Component: Designator=C33(CAPC2012M)
Added Component: Designator=LED1(CD2012-0805)
Added Component: Designator=R3(RESC2012M)
Added Component: Designator=R9(RESC2012M)
Added Component: Designator=U2(LQFP64)
Added Component: Designator=Y3(X-CP3225)
Added Pin To Net: NetName=GND Pin=C5-1
Added Pin To Net: NetName=3.3V Pin=C5-2
Added Pin To Net: NetName=GND Pin=C7-1
Added Pin To Net: NetName=3.3V Pin=C7-2
Added Pin To Net: NetName=5V Pin=C26-1
Added Pin To Net: NetName=GND Pin=C32-1
Added Pin To Net: NetName=GND Pin=C33-1
Added Pin To Net: NetName=5V Pin=C41-1
Added Pin To Net: NetName=5V Pin=J1-6
Added Pin To Net: NetName=LED1 Pin=LED1-2
Added Pin To Net: NetName=LED2 Pin=LED2-2
Added Pin To Net: NetName=12V Pin=P5-4
Added Pin To Net: NetName=3.3V Pin=R1-2
Added Pin To Net: NetName=3.3V Pin=U2-1
Added Pin To Net: NetName=VPC3_XWR Pin=U2-2
Added Pin To Net: NetName=SYS_NRST Pin=U2-7
Added Pin To Net: NetName=GND Pin=U2-12
Added Pin To Net: NetName=3.3V Pin=U2-13
Added Pin To Net: NetName=VPC3_XINT Pin=U2-14
Added Pin To Net: NetName=USART2_TX Pin=U2-16
Added Pin To Net: NetName=USART2_RX Pin=U2-17
Added Pin To Net: NetName=GND Pin=U2-18
Added Pin To Net: NetName=3.3V Pin=U2-19
Added Pin To Net: NetName=LED1 Pin=U2-20
Added Pin To Net: NetName=LED2 Pin=U2-21
Added Pin To Net: NetName=VPC3_XREADY Pin=U2-22
Added Pin To Net: NetName=VPC3_RST Pin=U2-23
Added Pin To Net: NetName=GND Pin=U2-31
Added Pin To Net: NetName=3.3V Pin=U2-32
Added Pin To Net: NetName=USART1_TX Pin=U2-42
Added Pin To Net: NetName=USART1_RX Pin=U2-43
Added Pin To Net: NetName=SYS_SWDIO Pin=U2-46
Added Pin To Net: NetName=GND Pin=U2-47
Added Pin To Net: NetName=3.3V Pin=U2-48
Added Pin To Net: NetName=SYS_SWCLK Pin=U2-49
Added Pin To Net: NetName=VPC3_ALE Pin=U2-52
Added Pin To Net: NetName=VPC3_XRD Pin=U2-53
Added Pin To Net: NetName=NetR5_2 Pin=U2-60
Added Pin To Net: NetName=GND Pin=U2-63
Added Pin To Net: NetName=3.3V Pin=U2-64
Added Pin To Net: NetName=5V Pin=U4-16
Added Pin To Net: NetName=5V Pin=U34-8
Added Pin To Net: NetName=GND Pin=Y3-2
Added Pin To Net: NetName=HSE_CLK Pin=Y3-3
Added Pin To Net: NetName=3.3V Pin=Y3-4
Change Net Name : Old Net Name=12V New Net Name=9V
Change Net Name : Old Net Name=NetU3_5 New Net Name=VPC3_48MHZ
Added Pin To Net: NetName=AB0 Pin=U2-8
Added Pin To Net: NetName=AB0 Pin=U3-44
Added Net: Name=AB0
Added Pin To Net: NetName=AB1 Pin=U2-9
Added Pin To Net: NetName=AB1 Pin=U3-43
Added Net: Name=AB1
Added Pin To Net: NetName=AB2 Pin=U2-10
Added Pin To Net: NetName=AB2 Pin=U3-41
Added Net: Name=AB2
Added Pin To Net: NetName=AB3 Pin=U2-11
Added Pin To Net: NetName=AB3 Pin=U3-40
Added Net: Name=AB3
Added Pin To Net: NetName=AB4 Pin=U2-24
Added Pin To Net: NetName=AB4 Pin=U3-37
Added Net: Name=AB4
Added Pin To Net: NetName=AB5 Pin=U2-25
Added Pin To Net: NetName=AB5 Pin=U3-42
Added Net: Name=AB5
Added Pin To Net: NetName=AB6 Pin=U2-37
Added Pin To Net: NetName=AB6 Pin=U3-32
Added Net: Name=AB6
Added Pin To Net: NetName=AB7 Pin=U2-38
Added Pin To Net: NetName=AB7 Pin=U3-31
Added Net: Name=AB7
Added Pin To Net: NetName=AB8 Pin=U2-39
Added Pin To Net: NetName=AB8 Pin=U3-29
Added Net: Name=AB8
Added Pin To Net: NetName=AB9 Pin=U2-40
Added Pin To Net: NetName=AB9 Pin=U3-25
Added Net: Name=AB9
Added Pin To Net: NetName=AB10 Pin=U2-51
Added Pin To Net: NetName=AB10 Pin=U3-10
Added Net: Name=AB10
Added Pin To Net: NetName=DB0 Pin=U2-61
Added Pin To Net: NetName=DB0 Pin=U3-11
Added Net: Name=DB0
Added Pin To Net: NetName=DB1 Pin=U2-62
Added Pin To Net: NetName=DB1 Pin=U3-12
Added Net: Name=DB1
Added Pin To Net: NetName=DB2 Pin=U2-29
Added Pin To Net: NetName=DB2 Pin=U3-15
Added Net: Name=DB2
Added Pin To Net: NetName=DB3 Pin=U2-30
Added Pin To Net: NetName=DB3 Pin=U3-16
Added Net: Name=DB3
Added Pin To Net: NetName=DB4 Pin=U2-33
Added Pin To Net: NetName=DB4 Pin=U3-19
Added Net: Name=DB4
Added Pin To Net: NetName=DB5 Pin=U2-34
Added Pin To Net: NetName=DB5 Pin=U3-20
Added Net: Name=DB5
Added Pin To Net: NetName=DB6 Pin=U2-35
Added Pin To Net: NetName=DB6 Pin=U3-21
Added Net: Name=DB6
Added Pin To Net: NetName=DB7 Pin=U2-36
Added Pin To Net: NetName=DB7 Pin=U3-22
Added Net: Name=DB7
Added Pin To Net: NetName=NetDPNet_2 Pin=DPNet-2
Added Pin To Net: NetName=NetDPNet_2 Pin=U3-13
Added Net: Name=NetDPNet_2
Added Pin To Net: NetName=NetLED1_1 Pin=LED1-1
Added Pin To Net: NetName=NetLED1_1 Pin=R3-2
Added Net: Name=NetLED1_1
Added Pin To Net: NetName=NetLED2_1 Pin=LED2-1
Added Pin To Net: NetName=NetLED2_1 Pin=R4-2
Added Net: Name=NetLED2_1
Added Pin To Net: NetName=NetR3_1 Pin=R3-1
Added Pin To Net: NetName=NetR3_1 Pin=R4-1
Added Net: Name=NetR3_1
Added Pin To Net: NetName=OSC_IN Pin=C32-2
Added Pin To Net: NetName=OSC_IN Pin=R9-2
Added Pin To Net: NetName=OSC_IN Pin=U2-5
Added Pin To Net: NetName=OSC_IN Pin=Y1-1
Added Net: Name=OSC_IN
Added Pin To Net: NetName=OSC_OUT Pin=C33-2
Added Pin To Net: NetName=OSC_OUT Pin=R9-1
Added Pin To Net: NetName=OSC_OUT Pin=U2-6
Added Pin To Net: NetName=OSC_OUT Pin=Y1-2
Added Net: Name=OSC_OUT
Added Member To Class: ClassName=drvcomdp Member=Component C5 0.1uF
Added Member To Class: ClassName=drvcomdp Member=Component C7 0.1uF
Added Member To Class: ClassName=drvcomdp Member=Component C32 20pF
Added Member To Class: ClassName=drvcomdp Member=Component C33 20pF
Added Member To Class: ClassName=drvcomdp Member=Component LED1 Green
Added Member To Class: ClassName=drvcomdp Member=Component R3 1K
Added Member To Class: ClassName=drvcomdp Member=Component R9 1M
Added Member To Class: ClassName=drvcomdp Member=Component U2 STM32F103RBT6
Added Member To Class: ClassName=drvcomdp Member=Component Y1 8MHz@20pF
