Removed Pin From Net: NetName=GND Pin=C22-1
Removed Pin From Net: NetName=3.3V Pin=C22-2
Removed Pin From Net: NetName=GND_DRV Pin=C41-1
Removed Pin From Net: NetName=3.3V_DRV Pin=C41-2
Removed Pin From Net: NetName=3.3V Pin=P1-2
Removed Pin From Net: NetName=ETH_REF_CLK Pin=P1-4
Removed Pin From Net: NetName=ETH_PHY_MDIO Pin=P1-5
Removed Pin From Net: NetName=ETH_RMII_CRS_DV Pin=P1-6
Removed Pin From Net: NetName=SYS_MCO1 Pin=P1-7
Removed Pin From Net: NetName=ETH_RMII_TX_EN Pin=P1-8
Removed Pin From Net: NetName=ETH_RMII_TXD0 Pin=P1-9
Removed Pin From Net: NetName=ETH_RMII_TXD1 Pin=P1-10
Removed Pin From Net: NetName=ETH_PHY_RST Pin=P1-11
Removed Pin From Net: NetName=ETH_RMII_MDC Pin=P1-12
Removed Pin From Net: NetName=ETH_RMII_RXD0 Pin=P1-13
Removed Pin From Net: NetName=ETH_RMII_RXD1 Pin=P1-14
Removed Pin From Net: NetName=WIFI_SPI2_INT Pin=P1-15
Removed Pin From Net: NetName=WIFI_SPI2_NSS Pin=P1-16
Removed Pin From Net: NetName=WIFI_SPI2_SCK Pin=P1-17
Removed Pin From Net: NetName=WIFI_SPI2_RST Pin=P1-18
Removed Pin From Net: NetName=WIFI_SPI2_MISO Pin=P1-19
Removed Pin From Net: NetName=WIFI_SPI2_MOSI Pin=P1-20
Removed Pin From Net: NetName=VBAT Pin=P3-1
Removed Pin From Net: NetName=3.3V Pin=P3-2
Removed Pin From Net: NetName=GND Pin=P3-3
Removed Pin From Net: NetName=USART3_TX Pin=P3-4
Removed Pin From Net: NetName=USART3_RX Pin=P3-5
Removed Pin From Net: NetName=USART3_EN Pin=P3-6
Removed Pin From Net: NetName=USART3_STATE Pin=P3-7
Removed Pin From Net: NetName=USART1_TX Pin=P3-8
Removed Pin From Net: NetName=USART1_RX Pin=P3-9
Removed Pin From Net: NetName=USART1_DTS Pin=P3-10
Removed Pin From Net: NetName=DP_CHECK_IN Pin=P3-11
Removed Pin From Net: NetName=TIM3_CH1_CAP Pin=P3-12
Removed Pin From Net: NetName=3.3V_DRV Pin=P10-1
Removed Pin From Net: NetName=3.3V_DRV Pin=P10-2
Removed Pin From Net: NetName=GND_DRV Pin=P10-3
Removed Pin From Net: NetName=ETH_REF_CLK_DRV Pin=P10-4
Removed Pin From Net: NetName=ETH_PHY_MDIO_DRV Pin=P10-5
Removed Pin From Net: NetName=ETH_RMII_CRS_DV_DRV Pin=P10-6
Removed Pin From Net: NetName=SYS_MCO1_DRV Pin=P10-7
Removed Pin From Net: NetName=ETH_RMII_TX_EN_DRV Pin=P10-8
Removed Pin From Net: NetName=ETH_RMII_TXD0_DRV Pin=P10-9
Removed Pin From Net: NetName=ETH_RMII_TXD1_DRV Pin=P10-10
Removed Pin From Net: NetName=ETH_PHY_RST_DRV Pin=P10-11
Removed Pin From Net: NetName=ETH_RMII_MDC_DRV Pin=P10-12
Removed Pin From Net: NetName=ETH_RMII_RXD0_DRV Pin=P10-13
Removed Pin From Net: NetName=ETH_RMII_RXD1_DRV Pin=P10-14
Removed Pin From Net: NetName=WIFI_SPI2_INT_DRV Pin=P10-15
Removed Pin From Net: NetName=WIFI_SPI2_NSS_DRV Pin=P10-16
Removed Pin From Net: NetName=WIFI_SPI2_SCK_DRV Pin=P10-17
Removed Pin From Net: NetName=WIFI_SPI2_RST_DRV Pin=P10-18
Removed Pin From Net: NetName=WIFI_SPI2_MISO_DRV Pin=P10-19
Removed Pin From Net: NetName=WIFI_SPI2_MOSI_DRV Pin=P10-20
Removed Pin From Net: NetName=VBAT_DRV Pin=P13-1
Removed Pin From Net: NetName=3.3V_DRV Pin=P13-2
Removed Pin From Net: NetName=GND_DRV Pin=P13-3
Removed Pin From Net: NetName=USART3_TX_DRV Pin=P13-4
Removed Pin From Net: NetName=USART3_RX_DRV Pin=P13-5
Removed Pin From Net: NetName=USART3_EN_DRV Pin=P13-6
Removed Pin From Net: NetName=USART3_STATE_DRV Pin=P13-7
Removed Pin From Net: NetName=USART1_TX_DRV Pin=P13-8
Removed Pin From Net: NetName=USART1_RX_DRV Pin=P13-9
Removed Pin From Net: NetName=USART1_DTS_DRV Pin=P13-10
Removed Pin From Net: NetName=DP_CHECK_IN_DRV Pin=P13-11
Removed Pin From Net: NetName=TIM3_CH1_CAP_DRV Pin=P13-12
Removed Member From Class: ClassName=cpuinterface Member=P3
Removed Member From Class: ClassName=drvamap Member=P10
Removed Member From Class: ClassName=drvamap Member=P13
Change Component DesignItemId : Designator=P3 Old DesignItemId=Header 12 New DesignItemId=Header 15X2
Change Component DesignItemId : Designator=P1 Old DesignItemId=Header 20 New DesignItemId=Header 15X2
Change Component Footprint: Designator=P6 Old Footprint=HDR1X7 New Footprint=HDR1X7SMT
Change Component Footprint: Designator=P3 Old Footprint=HDR1X12 New Footprint=HDR2X15
Change Component Footprint: Designator=P2 Old Footprint=HDR1X20 New Footprint=HDR1X20SMT
Change Component Footprint: Designator=P1 Old Footprint=HDR1X20 New Footprint=HDR2X15SMT
Change Component Comment : Designator=P3 Old Comment=Header 12 New Comment=Header 15X2
Change Component Comment : Designator=P1 Old Comment=Header 20 New Comment=Header 15X2
Added Pin To Net: NetName=VBAT Pin=C22-1
Added Pin To Net: NetName=GND Pin=C22-2
Added Pin To Net: NetName=VBAT_DRV Pin=C41-1
Added Pin To Net: NetName=GND_DRV Pin=C41-2
Added Pin To Net: NetName=VBAT Pin=P1-2
Added Pin To Net: NetName=GND Pin=P1-4
Added Pin To Net: NetName=GND Pin=P1-4
Added Pin To Net: NetName=GND Pin=P1-4
Added Pin To Net: NetName=GND Pin=P1-4
Added Pin To Net: NetName=GND Pin=P1-4
Added Pin To Net: NetName=GND Pin=P1-4
Added Pin To Net: NetName=GND Pin=P1-4
Added Pin To Net: NetName=GND Pin=P1-4
Added Pin To Net: NetName=GND Pin=P1-4
Added Pin To Net: NetName=GND Pin=P1-4
Added Pin To Net: NetName=GND Pin=P1-4
Added Pin To Net: NetName=GND Pin=P1-4
Added Pin To Net: NetName=GND Pin=P1-4
Added Pin To Net: NetName=GND Pin=P1-4
Added Pin To Net: NetName=3.3V_DRV Pin=P3-1
Added Pin To Net: NetName=VBAT_DRV Pin=P3-2
Added Pin To Net: NetName=GND_DRV Pin=P3-3
Added Pin To Net: NetName=GND_DRV Pin=P3-4
Added Pin To Net: NetName=ETH_REF_CLK_DRV Pin=P3-5
Added Pin To Net: NetName=USART3_TX_DRV Pin=P3-6
Added Pin To Net: NetName=ETH_PHY_MDIO_DRV Pin=P3-7
Added Pin To Net: NetName=USART3_RX_DRV Pin=P3-8
Added Pin To Net: NetName=ETH_RMII_CRS_DV_DRV Pin=P3-9
Added Pin To Net: NetName=USART3_EN_DRV Pin=P3-10
Added Pin To Net: NetName=SYS_MCO1_DRV Pin=P3-11
Added Pin To Net: NetName=USART3_STATE_DRV Pin=P3-12
Added Pin To Net: NetName=ETH_RMII_TX_EN_DRV Pin=P3-13
Added Pin To Net: NetName=USART1_TX_DRV Pin=P3-14
Added Pin To Net: NetName=ETH_RMII_TXD0_DRV Pin=P3-15
Added Pin To Net: NetName=USART1_RX_DRV Pin=P3-16
Added Pin To Net: NetName=ETH_RMII_TXD1_DRV Pin=P3-17
Added Pin To Net: NetName=USART1_DTS_DRV Pin=P3-18
Added Pin To Net: NetName=ETH_PHY_RST_DRV Pin=P3-19
Added Pin To Net: NetName=DP_CHECK_IN_DRV Pin=P3-20
Added Pin To Net: NetName=ETH_RMII_MDC_DRV Pin=P3-21
Added Pin To Net: NetName=TIM3_CH1_CAP_DRV Pin=P3-22
Added Pin To Net: NetName=ETH_RMII_RXD0_DRV Pin=P3-23
Added Pin To Net: NetName=WIFI_SPI2_SCK_DRV Pin=P3-24
Added Pin To Net: NetName=ETH_RMII_RXD1_DRV Pin=P3-25
Added Pin To Net: NetName=WIFI_SPI2_RST_DRV Pin=P3-26
Added Pin To Net: NetName=WIFI_SPI2_INT_DRV Pin=P3-27
Added Pin To Net: NetName=WIFI_SPI2_MISO_DRV Pin=P3-28
Added Pin To Net: NetName=WIFI_SPI2_NSS_DRV Pin=P3-29
Added Pin To Net: NetName=WIFI_SPI2_MOSI_DRV Pin=P3-30
Added Member To Class: ClassName=drvamap Member=Component P3 Header 15X2
