Removed Pin From Net: NetName=3.3V Pin=Q25-2
Removed Pin From Net: NetName=3.3V Pin=Q29-2
Removed Pin From Net: NetName=3.3V Pin=R151-1
Removed Pin From Net: NetName=VALVE_DRIVER7 Pin=R152-1
Removed Pin From Net: NetName=3.3V Pin=R163-1
Removed Pin From Net: NetName=LEVEL_DRV_OUT1 Pin=R164-1
Removed Pin From Net: NetName=NetR154_2 Pin=U29-1
Removed Pin From Net: NetName=GND Pin=U29-2
Removed Pin From Net: NetName=NetR166_2 Pin=U31-1
Removed Pin From Net: NetName=GND Pin=U31-2
Removed Member From Class: ClassName=drvoutput4 Member=Q25
Removed Member From Class: ClassName=drvoutput5 Member=Q29
Removed Member From Class: ClassName=drvoutput4 Member=R151
Removed Member From Class: ClassName=drvoutput4 Member=R152
Removed Member From Class: ClassName=drvoutput5 Member=R163
Removed Member From Class: ClassName=drvoutput5 Member=R164
Added Pin To Net: NetName=VALVE_DRIVER7 Pin=R154-1
Added Pin To Net: NetName=LEVEL_DRV_OUT1 Pin=R166-1
Added Pin To Net: NetName=3.3V Pin=U29-1
Added Pin To Net: NetName=NetR154_2 Pin=U29-2
Added Pin To Net: NetName=3.3V Pin=U31-1
Added Pin To Net: NetName=NetR166_2 Pin=U31-2
