Removed Pin From Net: NetName=5VA Pin=P1-1
Removed Pin From Net: NetName=GNDA Pin=P1-2
Removed Pin From Net: NetName=ADC12_PORT Pin=P1-3
Removed Pin From Net: NetName=ADC13_PORT Pin=P1-4
Removed Pin From Net: NetName=ETH_RMII_RXD1 Pin=P1-5
Removed Pin From Net: NetName=ETH_RMII_RXD0 Pin=P1-6
Removed Pin From Net: NetName=ETH_RMII_CRS_DV Pin=P1-7
Removed Pin From Net: NetName=ETH_PHY_MDIO Pin=P1-8
Removed Pin From Net: NetName=ETH_REF_CLK Pin=P1-9
Removed Pin From Net: NetName=ETH_RMII_MDC Pin=P1-10
Removed Pin From Net: NetName=ETH_PHY_RST Pin=P1-11
Removed Pin From Net: NetName=ETH_RMII_INT Pin=P1-12
Removed Pin From Net: NetName=ETH_RMII_TXD1 Pin=P1-13
Removed Pin From Net: NetName=ETH_RMII_TX_EN Pin=P1-14
Removed Pin From Net: NetName=USART_DP_RX Pin=P1-15
Removed Pin From Net: NetName=ETH_RMII_TXD0 Pin=P1-16
Removed Pin From Net: NetName=SUB_SYS_RST Pin=P1-17
Removed Pin From Net: NetName=USART_DP_TX Pin=P1-18
Removed Pin From Net: NetName=CAN1_RX Pin=P1-19
Removed Pin From Net: NetName=CAN1_TX Pin=P1-20
Removed Pin From Net: NetName=VBAT_SRC Pin=P1-21
Removed Pin From Net: NetName=SUB_SYS_BOOTSEL Pin=P1-22
Removed Member From Class: ClassName=drvinput6 Member=R40
Removed Member From Class: ClassName=drvinput4 Member=R48
Removed Member From Class: ClassName=drvinput4 Member=R50
Removed Member From Class: ClassName=drvinput4 Member=R51
Added Pin To Net: NetName=GNDA Pin=P1-1
Added Pin To Net: NetName=5VA Pin=P1-2
Added Pin To Net: NetName=ADC13_PORT Pin=P1-3
Added Pin To Net: NetName=ADC12_PORT Pin=P1-4
Added Pin To Net: NetName=ETH_RMII_RXD0 Pin=P1-5
Added Pin To Net: NetName=ETH_RMII_RXD1 Pin=P1-6
Added Pin To Net: NetName=ETH_PHY_MDIO Pin=P1-7
Added Pin To Net: NetName=ETH_RMII_CRS_DV Pin=P1-8
Added Pin To Net: NetName=ETH_RMII_MDC Pin=P1-9
Added Pin To Net: NetName=ETH_REF_CLK Pin=P1-10
Added Pin To Net: NetName=ETH_RMII_INT Pin=P1-11
Added Pin To Net: NetName=ETH_PHY_RST Pin=P1-12
Added Pin To Net: NetName=ETH_RMII_TX_EN Pin=P1-13
Added Pin To Net: NetName=ETH_RMII_TXD1 Pin=P1-14
Added Pin To Net: NetName=ETH_RMII_TXD0 Pin=P1-15
Added Pin To Net: NetName=USART_DP_RX Pin=P1-16
Added Pin To Net: NetName=USART_DP_TX Pin=P1-17
Added Pin To Net: NetName=SUB_SYS_RST Pin=P1-18
Added Pin To Net: NetName=CAN1_TX Pin=P1-19
Added Pin To Net: NetName=CAN1_RX Pin=P1-20
Added Pin To Net: NetName=SUB_SYS_BOOTSEL Pin=P1-21
Added Pin To Net: NetName=VBAT_SRC Pin=P1-22
Added Member To Class: ClassName=drvinput4 Member=Component R70 1K
Added Member To Class: ClassName=drvinput4 Member=Component R72 5.6K
Added Member To Class: ClassName=drvinput4 Member=Component R73 300R
Added Member To Class: ClassName=drvinput6 Member=Component R92 5.6K
