Removed Pin From Net: NetName=VALVE_DRIVER_LO Pin=P3-1
Removed Pin From Net: NetName=VALVE_DRIVER_LO Pin=P3-3
Removed Pin From Net: NetName=VLV_MAIN_DRIVER_ON Pin=P3-5
Removed Pin From Net: NetName=VLV_DLY_DRIVER_ON Pin=P3-7
Removed Pin From Net: NetName=VALVE_DRIVER1_ON Pin=P3-9
Removed Pin From Net: NetName=VALVE_DRIVER2_ON Pin=P3-11
Removed Pin From Net: NetName=VAVLE_DRIVER3_ON Pin=P3-13
Removed Pin From Net: NetName=VALVE_DRIVER4_ON Pin=P3-15
Removed Pin From Net: NetName=VALVE_DRIVER5_ON Pin=P3-17
Removed Pin From Net: NetName=VALVE_DRIVER6_ON Pin=P3-19
Removed Pin From Net: NetName=VALVE_DRIVER7_ON Pin=P3-21
Removed Pin From Net: NetName=VALVE_DRIVER8_ON Pin=P3-23
Removed Pin From Net: NetName=LEVEL_DRV_OUT1_ON Pin=P3-25
Removed Pin From Net: NetName=LEVEL_DRV_OUT2_ON Pin=P3-27
Added Pin To Net: NetName=LEVEL_DRV_OUT2_ON Pin=P3-1
Added Pin To Net: NetName=LEVEL_DRV_OUT1_ON Pin=P3-3
Added Pin To Net: NetName=VALVE_DRIVER8_ON Pin=P3-5
Added Pin To Net: NetName=VALVE_DRIVER7_ON Pin=P3-7
Added Pin To Net: NetName=VALVE_DRIVER6_ON Pin=P3-9
Added Pin To Net: NetName=VALVE_DRIVER5_ON Pin=P3-11
Added Pin To Net: NetName=VALVE_DRIVER4_ON Pin=P3-13
Added Pin To Net: NetName=VAVLE_DRIVER3_ON Pin=P3-15
Added Pin To Net: NetName=VALVE_DRIVER2_ON Pin=P3-17
Added Pin To Net: NetName=VALVE_DRIVER1_ON Pin=P3-19
Added Pin To Net: NetName=VLV_DLY_DRIVER_ON Pin=P3-21
Added Pin To Net: NetName=VLV_MAIN_DRIVER_ON Pin=P3-23
Added Pin To Net: NetName=VALVE_DRIVER_LO Pin=P3-25
Added Pin To Net: NetName=VALVE_DRIVER_LO Pin=P3-27
