Removed Pin From Net: NetName=SYS_NRST Pin=C44-1
Removed Pin From Net: NetName=GND Pin=C44-2
Removed Pin From Net: NetName=MCO1 Pin=P1-4
Removed Pin From Net: NetName=3.3V Pin=R2-1
Removed Pin From Net: NetName=SYS_NRST Pin=R2-2
Removed Member From Class: ClassName=drvcomdp Member=C44
Change Component Comment : Designator=R2 Old Comment=10K New Comment=100K
Added Component: Designator=C8(CAPC2012M)
Added Component: Designator=P10(HDR1X2)
Added Component: Designator=U1(SOT-143_N)
Added Pin To Net: NetName=GND Pin=C8-1
Added Pin To Net: NetName=3.3V Pin=C8-2
Added Pin To Net: NetName=GND Pin=P10-2
Added Pin To Net: NetName=SYS_NRST Pin=R2-1
Added Pin To Net: NetName=GND Pin=R2-2
Added Pin To Net: NetName=GND Pin=U1-1
Added Pin To Net: NetName=SYS_NRST Pin=U1-2
Added Pin To Net: NetName=3.3V Pin=U1-4
Added Pin To Net: NetName=GND Pin=U2-28
Added Pin To Net: NetName=MCU_RST Pin=P1-4
Added Pin To Net: NetName=MCU_RST Pin=U1-3
Added Net: Name=MCU_RST
Added Pin To Net: NetName=SUB_SYS_BOOTSEL Pin=P10-1
Added Net: Name=SUB_SYS_BOOTSEL
Added Member To Class: ClassName=drvcomdp Member=Component C8 0.1uF
Added Member To Class: ClassName=drvamap Member=Component P10 Header 2
Added Member To Class: ClassName=drvcomdp Member=Component U1 MIC811TU
