Removed Pin From Net: NetName=VLV_MAIN_DRIVER Pin=R104-1
Removed Pin From Net: NetName=VLV_DLY_DRIVER Pin=R110-1
Removed Pin From Net: NetName=VALVE_DRIVER1 Pin=R116-1
Removed Pin From Net: NetName=VALVE_DRIVER2 Pin=R122-1
Removed Pin From Net: NetName=VAVLE_DRIVER3 Pin=R128-1
Removed Pin From Net: NetName=VALVE_DRIVER4 Pin=R134-1
Removed Pin From Net: NetName=VALVE_DRIVER5 Pin=R140-1
Removed Pin From Net: NetName=VALVE_DRIVER6 Pin=R146-1
Removed Pin From Net: NetName=VALVE_DRIVER8 Pin=R158-1
Removed Pin From Net: NetName=LEVEL_DRV_OUT2 Pin=R170-1
Removed Pin From Net: NetName=NetR106_2 Pin=U21-1
Removed Pin From Net: NetName=GND Pin=U21-2
Removed Pin From Net: NetName=NetR112_2 Pin=U22-1
Removed Pin From Net: NetName=GND Pin=U22-2
Removed Pin From Net: NetName=NetR118_2 Pin=U23-1
Removed Pin From Net: NetName=GND Pin=U23-2
Removed Pin From Net: NetName=NetR124_2 Pin=U24-1
Removed Pin From Net: NetName=GND Pin=U24-2
Removed Pin From Net: NetName=NetR130_2 Pin=U25-1
Removed Pin From Net: NetName=GND Pin=U25-2
Removed Pin From Net: NetName=NetR136_2 Pin=U26-1
Removed Pin From Net: NetName=GND Pin=U26-2
Removed Pin From Net: NetName=NetR142_2 Pin=U27-1
Removed Pin From Net: NetName=GND Pin=U27-2
Removed Pin From Net: NetName=NetR148_2 Pin=U28-1
Removed Pin From Net: NetName=GND Pin=U28-2
Removed Pin From Net: NetName=NetR160_2 Pin=U30-1
Removed Pin From Net: NetName=GND Pin=U30-2
Removed Pin From Net: NetName=NetR172_2 Pin=U32-1
Removed Pin From Net: NetName=GND Pin=U32-2
Removed Member From Class: ClassName=drvoutput0 Member=Q9
Removed Member From Class: ClassName=drvoutput0 Member=Q11
Removed Member From Class: ClassName=drvoutput1 Member=Q13
Removed Member From Class: ClassName=drvoutput1 Member=Q15
Removed Member From Class: ClassName=drvoutput2 Member=Q17
Removed Member From Class: ClassName=drvoutput2 Member=Q19
Removed Member From Class: ClassName=drvoutput3 Member=Q21
Removed Member From Class: ClassName=drvoutput3 Member=Q23
Removed Member From Class: ClassName=drvoutput4 Member=Q27
Removed Member From Class: ClassName=drvoutput5 Member=Q31
Removed Member From Class: ClassName=drvoutput0 Member=R103
Removed Member From Class: ClassName=drvoutput0 Member=R104
Removed Member From Class: ClassName=drvoutput0 Member=R109
Removed Member From Class: ClassName=drvoutput0 Member=R110
Removed Member From Class: ClassName=drvoutput1 Member=R115
Removed Member From Class: ClassName=drvoutput1 Member=R116
Removed Member From Class: ClassName=drvoutput1 Member=R121
Removed Member From Class: ClassName=drvoutput1 Member=R122
Removed Member From Class: ClassName=drvoutput2 Member=R127
Removed Member From Class: ClassName=drvoutput2 Member=R128
Removed Member From Class: ClassName=drvoutput2 Member=R133
Removed Member From Class: ClassName=drvoutput2 Member=R134
Removed Member From Class: ClassName=drvoutput3 Member=R139
Removed Member From Class: ClassName=drvoutput3 Member=R140
Removed Member From Class: ClassName=drvoutput3 Member=R145
Removed Member From Class: ClassName=drvoutput3 Member=R146
Removed Member From Class: ClassName=drvoutput4 Member=R157
Removed Member From Class: ClassName=drvoutput4 Member=R158
Removed Member From Class: ClassName=drvoutput5 Member=R169
Removed Member From Class: ClassName=drvoutput5 Member=R170
Added Pin To Net: NetName=3.3V Pin=Q25-2
Added Pin To Net: NetName=3.3V Pin=Q29-2
Added Pin To Net: NetName=3.3V Pin=R26-2
Added Pin To Net: NetName=3.3V Pin=R37-2
Added Pin To Net: NetName=3.3V Pin=R50-2
Added Pin To Net: NetName=3.3V Pin=R58-2
Added Pin To Net: NetName=3.3V Pin=R69-2
Added Pin To Net: NetName=3.3V Pin=R82-2
Added Pin To Net: NetName=3.3V Pin=R93-2
Added Pin To Net: NetName=VLV_MAIN_DRIVER Pin=R106-1
Added Pin To Net: NetName=VLV_DLY_DRIVER Pin=R112-1
Added Pin To Net: NetName=VALVE_DRIVER1 Pin=R118-1
Added Pin To Net: NetName=VALVE_DRIVER2 Pin=R124-1
Added Pin To Net: NetName=VAVLE_DRIVER3 Pin=R130-1
Added Pin To Net: NetName=VALVE_DRIVER4 Pin=R136-1
Added Pin To Net: NetName=VALVE_DRIVER5 Pin=R142-1
Added Pin To Net: NetName=VALVE_DRIVER6 Pin=R148-1
Added Pin To Net: NetName=3.3V Pin=R151-1
Added Pin To Net: NetName=VALVE_DRIVER8 Pin=R160-1
Added Pin To Net: NetName=3.3V Pin=R163-1
Added Pin To Net: NetName=LEVEL_DRV_OUT2 Pin=R172-1
Added Pin To Net: NetName=3.3V Pin=U21-1
Added Pin To Net: NetName=NetR106_2 Pin=U21-2
Added Pin To Net: NetName=3.3V Pin=U22-1
Added Pin To Net: NetName=NetR112_2 Pin=U22-2
Added Pin To Net: NetName=3.3V Pin=U23-1
Added Pin To Net: NetName=NetR118_2 Pin=U23-2
Added Pin To Net: NetName=3.3V Pin=U24-1
Added Pin To Net: NetName=NetR124_2 Pin=U24-2
Added Pin To Net: NetName=3.3V Pin=U25-1
Added Pin To Net: NetName=NetR130_2 Pin=U25-2
Added Pin To Net: NetName=3.3V Pin=U26-1
Added Pin To Net: NetName=NetR136_2 Pin=U26-2
Added Pin To Net: NetName=3.3V Pin=U27-1
Added Pin To Net: NetName=NetR142_2 Pin=U27-2
Added Pin To Net: NetName=3.3V Pin=U28-1
Added Pin To Net: NetName=NetR148_2 Pin=U28-2
Added Pin To Net: NetName=3.3V Pin=U30-1
Added Pin To Net: NetName=NetR160_2 Pin=U30-2
Added Pin To Net: NetName=3.3V Pin=U32-1
Added Pin To Net: NetName=NetR172_2 Pin=U32-2
