Removed Pin From Net: NetName=VBAT_DRV Pin=P1-1
Removed Pin From Net: NetName=GND_DRV Pin=P1-2
Removed Pin From Net: NetName=5V_DRV Pin=P1-3
Removed Pin From Net: NetName=3.3V_DRV Pin=P1-4
Removed Pin From Net: NetName=SYS_MCO1_DRV Pin=P1-5
Removed Pin From Net: NetName=ETH_PHY_RST_DRV Pin=P1-6
Removed Pin From Net: NetName=ETH_REF_CLK_DRV Pin=P1-7
Removed Pin From Net: NetName=ETH_RMII_RXD1_DRV Pin=P1-8
Removed Pin From Net: NetName=ETH_RMII_RXD0_DRV Pin=P1-9
Removed Pin From Net: NetName=ETH_RMII_TX_EN_DRV Pin=P1-10
Removed Pin From Net: NetName=ETH_RMII_TXD0_DRV Pin=P1-11
Removed Pin From Net: NetName=ETH_RMII_TXD1_DRV Pin=P1-12
Removed Pin From Net: NetName=ETH_RMII_CRS_DV_DRV Pin=P1-13
Removed Pin From Net: NetName=ETH_PHY_MDIO_DRV Pin=P1-14
Removed Pin From Net: NetName=ETH_RMII_MDC_DRV Pin=P1-15
Removed Pin From Net: NetName=USART1_TX_DRV Pin=P1-16
Removed Pin From Net: NetName=USART1_RX_DRV Pin=P1-17
Removed Pin From Net: NetName=USART1_DTS_DRV Pin=P1-18
Removed Pin From Net: NetName=DP_CHECK_IN_DRV Pin=P1-19
Removed Pin From Net: NetName=TIM2_CH3_CAP_DRV Pin=P1-20
Added Pin To Net: NetName=GND_DRV Pin=P1-1
Added Pin To Net: NetName=5V_DRV Pin=P1-2
Added Pin To Net: NetName=3.3V_DRV Pin=P1-3
Added Pin To Net: NetName=SYS_MCO1_DRV Pin=P1-4
Added Pin To Net: NetName=ETH_PHY_RST_DRV Pin=P1-5
Added Pin To Net: NetName=ETH_REF_CLK_DRV Pin=P1-6
Added Pin To Net: NetName=ETH_RMII_RXD1_DRV Pin=P1-7
Added Pin To Net: NetName=ETH_RMII_RXD0_DRV Pin=P1-8
Added Pin To Net: NetName=ETH_RMII_TX_EN_DRV Pin=P1-9
Added Pin To Net: NetName=ETH_RMII_TXD0_DRV Pin=P1-10
Added Pin To Net: NetName=ETH_RMII_TXD1_DRV Pin=P1-11
Added Pin To Net: NetName=ETH_RMII_CRS_DV_DRV Pin=P1-12
Added Pin To Net: NetName=ETH_PHY_MDIO_DRV Pin=P1-13
Added Pin To Net: NetName=ETH_RMII_MDC_DRV Pin=P1-14
Added Pin To Net: NetName=USART1_TX_DRV Pin=P1-15
Added Pin To Net: NetName=USART1_RX_DRV Pin=P1-16
Added Pin To Net: NetName=USART1_DTS_DRV Pin=P1-17
Added Pin To Net: NetName=DP_CHECK_IN_DRV Pin=P1-18
Added Pin To Net: NetName=TIM2_CH3_CAP_DRV Pin=P1-19
Added Pin To Net: NetName=VBAT_DRV Pin=P1-20
