Removed Pin From Net: NetName=NetR12_1 Pin=U5-1
Removed Pin From Net: NetName=VREF Pin=U5-6
Removed Pin From Net: NetName=NetR11_2 Pin=U5-7
Removed Pin From Net: NetName=NetR23_2 Pin=U5-9
Removed Pin From Net: NetName=NetR24_1 Pin=U5-14
Removed Pin From Net: NetName=NetR13_1 Pin=U7-1
Removed Pin From Net: NetName=GNDA Pin=U7-2
Removed Pin From Net: NetName=NetR25_1 Pin=U7-5
Removed Pin From Net: NetName=NetR23_2 Pin=U7-12
Removed Pin From Net: NetName=GND Pin=U7-15
Removed Pin From Net: NetName=NetR11_2 Pin=U7-16
Added Pin To Net: NetName=NetR11_2 Pin=U5-9
Added Pin To Net: NetName=VREF Pin=U5-10
Added Pin To Net: NetName=NetR23_2 Pin=U5-11
Added Pin To Net: NetName=NetR24_1 Pin=U5-13
Added Pin To Net: NetName=NetR12_1 Pin=U5-14
Added Pin To Net: NetName=NetR13_1 Pin=U7-5
Added Pin To Net: NetName=NetR25_1 Pin=U7-7
Added Pin To Net: NetName=GNDA Pin=U7-8
Added Pin To Net: NetName=GND Pin=U7-9
Added Pin To Net: NetName=NetR23_2 Pin=U7-10
Added Pin To Net: NetName=NetR11_2 Pin=U7-12
