Removed Pin From Net: NetName=VALVE_DRIVER8_ON Pin=P8-1
Removed Pin From Net: NetName=VALVE_DRIVER7_ON Pin=P8-2
Removed Pin From Net: NetName=VALVE_DRIVER6_ON Pin=P8-3
Removed Pin From Net: NetName=VALVE_DRIVER5_ON Pin=P8-4
Removed Pin From Net: NetName=VALVE_DRIVER4_ON Pin=P8-5
Removed Pin From Net: NetName=VAVLE_DRIVER3_ON Pin=P8-6
Removed Pin From Net: NetName=VALVE_DRIVER2_ON Pin=P8-7
Removed Pin From Net: NetName=VALVE_DRIVER1_ON Pin=P8-8
Removed Pin From Net: NetName=VLV_DLY_DRIVER_ON Pin=P8-9
Removed Pin From Net: NetName=VLV_MAIN_DRIVER_ON Pin=P8-10
Removed Pin From Net: NetName=VALVE_DRIVER_L Pin=P8-11
Removed Pin From Net: NetName=VALVE_DRIVER_N Pin=P8-12
Change Component DesignItemId : Designator=P8 Old DesignItemId=Header 12 New DesignItemId=Header 14
Change Component Footprint: Designator=P8 Old Footprint=DG142R-5.08-12 New Footprint=DG142R-5.08-14
Change Component Footprint: Designator=D29 Old Footprint=DO-VD3.5 New Footprint=SMB
Change Component Footprint: Designator=D31 Old Footprint=DO-VD3.5 New Footprint=SMB
Change Component Footprint: Designator=D35 Old Footprint=DO-VD3.5 New Footprint=SMB
Change Component Footprint: Designator=D37 Old Footprint=DO-VD3.5 New Footprint=SMB
Change Component Footprint: Designator=D39 Old Footprint=DO-VD3.5 New Footprint=SMB
Change Component Footprint: Designator=D41 Old Footprint=DO-VD3.5 New Footprint=SMB
Change Component Footprint: Designator=D43 Old Footprint=DO-VD3.5 New Footprint=SMB
Change Component Footprint: Designator=D45 Old Footprint=DO-VD3.5 New Footprint=SMB
Change Component Footprint: Designator=D47 Old Footprint=DO-VD3.5 New Footprint=SMB
Change Component Footprint: Designator=R110 Old Footprint=RES-VD2.5 New Footprint=RESC3216M
Change Component Footprint: Designator=R116 Old Footprint=RES-VD2.5 New Footprint=RESC3216M
Change Component Footprint: Designator=R128 Old Footprint=RES-VD2.5 New Footprint=RESC3216M
Change Component Footprint: Designator=R134 Old Footprint=RES-VD2.5 New Footprint=RESC3216M
Change Component Footprint: Designator=R140 Old Footprint=RES-VD2.5 New Footprint=RESC3216M
Change Component Footprint: Designator=R146 Old Footprint=RES-VD2.5 New Footprint=RESC3216M
Change Component Footprint: Designator=R152 Old Footprint=RES-VD2.5 New Footprint=RESC3216M
Change Component Footprint: Designator=R158 Old Footprint=RES-VD2.5 New Footprint=RESC3216M
Change Component Footprint: Designator=R164 Old Footprint=RES-VD2.5 New Footprint=RESC3216M
Change Component Comment : Designator=P8 Old Comment=Header 12 New Comment=Header 14
Change Component Comment : Designator=D29 Old Comment=P6KE440CA New Comment=SMBJ440CA
Change Component Comment : Designator=D31 Old Comment=P6KE440CA New Comment=SMBJ440CA
Change Component Comment : Designator=D35 Old Comment=P6KE440CA New Comment=SMBJ440CA
Change Component Comment : Designator=D37 Old Comment=P6KE440CA New Comment=SMBJ440CA
Change Component Comment : Designator=D39 Old Comment=P6KE440CA New Comment=SMBJ440CA
Change Component Comment : Designator=D41 Old Comment=P6KE440CA New Comment=SMBJ440CA
Change Component Comment : Designator=D45 Old Comment=P6KE440CA New Comment=SMBJ440CA
Change Component Comment : Designator=D47 Old Comment=P6KE440CA New Comment=SMBJ440CA
Change Component Comment : Designator=D43 Old Comment=P6KE440CA New Comment=SMJ440CA
Added Component: Designator=C108(CAPC2012M)
Added Component: Designator=C109(CAPC2012M)
Added Component: Designator=D53(SMB)
Added Component: Designator=D54(CD3216-1206)
Added Component: Designator=D55(SMB)
Added Component: Designator=D56(CD3216-1206)
Added Component: Designator=K11(JZC-32F-HS3)
Added Component: Designator=K12(JZC-32F-HS3)
Added Component: Designator=LR16(INDC2012M)
Added Component: Designator=LR17(INDC2012M)
Added Component: Designator=Q49(SOT-23_N)
Added Component: Designator=Q50(SOT-23_N)
Added Component: Designator=Q51(SOT-23_N)
Added Component: Designator=Q52(SOT-23_N)
Added Component: Designator=R186(RESC2012M)
Added Component: Designator=R187(RESC2012M)
Added Component: Designator=R188(RESC2012M)
Added Component: Designator=R189(RESC2012M)
Added Component: Designator=R190(RESC2012M)
Added Component: Designator=R191(RESC3216M)
Added Component: Designator=R192(RESC2012M)
Added Component: Designator=R193(RESC2012M)
Added Component: Designator=R194(RESC2012M)
Added Component: Designator=R195(RESC2012M)
Added Component: Designator=R196(RESC2012M)
Added Component: Designator=R197(RESC3216M)
Added Component: Designator=U34(SO-4LA)
Added Component: Designator=U35(SO-4LA)
Added Pin To Net: NetName=GNDA_DRV Pin=C108-1
Added Pin To Net: NetName=GNDA_DRV Pin=C109-1
Added Pin To Net: NetName=VALVE_DRIVER_L Pin=D53-2
Added Pin To Net: NetName=GNDA_DRV Pin=D54-1
Added Pin To Net: NetName=VALVE_DRIVER_L Pin=D55-2
Added Pin To Net: NetName=GNDA_DRV Pin=D56-1
Added Pin To Net: NetName=VALVE_DRIVER_L Pin=K11-2
Added Pin To Net: NetName=GNDA_DRV Pin=K11-5
Added Pin To Net: NetName=VALVE_DRIVER_L Pin=K12-2
Added Pin To Net: NetName=GNDA_DRV Pin=K12-5
Added Pin To Net: NetName=VALVE_DRIVER8_ON Pin=P8-3
Added Pin To Net: NetName=VALVE_DRIVER7_ON Pin=P8-4
Added Pin To Net: NetName=VALVE_DRIVER6_ON Pin=P8-5
Added Pin To Net: NetName=VALVE_DRIVER5_ON Pin=P8-6
Added Pin To Net: NetName=VALVE_DRIVER4_ON Pin=P8-7
Added Pin To Net: NetName=VAVLE_DRIVER3_ON Pin=P8-8
Added Pin To Net: NetName=VALVE_DRIVER2_ON Pin=P8-9
Added Pin To Net: NetName=VALVE_DRIVER1_ON Pin=P8-10
Added Pin To Net: NetName=VLV_DLY_DRIVER_ON Pin=P8-11
Added Pin To Net: NetName=VLV_MAIN_DRIVER_ON Pin=P8-12
Added Pin To Net: NetName=VALVE_DRIVER_L Pin=P8-13
Added Pin To Net: NetName=VALVE_DRIVER_N Pin=P8-14
Added Pin To Net: NetName=5V_DRV Pin=Q49-2
Added Pin To Net: NetName=24V_DRV Pin=Q50-2
Added Pin To Net: NetName=5V_DRV Pin=Q51-2
Added Pin To Net: NetName=24V_DRV Pin=Q52-2
Added Pin To Net: NetName=24V_DRV Pin=R186-2
Added Pin To Net: NetName=5V_DRV Pin=R187-1
Added Pin To Net: NetName=VALVE_DRIVER7_DRV Pin=R188-1
Added Pin To Net: NetName=24V_DRV Pin=R192-2
Added Pin To Net: NetName=5V_DRV Pin=R193-1
Added Pin To Net: NetName=VALVE_DRIVER8_DRV Pin=R194-1
Added Pin To Net: NetName=GND_DRV Pin=U34-2
Added Pin To Net: NetName=GNDA_DRV Pin=U34-3
Added Pin To Net: NetName=GND_DRV Pin=U35-2
Added Pin To Net: NetName=GNDA_DRV Pin=U35-3
Added Pin To Net: NetName=NetC108_2 Pin=C108-2
Added Pin To Net: NetName=NetC108_2 Pin=D54-2
Added Pin To Net: NetName=NetC108_2 Pin=K11-1
Added Pin To Net: NetName=NetC108_2 Pin=Q50-3
Added Net: Name=NetC108_2
Added Pin To Net: NetName=NetC109_2 Pin=C109-2
Added Pin To Net: NetName=NetC109_2 Pin=D56-2
Added Pin To Net: NetName=NetC109_2 Pin=K12-1
Added Pin To Net: NetName=NetC109_2 Pin=Q52-3
Added Net: Name=NetC109_2
Added Pin To Net: NetName=NetD53_1 Pin=D53-1
Added Pin To Net: NetName=NetD53_1 Pin=R191-2
Added Net: Name=NetD53_1
Added Pin To Net: NetName=NetD55_1 Pin=D55-1
Added Pin To Net: NetName=NetD55_1 Pin=R197-2
Added Net: Name=NetD55_1
Added Pin To Net: NetName=NetLR16_2 Pin=LR16-2
Added Pin To Net: NetName=NetLR16_2 Pin=R191-1
Added Net: Name=NetLR16_2
Added Pin To Net: NetName=NetLR17_2 Pin=LR17-2
Added Pin To Net: NetName=NetLR17_2 Pin=R197-1
Added Net: Name=NetLR17_2
Added Pin To Net: NetName=NetQ49_1 Pin=Q49-1
Added Pin To Net: NetName=NetQ49_1 Pin=R187-2
Added Pin To Net: NetName=NetQ49_1 Pin=R188-2
Added Net: Name=NetQ49_1
Added Pin To Net: NetName=NetQ49_3 Pin=Q49-3
Added Pin To Net: NetName=NetQ49_3 Pin=R190-1
Added Net: Name=NetQ49_3
Added Pin To Net: NetName=NetQ50_1 Pin=Q50-1
Added Pin To Net: NetName=NetQ50_1 Pin=R189-2
Added Net: Name=NetQ50_1
Added Pin To Net: NetName=NetQ51_1 Pin=Q51-1
Added Pin To Net: NetName=NetQ51_1 Pin=R193-2
Added Pin To Net: NetName=NetQ51_1 Pin=R194-2
Added Net: Name=NetQ51_1
Added Pin To Net: NetName=NetQ51_3 Pin=Q51-3
Added Pin To Net: NetName=NetQ51_3 Pin=R196-1
Added Net: Name=NetQ51_3
Added Pin To Net: NetName=NetQ52_1 Pin=Q52-1
Added Pin To Net: NetName=NetQ52_1 Pin=R195-2
Added Net: Name=NetQ52_1
Added Pin To Net: NetName=NetR186_1 Pin=R186-1
Added Pin To Net: NetName=NetR186_1 Pin=R189-1
Added Pin To Net: NetName=NetR186_1 Pin=U34-4
Added Net: Name=NetR186_1
Added Pin To Net: NetName=NetR190_2 Pin=R190-2
Added Pin To Net: NetName=NetR190_2 Pin=U34-1
Added Net: Name=NetR190_2
Added Pin To Net: NetName=NetR192_1 Pin=R192-1
Added Pin To Net: NetName=NetR192_1 Pin=R195-1
Added Pin To Net: NetName=NetR192_1 Pin=U35-4
Added Net: Name=NetR192_1
Added Pin To Net: NetName=NetR196_2 Pin=R196-2
Added Pin To Net: NetName=NetR196_2 Pin=U35-1
Added Net: Name=NetR196_2
Added Pin To Net: NetName=VALVE_DRV_OUT1_ON Pin=K12-3
Added Pin To Net: NetName=VALVE_DRV_OUT1_ON Pin=LR17-1
Added Pin To Net: NetName=VALVE_DRV_OUT1_ON Pin=P8-2
Added Net: Name=VALVE_DRV_OUT1_ON
Added Pin To Net: NetName=VALVE_DRV_OUT2_ON Pin=K11-3
Added Pin To Net: NetName=VALVE_DRV_OUT2_ON Pin=LR16-1
Added Pin To Net: NetName=VALVE_DRV_OUT2_ON Pin=P8-1
Added Net: Name=VALVE_DRV_OUT2_ON
Added Class: Name=drvoutput5
Added Room: Name=cpuledout
Added Room: Name=drvoutput5
