Removed Pin From Net: NetName=GNDA Pin=C24-1
Removed Pin From Net: NetName=NetC24_2 Pin=C24-2
Removed Pin From Net: NetName=GNDA Pin=C25-1
Removed Pin From Net: NetName=NetC25_2 Pin=C25-2
Removed Pin From Net: NetName=GNDA Pin=C26-1
Removed Pin From Net: NetName=NetC26_2 Pin=C26-2
Removed Pin From Net: NetName=GNDA Pin=C27-1
Removed Pin From Net: NetName=NetC27_2 Pin=C27-2
Removed Pin From Net: NetName=GNDA Pin=C28-1
Removed Pin From Net: NetName=NetC28_2 Pin=C28-2
Removed Pin From Net: NetName=GNDA Pin=C29-1
Removed Pin From Net: NetName=NetC29_2 Pin=C29-2
Removed Pin From Net: NetName=GNDA Pin=C30-1
Removed Pin From Net: NetName=NetC30_2 Pin=C30-2
Removed Pin From Net: NetName=GNDA Pin=C31-1
Removed Pin From Net: NetName=NetC31_2 Pin=C31-2
Removed Pin From Net: NetName=GNDA Pin=C32-1
Removed Pin From Net: NetName=NetC32_2 Pin=C32-2
Removed Pin From Net: NetName=GNDA Pin=C33-1
Removed Pin From Net: NetName=NetC33_2 Pin=C33-2
Removed Pin From Net: NetName=GNDA Pin=C34-1
Removed Pin From Net: NetName=NetC34_2 Pin=C34-2
Removed Pin From Net: NetName=GNDA Pin=C35-1
Removed Pin From Net: NetName=NetC35_2 Pin=C35-2
Removed Pin From Net: NetName=NetR132_1 Pin=R135-1
Removed Member From Class: ClassName=drvoutput0 Member=C24
Removed Member From Class: ClassName=drvoutput0 Member=C25
Removed Member From Class: ClassName=drvoutput1 Member=C26
Removed Member From Class: ClassName=drvoutput1 Member=C27
Removed Member From Class: ClassName=drvoutput2 Member=C28
Removed Member From Class: ClassName=drvoutput2 Member=C29
Removed Member From Class: ClassName=drvoutput3 Member=C30
Removed Member From Class: ClassName=drvoutput3 Member=C31
Removed Member From Class: ClassName=drvoutput4 Member=C32
Removed Member From Class: ClassName=drvoutput4 Member=C33
Removed Member From Class: ClassName=drvoutput5 Member=C34
Removed Member From Class: ClassName=drvoutput5 Member=C35
Change Net Name : Old Net Name=NetC24_2 New Net Name=NetD10_2
Change Net Name : Old Net Name=NetC25_2 New Net Name=NetD12_2
Change Net Name : Old Net Name=NetC26_2 New Net Name=NetD14_2
Change Net Name : Old Net Name=NetC27_2 New Net Name=NetD16_2
Change Net Name : Old Net Name=NetC28_2 New Net Name=NetD18_2
Change Net Name : Old Net Name=NetC29_2 New Net Name=NetD20_2
Change Net Name : Old Net Name=NetC30_2 New Net Name=NetD22_2
Change Net Name : Old Net Name=NetC31_2 New Net Name=NetD24_2
Change Net Name : Old Net Name=NetC32_2 New Net Name=NetD26_2
Change Net Name : Old Net Name=NetC33_2 New Net Name=NetD28_2
Change Net Name : Old Net Name=NetC34_2 New Net Name=NetD30_2
Change Net Name : Old Net Name=NetC35_2 New Net Name=NetD32_2
