Removed Pin From Net: NetName=GND Pin=P2-1
Removed Pin From Net: NetName=5V Pin=P2-2
Removed Pin From Net: NetName=VMAIN_DRIVER Pin=P2-3
Removed Pin From Net: NetName=VDLY_DRIVER Pin=P2-4
Removed Pin From Net: NetName=VDRIVER_OUT1 Pin=P2-5
Removed Pin From Net: NetName=VDRIVER_OUT2 Pin=P2-6
Removed Pin From Net: NetName=VDRIVER_OUT3 Pin=P2-7
Removed Pin From Net: NetName=VDRIVER_OUT4 Pin=P2-8
Removed Pin From Net: NetName=VDRIVER_OUT5 Pin=P2-9
Removed Pin From Net: NetName=VDRIVER_OUT6 Pin=P2-10
Removed Pin From Net: NetName=VDRIVER_OUT7 Pin=P2-11
Removed Pin From Net: NetName=24V Pin=P2-12
Removed Pin From Net: NetName=VDRIVER_OUT8 Pin=P2-13
Removed Pin From Net: NetName=GNDA Pin=P2-14
Removed Pin From Net: NetName=DETECT_IN12 Pin=P2-17
Removed Pin From Net: NetName=DETECT_IN11 Pin=P2-18
Removed Pin From Net: NetName=DETECT_IN10 Pin=P2-19
Removed Pin From Net: NetName=DETECT_IN9 Pin=P2-20
Removed Pin From Net: NetName=DETECT_IN8 Pin=P2-21
Removed Pin From Net: NetName=DETECT_IN7 Pin=P2-22
Removed Pin From Net: NetName=DETECT_IN6 Pin=P2-23
Removed Pin From Net: NetName=DETECT_IN5 Pin=P2-24
Removed Pin From Net: NetName=DETECT_IN4 Pin=P2-25
Removed Pin From Net: NetName=DETECT_IN3 Pin=P2-26
Removed Pin From Net: NetName=DETECT_IN2 Pin=P2-27
Removed Pin From Net: NetName=DETECT_IN1 Pin=P2-28
Removed Pin From Net: NetName=DP_TIM_CAP_IN Pin=P2-29
Removed Pin From Net: NetName=RMT_STARTUP_IN Pin=P2-30
Removed Member From Class: ClassName=drvinput6 Member=R40
Removed Member From Class: ClassName=drvinput3 Member=R47
Removed Member From Class: ClassName=drvinput4 Member=R51
Added Pin To Net: NetName=DP_TIM_CAP_IN Pin=P2-1
Added Pin To Net: NetName=RMT_STARTUP_IN Pin=P2-2
Added Pin To Net: NetName=DETECT_IN2 Pin=P2-3
Added Pin To Net: NetName=DETECT_IN1 Pin=P2-4
Added Pin To Net: NetName=DETECT_IN4 Pin=P2-5
Added Pin To Net: NetName=DETECT_IN3 Pin=P2-6
Added Pin To Net: NetName=DETECT_IN6 Pin=P2-7
Added Pin To Net: NetName=DETECT_IN5 Pin=P2-8
Added Pin To Net: NetName=DETECT_IN8 Pin=P2-9
Added Pin To Net: NetName=DETECT_IN7 Pin=P2-10
Added Pin To Net: NetName=DETECT_IN10 Pin=P2-11
Added Pin To Net: NetName=DETECT_IN9 Pin=P2-12
Added Pin To Net: NetName=DETECT_IN12 Pin=P2-13
Added Pin To Net: NetName=DETECT_IN11 Pin=P2-14
Added Pin To Net: NetName=VDRIVER_OUT8 Pin=P2-17
Added Pin To Net: NetName=GNDA Pin=P2-18
Added Pin To Net: NetName=VDRIVER_OUT7 Pin=P2-19
Added Pin To Net: NetName=24V Pin=P2-20
Added Pin To Net: NetName=VDRIVER_OUT5 Pin=P2-21
Added Pin To Net: NetName=VDRIVER_OUT6 Pin=P2-22
Added Pin To Net: NetName=VDRIVER_OUT3 Pin=P2-23
Added Pin To Net: NetName=VDRIVER_OUT4 Pin=P2-24
Added Pin To Net: NetName=VDRIVER_OUT1 Pin=P2-25
Added Pin To Net: NetName=VDRIVER_OUT2 Pin=P2-26
Added Pin To Net: NetName=VMAIN_DRIVER Pin=P2-27
Added Pin To Net: NetName=VDLY_DRIVER Pin=P2-28
Added Pin To Net: NetName=GND Pin=P2-29
Added Pin To Net: NetName=5V Pin=P2-30
Added Member To Class: ClassName=drvinput2 Member=Component R40 5.6K
Added Member To Class: ClassName=drvinput3 Member=Component R48 1K
Added Member To Class: ClassName=drvinput3 Member=Component R49 4.7K
Added Member To Class: ClassName=drvinput3 Member=Component R50 5.6K
Added Member To Class: ClassName=drvinput3 Member=Component R51 300R
Added Member To Class: ClassName=drvinput4 Member=Component R70 1K
Added Member To Class: ClassName=drvinput4 Member=Component R72 5.6K
Added Member To Class: ClassName=drvinput4 Member=Component R73 300R
Added Member To Class: ClassName=drvinput4 Member=Component R75 1K
Added Member To Class: ClassName=drvinput4 Member=Component R77 5.6K
Added Member To Class: ClassName=drvinput4 Member=Component R78 300R
Added Member To Class: ClassName=drvinput5 Member=Component R80 1K
Added Member To Class: ClassName=drvinput5 Member=Component R81 4.7K
Added Member To Class: ClassName=drvinput5 Member=Component R82 5.6K
Added Member To Class: ClassName=drvinput5 Member=Component R83 300R
Added Member To Class: ClassName=drvinput5 Member=Component R84 1K
Added Member To Class: ClassName=drvinput5 Member=Component R87 5.6K
Added Member To Class: ClassName=drvinput5 Member=Component R89 1K
Added Member To Class: ClassName=drvinput6 Member=Component R91 4.7K
Added Member To Class: ClassName=drvinput6 Member=Component R92 5.6K
Added Member To Class: ClassName=drvinput6 Member=Component R95 1K
