Removed Pin From Net: NetName=RMT_STARTUP_IN Pin=P2-1
Removed Pin From Net: NetName=DP_TIM_CAP_IN Pin=P2-2
Removed Pin From Net: NetName=DETECT_IN1 Pin=P2-3
Removed Pin From Net: NetName=DETECT_IN2 Pin=P2-4
Removed Pin From Net: NetName=DETECT_IN3 Pin=P2-5
Removed Pin From Net: NetName=DETECT_IN4 Pin=P2-6
Removed Pin From Net: NetName=DETECT_IN5 Pin=P2-7
Removed Pin From Net: NetName=DETECT_IN6 Pin=P2-8
Removed Pin From Net: NetName=DETECT_IN7 Pin=P2-9
Removed Pin From Net: NetName=DETECT_IN8 Pin=P2-10
Removed Pin From Net: NetName=DETECT_IN9 Pin=P2-11
Removed Pin From Net: NetName=DETECT_IN10 Pin=P2-12
Removed Pin From Net: NetName=DETECT_IN11 Pin=P2-13
Removed Pin From Net: NetName=DETECT_IN12 Pin=P2-14
Removed Pin From Net: NetName=GNDA Pin=P2-17
Removed Pin From Net: NetName=VDRIVER_OUT8 Pin=P2-18
Removed Pin From Net: NetName=24V Pin=P2-19
Removed Pin From Net: NetName=VDRIVER_OUT7 Pin=P2-20
Removed Pin From Net: NetName=VDRIVER_OUT6 Pin=P2-21
Removed Pin From Net: NetName=VDRIVER_OUT5 Pin=P2-22
Removed Pin From Net: NetName=VDRIVER_OUT4 Pin=P2-23
Removed Pin From Net: NetName=VDRIVER_OUT3 Pin=P2-24
Removed Pin From Net: NetName=VDRIVER_OUT2 Pin=P2-25
Removed Pin From Net: NetName=VDRIVER_OUT1 Pin=P2-26
Removed Pin From Net: NetName=VDLY_DRIVER Pin=P2-27
Removed Pin From Net: NetName=VMAIN_DRIVER Pin=P2-28
Removed Pin From Net: NetName=5V Pin=P2-29
Removed Pin From Net: NetName=GND Pin=P2-30
Removed Pin From Net: NetName=NetR40_1 Pin=R40-1
Removed Pin From Net: NetName=DETECT_PORT3 Pin=R40-2
Removed Pin From Net: NetName=GNDA Pin=R42-1
Removed Pin From Net: NetName=NetR40_1 Pin=R42-2
Removed Pin From Net: NetName=3.3V Pin=R48-1
Removed Pin From Net: NetName=NetR48_2 Pin=R48-2
Removed Pin From Net: NetName=NetR49_1 Pin=R49-1
Removed Pin From Net: NetName=3.3V Pin=R49-2
Removed Pin From Net: NetName=NetR50_1 Pin=R50-1
Removed Pin From Net: NetName=DETECT_PORT5 Pin=R50-2
Removed Pin From Net: NetName=DETECT_IN5 Pin=R51-1
Removed Pin From Net: NetName=NetR49_1 Pin=R51-2
Removed Pin From Net: NetName=GNDA Pin=R52-1
Removed Pin From Net: NetName=NetR50_1 Pin=R52-2
Removed Pin From Net: NetName=NetR70_2 Pin=R70-2
Removed Pin From Net: NetName=NetR72_1 Pin=R72-1
Removed Pin From Net: NetName=DETECT_PORT7 Pin=R72-2
Removed Pin From Net: NetName=DETECT_IN7 Pin=R73-1
Removed Pin From Net: NetName=NetR71_1 Pin=R73-2
Removed Pin From Net: NetName=3.3V Pin=R75-1
Removed Pin From Net: NetName=NetR75_2 Pin=R75-2
Removed Pin From Net: NetName=NetR77_1 Pin=R77-1
Removed Pin From Net: NetName=DETECT_PORT8 Pin=R77-2
Removed Pin From Net: NetName=NetR76_1 Pin=R78-1
Removed Pin From Net: NetName=DETECT_IN8 Pin=R78-2
Removed Pin From Net: NetName=3.3V Pin=R80-1
Removed Pin From Net: NetName=NetR80_2 Pin=R80-2
Removed Pin From Net: NetName=NetR81_1 Pin=R81-1
Removed Pin From Net: NetName=3.3V Pin=R81-2
Removed Pin From Net: NetName=NetR82_1 Pin=R82-1
Removed Pin From Net: NetName=DETECT_PORT9 Pin=R82-2
Removed Pin From Net: NetName=DETECT_IN9 Pin=R83-1
Removed Pin From Net: NetName=NetR81_1 Pin=R83-2
Removed Pin From Net: NetName=GNDA Pin=R84-1
Removed Pin From Net: NetName=NetR82_1 Pin=R84-2
Removed Pin From Net: NetName=NetR87_1 Pin=R87-1
Removed Pin From Net: NetName=DETECT_PORT10 Pin=R87-2
Removed Pin From Net: NetName=GNDA Pin=R89-1
Removed Pin From Net: NetName=NetR87_1 Pin=R89-2
Removed Pin From Net: NetName=NetR91_1 Pin=R91-1
Removed Pin From Net: NetName=3.3V Pin=R91-2
Removed Pin From Net: NetName=NetR92_1 Pin=R92-1
Removed Pin From Net: NetName=DETECT_PORT11 Pin=R92-2
Removed Pin From Net: NetName=3.3V Pin=R95-1
Removed Pin From Net: NetName=NetR95_2 Pin=R95-2
Removed Pin From Net: NetName=VREF Pin=U5-10
Removed Pin From Net: NetName=NetR23_2 Pin=U5-11
Removed Pin From Net: NetName=NetR24_1 Pin=U5-13
Removed Pin From Net: NetName=NetR30_1 Pin=U7-5
Removed Pin From Net: NetName=GNDA Pin=U7-6
Removed Pin From Net: NetName=NetR35_1 Pin=U7-7
Removed Pin From Net: NetName=GNDA Pin=U7-8
Removed Pin From Net: NetName=NetR33_2 Pin=U7-10
Removed Pin From Net: NetName=GND Pin=U7-11
Removed Pin From Net: NetName=NetR28_2 Pin=U7-12
Removed Pin From Net: NetName=NetR40_1 Pin=U9-1
Removed Pin From Net: NetName=NetR45_1 Pin=U9-3
Removed Pin From Net: NetName=NetR50_1 Pin=U9-5
Removed Pin From Net: NetName=NetR55_1 Pin=U9-7
Removed Pin From Net: NetName=NetR53_2 Pin=U9-10
Removed Pin From Net: NetName=NetR48_2 Pin=U9-12
Removed Pin From Net: NetName=NetR43_2 Pin=U9-14
Removed Pin From Net: NetName=NetR38_2 Pin=U9-16
Removed Pin From Net: NetName=NetR72_1 Pin=U11-1
Removed Pin From Net: NetName=NetR77_1 Pin=U11-3
Removed Pin From Net: NetName=NetR82_1 Pin=U11-5
Removed Pin From Net: NetName=NetR87_1 Pin=U11-7
Removed Pin From Net: NetName=NetR85_2 Pin=U11-10
Removed Pin From Net: NetName=NetR80_2 Pin=U11-12
Removed Pin From Net: NetName=NetR75_2 Pin=U11-14
Removed Pin From Net: NetName=NetR70_2 Pin=U11-16
Removed Pin From Net: NetName=NetR92_1 Pin=U13-1
Removed Pin From Net: NetName=NetR97_1 Pin=U13-3
Removed Pin From Net: NetName=NetR95_2 Pin=U13-14
Removed Pin From Net: NetName=NetR90_2 Pin=U13-16
Removed Member From Class: ClassName=drvinput1 Member=R26
Removed Member From Class: ClassName=drvinput1 Member=R27
Removed Member From Class: ClassName=drvinput1 Member=R41
Removed Member From Class: ClassName=drvinput2 Member=U9
Removed Member From Class: ClassName=drvinput4 Member=U11
Removed Member From Class: ClassName=drvinput6 Member=U13
Change Component Comment : Designator=R40 Old Comment=5.6K New Comment=1K
Change Component Comment : Designator=R50 Old Comment=5.6K New Comment=1K
Change Component Comment : Designator=R51 Old Comment=300R New Comment=1K
Change Component Designator: OldDesignator=R40 NewDesignator=R42
Change Component Designator: OldDesignator=R50 NewDesignator=R52
Change Component Designator: OldDesignator=R51 NewDesignator=R75
Change Component Designator: OldDesignator=R70 NewDesignator=R48
Change Component Designator: OldDesignator=R72 NewDesignator=R50
Change Component Designator: OldDesignator=R73 NewDesignator=R51
Change Component Designator: OldDesignator=R92 NewDesignator=R40
Added Component: Designator=R12(RESC2012M)
Added Component: Designator=R49(RESC2012M)
Added Component: Designator=R70(RESC2012M)
Added Component: Designator=R72(RESC2012M)
Added Component: Designator=R73(RESC2012M)
Added Component: Designator=R77(RESC2012M)
Added Component: Designator=R78(RESC2012M)
Added Component: Designator=R80(RESC2012M)
Added Component: Designator=R81(RESC2012M)
Added Component: Designator=R82(RESC2012M)
Added Component: Designator=R83(RESC2012M)
Added Component: Designator=R84(RESC2012M)
Added Component: Designator=R87(RESC2012M)
Added Component: Designator=R89(RESC2012M)
Added Component: Designator=R91(RESC2012M)
Added Component: Designator=R92(RESC2012M)
Added Component: Designator=R95(RESC2012M)
Added Pin To Net: NetName=GND Pin=P2-1
Added Pin To Net: NetName=5V Pin=P2-2
Added Pin To Net: NetName=VMAIN_DRIVER Pin=P2-3
Added Pin To Net: NetName=VDLY_DRIVER Pin=P2-4
Added Pin To Net: NetName=VDRIVER_OUT1 Pin=P2-5
Added Pin To Net: NetName=VDRIVER_OUT2 Pin=P2-6
Added Pin To Net: NetName=VDRIVER_OUT3 Pin=P2-7
Added Pin To Net: NetName=VDRIVER_OUT4 Pin=P2-8
Added Pin To Net: NetName=VDRIVER_OUT5 Pin=P2-9
Added Pin To Net: NetName=VDRIVER_OUT6 Pin=P2-10
Added Pin To Net: NetName=VDRIVER_OUT7 Pin=P2-11
Added Pin To Net: NetName=24V Pin=P2-12
Added Pin To Net: NetName=VDRIVER_OUT8 Pin=P2-13
Added Pin To Net: NetName=GNDA Pin=P2-14
Added Pin To Net: NetName=DETECT_IN12 Pin=P2-17
Added Pin To Net: NetName=DETECT_IN11 Pin=P2-18
Added Pin To Net: NetName=DETECT_IN10 Pin=P2-19
Added Pin To Net: NetName=DETECT_IN9 Pin=P2-20
Added Pin To Net: NetName=DETECT_IN8 Pin=P2-21
Added Pin To Net: NetName=DETECT_IN7 Pin=P2-22
Added Pin To Net: NetName=DETECT_IN6 Pin=P2-23
Added Pin To Net: NetName=DETECT_IN5 Pin=P2-24
Added Pin To Net: NetName=DETECT_IN4 Pin=P2-25
Added Pin To Net: NetName=DETECT_IN3 Pin=P2-26
Added Pin To Net: NetName=DETECT_IN2 Pin=P2-27
Added Pin To Net: NetName=DETECT_IN1 Pin=P2-28
Added Pin To Net: NetName=DP_TIM_CAP_IN Pin=P2-29
Added Pin To Net: NetName=RMT_STARTUP_IN Pin=P2-30
Added Pin To Net: NetName=NetR12_1 Pin=R12-1
Added Pin To Net: NetName=3.3V Pin=R12-2
Added Pin To Net: NetName=NetR40_1 Pin=R40-1
Added Pin To Net: NetName=DETECT_PORT3 Pin=R40-2
Added Pin To Net: NetName=GNDA Pin=R42-1
Added Pin To Net: NetName=NetR40_1 Pin=R42-2
Added Pin To Net: NetName=NetR48_2 Pin=R48-2
Added Pin To Net: NetName=NetR49_1 Pin=R49-1
Added Pin To Net: NetName=3.3V Pin=R49-2
Added Pin To Net: NetName=NetR50_1 Pin=R50-1
Added Pin To Net: NetName=DETECT_PORT5 Pin=R50-2
Added Pin To Net: NetName=DETECT_IN5 Pin=R51-1
Added Pin To Net: NetName=NetR49_1 Pin=R51-2
Added Pin To Net: NetName=GNDA Pin=R52-1
Added Pin To Net: NetName=NetR50_1 Pin=R52-2
Added Pin To Net: NetName=3.3V Pin=R70-1
Added Pin To Net: NetName=NetR70_2 Pin=R70-2
Added Pin To Net: NetName=NetR72_1 Pin=R72-1
Added Pin To Net: NetName=DETECT_PORT7 Pin=R72-2
Added Pin To Net: NetName=DETECT_IN7 Pin=R73-1
Added Pin To Net: NetName=NetR71_1 Pin=R73-2
Added Pin To Net: NetName=3.3V Pin=R75-1
Added Pin To Net: NetName=NetR75_2 Pin=R75-2
Added Pin To Net: NetName=NetR77_1 Pin=R77-1
Added Pin To Net: NetName=DETECT_PORT8 Pin=R77-2
Added Pin To Net: NetName=NetR76_1 Pin=R78-1
Added Pin To Net: NetName=DETECT_IN8 Pin=R78-2
Added Pin To Net: NetName=3.3V Pin=R80-1
Added Pin To Net: NetName=NetR80_2 Pin=R80-2
Added Pin To Net: NetName=NetR81_1 Pin=R81-1
Added Pin To Net: NetName=3.3V Pin=R81-2
Added Pin To Net: NetName=NetR82_1 Pin=R82-1
Added Pin To Net: NetName=DETECT_PORT9 Pin=R82-2
Added Pin To Net: NetName=DETECT_IN9 Pin=R83-1
Added Pin To Net: NetName=NetR81_1 Pin=R83-2
Added Pin To Net: NetName=GNDA Pin=R84-1
Added Pin To Net: NetName=NetR82_1 Pin=R84-2
Added Pin To Net: NetName=NetR87_1 Pin=R87-1
Added Pin To Net: NetName=DETECT_PORT10 Pin=R87-2
Added Pin To Net: NetName=GNDA Pin=R89-1
Added Pin To Net: NetName=NetR87_1 Pin=R89-2
Added Pin To Net: NetName=NetR91_1 Pin=R91-1
Added Pin To Net: NetName=3.3V Pin=R91-2
Added Pin To Net: NetName=NetR92_1 Pin=R92-1
Added Pin To Net: NetName=DETECT_PORT11 Pin=R92-2
Added Pin To Net: NetName=3.3V Pin=R95-1
Added Pin To Net: NetName=NetR95_2 Pin=R95-2
Added Pin To Net: NetName=NetR24_1 Pin=U5-2
Added Pin To Net: NetName=3.3V Pin=U5-3
Added Pin To Net: NetName=VREF Pin=U5-4
Added Pin To Net: NetName=NetR23_2 Pin=U5-5
Added Pin To Net: NetName=GND Pin=U5-12
Added Pin To Net: NetName=GND Pin=U7-13
Added Pin To Net: NetName=NetR30_1 Pin=U9-1
Added Pin To Net: NetName=NetR35_1 Pin=U9-3
Added Pin To Net: NetName=NetR40_1 Pin=U9-5
Added Pin To Net: NetName=NetR45_1 Pin=U9-7
Added Pin To Net: NetName=NetR43_2 Pin=U9-10
Added Pin To Net: NetName=NetR38_2 Pin=U9-12
Added Pin To Net: NetName=NetR33_2 Pin=U9-14
Added Pin To Net: NetName=NetR28_2 Pin=U9-16
Added Pin To Net: NetName=NetR50_1 Pin=U11-1
Added Pin To Net: NetName=NetR55_1 Pin=U11-3
Added Pin To Net: NetName=NetR72_1 Pin=U11-5
Added Pin To Net: NetName=NetR77_1 Pin=U11-7
Added Pin To Net: NetName=GND Pin=U11-9
Added Pin To Net: NetName=NetR75_2 Pin=U11-10
Added Pin To Net: NetName=NetR70_2 Pin=U11-12
Added Pin To Net: NetName=NetR53_2 Pin=U11-14
Added Pin To Net: NetName=NetR48_2 Pin=U11-16
Added Pin To Net: NetName=NetR82_1 Pin=U13-1
Added Pin To Net: NetName=NetR87_1 Pin=U13-3
Added Pin To Net: NetName=NetR92_1 Pin=U13-5
Added Pin To Net: NetName=GNDA Pin=U13-6
Added Pin To Net: NetName=NetR97_1 Pin=U13-7
Added Pin To Net: NetName=GNDA Pin=U13-8
Added Pin To Net: NetName=GND Pin=U13-9
Added Pin To Net: NetName=NetR95_2 Pin=U13-10
Added Pin To Net: NetName=GND Pin=U13-11
Added Pin To Net: NetName=NetR90_2 Pin=U13-12
Added Pin To Net: NetName=NetR85_2 Pin=U13-14
Added Pin To Net: NetName=NetR80_2 Pin=U13-16
Change Net Name : Old Net Name=VDRIVER_OUT9 New Net Name=VDRIVER_OUT10
Change Net Name : Old Net Name=VDRIVER_OUT10 New Net Name=VDRIVER_OUT9
Added Member To Class: ClassName=drvinput0 Member=Component R12 4.7K
Added Member To Class: ClassName=drvinput1 Member=Component R28 1K
Added Member To Class: ClassName=drvinput1 Member=Component R29 4.7K
Added Member To Class: ClassName=drvinput1 Member=Component R36 300R
Added Member To Class: ClassName=drvinput2 Member=Component R39 4.7K
Added Member To Class: ClassName=drvinput2 Member=Component R42 1K
Added Member To Class: ClassName=drvinput2 Member=Component R43 1K
Added Member To Class: ClassName=drvinput3 Member=Component R52 1K
Added Member To Class: ClassName=drvinput3 Member=Component R53 1K
Added Member To Class: ClassName=drvinput1 Member=Component U9 PS2801-4
Added Member To Class: ClassName=drvinput3 Member=Component U11 PS2801-4
Added Member To Class: ClassName=drvinput5 Member=Component U13 PS2801-4
