Removed Pin From Net: NetName=VLV_MAIN_DRIVER_ON Pin=P8-1
Removed Pin From Net: NetName=VLV_DLY_DRIVER_ON Pin=P8-2
Removed Pin From Net: NetName=VALVE_DRIVER1_ON Pin=P8-3
Removed Pin From Net: NetName=VALVE_DRIVER2_ON Pin=P8-4
Removed Pin From Net: NetName=VAVLE_DRIVER3_ON Pin=P8-5
Removed Pin From Net: NetName=VALVE_DRIVER4_ON Pin=P8-6
Removed Pin From Net: NetName=VALVE_DRIVER5_ON Pin=P8-7
Removed Pin From Net: NetName=VALVE_DRIVER6_ON Pin=P8-8
Removed Pin From Net: NetName=VALVE_DRIVER7_ON Pin=P8-9
Removed Pin From Net: NetName=VALVE_DRIVER8_ON Pin=P8-10
Added Pin To Net: NetName=VALVE_DRIVER8_ON Pin=P8-1
Added Pin To Net: NetName=VALVE_DRIVER7_ON Pin=P8-2
Added Pin To Net: NetName=VALVE_DRIVER6_ON Pin=P8-3
Added Pin To Net: NetName=VALVE_DRIVER5_ON Pin=P8-4
Added Pin To Net: NetName=VALVE_DRIVER4_ON Pin=P8-5
Added Pin To Net: NetName=VAVLE_DRIVER3_ON Pin=P8-6
Added Pin To Net: NetName=VALVE_DRIVER2_ON Pin=P8-7
Added Pin To Net: NetName=VALVE_DRIVER1_ON Pin=P8-8
Added Pin To Net: NetName=VLV_DLY_DRIVER_ON Pin=P8-9
Added Pin To Net: NetName=VLV_MAIN_DRIVER_ON Pin=P8-10
