Removed Pin From Net: NetName=5VA Pin=C9-1
Removed Pin From Net: NetName=GNDA Pin=C9-2
Removed Pin From Net: NetName=3.3V Pin=Q1-2
Removed Pin From Net: NetName=5VA Pin=R2-1
Removed Pin From Net: NetName=NetJ1_4 Pin=R4-1
Removed Pin From Net: NetName=5VA Pin=R5-2
Removed Pin From Net: NetName=3.3V Pin=R6-2
Removed Pin From Net: NetName=5VA Pin=R7-1
Removed Pin From Net: NetName=5VA Pin=R9-1
Removed Pin From Net: NetName=5VA Pin=R10-2
Removed Pin From Net: NetName=3.3V Pin=R11-1
Removed Pin From Net: NetName=5VA Pin=R12-2
Removed Pin From Net: NetName=USART1_RX Pin=R13-2
Removed Pin From Net: NetName=GNDA Pin=R14-1
Removed Pin From Net: NetName=GND Pin=U2-2
Removed Pin From Net: NetName=GNDA Pin=U2-3
Removed Pin From Net: NetName=USART1_TX Pin=U3-3
Removed Pin From Net: NetName=GNDA Pin=U3-5
Removed Pin From Net: NetName=5VA Pin=U3-8
Removed Pin From Net: NetName=GNDA Pin=U4-2
Removed Pin From Net: NetName=GNDA Pin=U4-5
Removed Pin From Net: NetName=5VA Pin=U4-8
Removed Pin From Net: NetName=GND Pin=U5-5
Removed Pin From Net: NetName=USART1_RX Pin=U5-6
Removed Pin From Net: NetName=3.3V Pin=U5-8
Removed Member From Class: ClassName=drvcomm Member=Q1
Removed Member From Class: ClassName=drvcomm Member=R1
Removed Member From Class: ClassName=drvcomm Member=R2
Removed Member From Class: ClassName=drvcomm Member=R3
Removed Member From Class: ClassName=drvcomm Member=R4
Removed Member From Class: ClassName=drvcomm Member=R5
Removed Member From Class: ClassName=drvcomm Member=R9
Removed Member From Class: ClassName=drvcomm Member=R10
Removed Member From Class: ClassName=drvcomm Member=R11
Removed Member From Class: ClassName=drvcomm Member=R12
Removed Member From Class: ClassName=drvcomm Member=R13
Removed Member From Class: ClassName=drvcomm Member=R14
Removed Member From Class: ClassName=drvcomm Member=RT1
Removed Member From Class: ClassName=drvcomm Member=RT2
Removed Member From Class: ClassName=drvcomm Member=U2
Removed Member From Class: ClassName=drvcomm Member=U3
Removed Member From Class: ClassName=drvcomm Member=U5
Change Component DesignItemId : Designator=U3 Old DesignItemId=6N137 New DesignItemId=VPC3+C
Change Component DesignItemId : Designator=U2 Old DesignItemId=Optoisolator1 New DesignItemId=STM32F103CBT6
Change Component DesignItemId : Designator=U4 Old DesignItemId=SN65HVD1176D New DesignItemId=ADM2486
Change Component Footprint: Designator=U4 Old Footprint=D008_N New Footprint=RW-16_N
Change Component Footprint: Designator=U2 Old Footprint=SO-4LA New Footprint=LQFP48
Change Component Footprint: Designator=U3 Old Footprint=SO-8LA New Footprint=PQFP44
Change Component Comment : Designator=R2 Old Comment=4.7K New Comment=10K
Change Component Comment : Designator=U3 Old Comment=6N137 New Comment=VPC3+C
Change Component Comment : Designator=R5 Old Comment=100R New Comment=1K
Change Component Comment : Designator=R4 Old Comment=150R New Comment=10K
Change Component Comment : Designator=R3 Old Comment=300R New Comment=10K
Change Component Comment : Designator=U2 Old Comment=EL817C New Comment=STM32F103CBT6
Change Component Comment : Designator=U4 Old Comment=SN65HVD1176D New Comment=ADM2486
Change Component Designator: OldDesignator=R11 NewDesignator=R7
Change Component Designator: OldDesignator=R13 NewDesignator=R6
Added Component: Designator=C31(CAPC2012M)
Added Component: Designator=C32(CAPC2012M)
Added Component: Designator=C33(CAPC2012M)
Added Component: Designator=C34(CAPC2012M)
Added Component: Designator=C35(CAPC2012M)
Added Component: Designator=C36(CAPC2012M)
Added Component: Designator=C37(CAPC2012M)
Added Component: Designator=C38(CAPC2012M)
Added Component: Designator=C39(CAPC2012M)
Added Component: Designator=C40(CAPC2012M)
Added Component: Designator=C41(CAPC2012M)
Added Component: Designator=C42(CAPC2012M)
Added Component: Designator=D35(CD2012-0805)
Added Component: Designator=P8(HDR1X4-2.0)
Added Component: Designator=P9(HDR1X4-2.0)
Added Component: Designator=Y2(X-CPX75)
Added Pin To Net: NetName=3.3V Pin=C9-1
Added Pin To Net: NetName=GND Pin=C9-2
Added Pin To Net: NetName=3.3V Pin=C31-1
Added Pin To Net: NetName=GND Pin=C31-2
Added Pin To Net: NetName=GND Pin=C32-1
Added Pin To Net: NetName=GND Pin=C33-1
Added Pin To Net: NetName=3.3V Pin=C33-2
Added Pin To Net: NetName=GND Pin=C34-1
Added Pin To Net: NetName=3.3V Pin=C34-2
Added Pin To Net: NetName=GND Pin=C35-1
Added Pin To Net: NetName=3.3V Pin=C35-2
Added Pin To Net: NetName=GND Pin=C36-1
Added Pin To Net: NetName=3.3V Pin=C36-2
Added Pin To Net: NetName=GND Pin=C37-1
Added Pin To Net: NetName=3.3V Pin=C37-2
Added Pin To Net: NetName=GND Pin=C38-1
Added Pin To Net: NetName=3.3V Pin=C38-2
Added Pin To Net: NetName=GND Pin=C39-1
Added Pin To Net: NetName=3.3V Pin=C39-2
Added Pin To Net: NetName=GND Pin=C40-1
Added Pin To Net: NetName=3.3V Pin=C40-2
Added Pin To Net: NetName=5VA Pin=C41-1
Added Pin To Net: NetName=GNDA Pin=C41-2
Added Pin To Net: NetName=3.3V Pin=C42-1
Added Pin To Net: NetName=GND Pin=C42-2
Added Pin To Net: NetName=3.3V Pin=D35-1
Added Pin To Net: NetName=5VA Pin=J1-6
Added Pin To Net: NetName=3.3V Pin=P8-1
Added Pin To Net: NetName=GND Pin=P8-4
Added Pin To Net: NetName=3.3V Pin=P9-1
Added Pin To Net: NetName=GND Pin=P9-4
Added Pin To Net: NetName=3.3V Pin=R2-2
Added Pin To Net: NetName=3.3V Pin=R3-2
Added Pin To Net: NetName=3.3V Pin=R4-2
Added Pin To Net: NetName=GND Pin=R5-1
Added Pin To Net: NetName=GND Pin=R7-1
Added Pin To Net: NetName=3.3V Pin=U2-1
Added Pin To Net: NetName=GND Pin=U2-8
Added Pin To Net: NetName=3.3V Pin=U2-9
Added Pin To Net: NetName=GND Pin=U2-23
Added Pin To Net: NetName=3.3V Pin=U2-24
Added Pin To Net: NetName=USART1_TX Pin=U2-30
Added Pin To Net: NetName=USART1_RX Pin=U2-31
Added Pin To Net: NetName=GND Pin=U2-35
Added Pin To Net: NetName=3.3V Pin=U2-36
Added Pin To Net: NetName=GND Pin=U2-47
Added Pin To Net: NetName=3.3V Pin=U2-48
Added Pin To Net: NetName=GND Pin=U3-3
Added Pin To Net: NetName=GND Pin=U3-6
Added Pin To Net: NetName=GND Pin=U3-8
Added Pin To Net: NetName=GND Pin=U3-10
Added Pin To Net: NetName=GND Pin=U3-17
Added Pin To Net: NetName=3.3V Pin=U3-18
Added Pin To Net: NetName=GND Pin=U3-25
Added Pin To Net: NetName=GND Pin=U3-28
Added Pin To Net: NetName=GND Pin=U3-29
Added Pin To Net: NetName=GND Pin=U3-33
Added Pin To Net: NetName=GND Pin=U3-38
Added Pin To Net: NetName=3.3V Pin=U3-39
Added Pin To Net: NetName=3.3V Pin=U4-1
Added Pin To Net: NetName=GND Pin=U4-2
Added Pin To Net: NetName=GND Pin=U4-8
Added Pin To Net: NetName=GNDA Pin=U4-9
Added Pin To Net: NetName=NetJ1_4 Pin=U4-10
Added Pin To Net: NetName=GNDA Pin=U4-15
Added Pin To Net: NetName=5VA Pin=U4-16
Added Pin To Net: NetName=GND Pin=Y2-2
Added Pin To Net: NetName=3.3V Pin=Y2-4
Added Pin To Net: NetName=A2- Pin=J1-8
Added Pin To Net: NetName=A2- Pin=U4-13
Added Net: Name=A2-
Added Pin To Net: NetName=AD0 Pin=U2-18
Added Pin To Net: NetName=AD0 Pin=U3-44
Added Net: Name=AD0
Added Pin To Net: NetName=AD1 Pin=U2-19
Added Pin To Net: NetName=AD1 Pin=U3-43
Added Net: Name=AD1
Added Pin To Net: NetName=AD2 Pin=U2-20
Added Pin To Net: NetName=AD2 Pin=U3-41
Added Net: Name=AD2
Added Pin To Net: NetName=AD3 Pin=U2-39
Added Pin To Net: NetName=AD3 Pin=U3-40
Added Net: Name=AD3
Added Pin To Net: NetName=AD4 Pin=U2-40
Added Pin To Net: NetName=AD4 Pin=U3-37
Added Net: Name=AD4
Added Pin To Net: NetName=AD5 Pin=U2-41
Added Pin To Net: NetName=AD5 Pin=U3-42
Added Net: Name=AD5
Added Pin To Net: NetName=AD6 Pin=U2-42
Added Pin To Net: NetName=AD6 Pin=U3-32
Added Net: Name=AD6
Added Pin To Net: NetName=AD7 Pin=U2-43
Added Pin To Net: NetName=AD7 Pin=U3-31
Added Net: Name=AD7
Added Pin To Net: NetName=B2+ Pin=J1-3
Added Pin To Net: NetName=B2+ Pin=U4-12
Added Net: Name=B2+
Added Pin To Net: NetName=D0 Pin=U2-45
Added Pin To Net: NetName=D0 Pin=U3-11
Added Net: Name=D0
Added Pin To Net: NetName=D1 Pin=U2-46
Added Pin To Net: NetName=D1 Pin=U3-12
Added Net: Name=D1
Added Pin To Net: NetName=D2 Pin=U2-21
Added Pin To Net: NetName=D2 Pin=U3-15
Added Net: Name=D2
Added Pin To Net: NetName=D3 Pin=U2-22
Added Pin To Net: NetName=D3 Pin=U3-16
Added Net: Name=D3
Added Pin To Net: NetName=D4 Pin=U2-25
Added Pin To Net: NetName=D4 Pin=U3-19
Added Net: Name=D4
Added Pin To Net: NetName=D5 Pin=U2-26
Added Pin To Net: NetName=D5 Pin=U3-20
Added Net: Name=D5
Added Pin To Net: NetName=D6 Pin=U2-27
Added Pin To Net: NetName=D6 Pin=U3-21
Added Net: Name=D6
Added Pin To Net: NetName=D7 Pin=U2-28
Added Pin To Net: NetName=D7 Pin=U3-22
Added Net: Name=D7
Added Pin To Net: NetName=NetD35_2 Pin=D35-2
Added Pin To Net: NetName=NetD35_2 Pin=R1-1
Added Net: Name=NetD35_2
Added Pin To Net: NetName=NetR1_2 Pin=R1-2
Added Pin To Net: NetName=NetR1_2 Pin=U3-13
Added Net: Name=NetR1_2
Added Pin To Net: NetName=NetR3_1 Pin=R3-1
Added Pin To Net: NetName=NetR3_1 Pin=U3-1
Added Pin To Net: NetName=NetR3_1 Pin=U3-34
Added Pin To Net: NetName=NetR3_1 Pin=U3-35
Added Net: Name=NetR3_1
Added Pin To Net: NetName=NetR4_1 Pin=R4-1
Added Pin To Net: NetName=NetR4_1 Pin=U3-23
Added Net: Name=NetR4_1
Added Pin To Net: NetName=NetR5_2 Pin=R5-2
Added Pin To Net: NetName=NetR5_2 Pin=U2-44
Added Net: Name=NetR5_2
Added Pin To Net: NetName=NetR6_2 Pin=R6-2
Added Pin To Net: NetName=NetR6_2 Pin=U4-7
Added Net: Name=NetR6_2
Added Pin To Net: NetName=NetU3_5 Pin=U3-5
Added Pin To Net: NetName=NetU3_5 Pin=Y2-3
Added Net: Name=NetU3_5
Added Pin To Net: NetName=SYS_RST Pin=C32-2
Added Pin To Net: NetName=SYS_RST Pin=R2-1
Added Pin To Net: NetName=SYS_RST Pin=U2-7
Added Net: Name=SYS_RST
Added Pin To Net: NetName=SYS_SWCLK Pin=P8-3
Added Pin To Net: NetName=SYS_SWCLK Pin=U2-37
Added Net: Name=SYS_SWCLK
Added Pin To Net: NetName=SYS_SWDIO Pin=P8-2
Added Pin To Net: NetName=SYS_SWDIO Pin=U2-34
Added Net: Name=SYS_SWDIO
Added Pin To Net: NetName=USART2_RX Pin=P9-3
Added Pin To Net: NetName=USART2_RX Pin=U2-13
Added Net: Name=USART2_RX
Added Pin To Net: NetName=USART2_TX Pin=P9-2
Added Pin To Net: NetName=USART2_TX Pin=U2-12
Added Net: Name=USART2_TX
Added Pin To Net: NetName=VPC3_ALE Pin=U2-11
Added Pin To Net: NetName=VPC3_ALE Pin=U3-24
Added Net: Name=VPC3_ALE
Added Pin To Net: NetName=VPC3_CLKO Pin=U2-5
Added Pin To Net: NetName=VPC3_CLKO Pin=U3-7
Added Net: Name=VPC3_CLKO
Added Pin To Net: NetName=VPC3_RST Pin=U2-10
Added Pin To Net: NetName=VPC3_RST Pin=U3-36
Added Net: Name=VPC3_RST
Added Pin To Net: NetName=VPC3_RTS Pin=R7-2
Added Pin To Net: NetName=VPC3_RTS Pin=U3-27
Added Pin To Net: NetName=VPC3_RTS Pin=U4-4
Added Pin To Net: NetName=VPC3_RTS Pin=U4-5
Added Net: Name=VPC3_RTS
Added Pin To Net: NetName=VPC3_RXD Pin=U3-30
Added Pin To Net: NetName=VPC3_RXD Pin=U4-6
Added Net: Name=VPC3_RXD
Added Pin To Net: NetName=VPC3_TXD Pin=U3-26
Added Pin To Net: NetName=VPC3_TXD Pin=U4-3
Added Net: Name=VPC3_TXD
Added Pin To Net: NetName=VPC3_XINT Pin=U3-9
Added Net: Name=VPC3_XINT
Added Pin To Net: NetName=VPC3_XRD Pin=U2-33
Added Pin To Net: NetName=VPC3_XRD Pin=U3-4
Added Net: Name=VPC3_XRD
Added Pin To Net: NetName=VPC3_XWR Pin=U2-32
Added Pin To Net: NetName=VPC3_XWR Pin=U3-2
Added Net: Name=VPC3_XWR
Added Class: Name=drvcomdp
Added Member To Class: ClassName=drvcomm Member=Component C42 0.1uF
