Removed Pin From Net: NetName=VBAT_DRV Pin=BT1-1
Removed Pin From Net: NetName=GND_DRV Pin=BT1-2
Removed Pin From Net: NetName=LEVEL_DRV_OUT2_ON Pin=P3-1
Removed Pin From Net: NetName=LEVEL_DRV_OUT1_ON Pin=P3-2
Removed Pin From Net: NetName=VALVE_DRIVER8_ON Pin=P3-3
Removed Pin From Net: NetName=VALVE_DRIVER7_ON Pin=P3-4
Removed Pin From Net: NetName=VALVE_DRIVER6_ON Pin=P3-5
Removed Pin From Net: NetName=VALVE_DRIVER5_ON Pin=P3-6
Removed Pin From Net: NetName=VALVE_DRIVER4_ON Pin=P3-7
Removed Pin From Net: NetName=VAVLE_DRIVER3_ON Pin=P3-8
Removed Pin From Net: NetName=VALVE_DRIVER2_ON Pin=P3-9
Removed Pin From Net: NetName=VALVE_DRIVER1_ON Pin=P3-10
Removed Pin From Net: NetName=VLV_DLY_DRIVER_ON Pin=P3-11
Removed Pin From Net: NetName=VLV_MAIN_DRIVER_ON Pin=P3-12
Removed Pin From Net: NetName=VALVE_DRIVER_L1 Pin=P3-13
Removed Pin From Net: NetName=VALVE_DRIVER_N Pin=P3-15
Removed Pin From Net: NetName=RMT_STARUP_PORT Pin=P4-2
Removed Pin From Net: NetName=PLUS_CAP_IN_PORT Pin=P4-3
Removed Pin From Net: NetName=LEVEL_HIGHT1_PORT Pin=P4-4
Removed Pin From Net: NetName=LEVEL_LOW1_PORT Pin=P4-5
Removed Pin From Net: NetName=LEVEL_HIGHT2_PORT Pin=P4-6
Removed Pin From Net: NetName=LEVEL_LOW2_PORT Pin=P4-7
Removed Pin From Net: NetName=24V_DRV Pin=P5-1
Removed Pin From Net: NetName=GNDA_DRV Pin=P5-2
Removed Pin From Net: NetName=12V_DRV Pin=P6-1
Removed Pin From Net: NetName=12V_DRV Pin=P6-2
Removed Pin From Net: NetName=GND_DRV Pin=P6-3
Removed Pin From Net: NetName=GND_DRV Pin=P6-4
Removed Pin From Net: NetName=FG_DRV Pin=P6-5
Removed Pin From Net: NetName=GNDA_DRV Pin=P6-6
Removed Pin From Net: NetName=GNDA_DRV Pin=P6-7
Removed Pin From Net: NetName=24V_DRV Pin=P6-8
Removed Pin From Net: NetName=24V_DRV Pin=P6-9
Removed Member From Class: ClassName=drvamap Member=BT1
Removed Member From Class: ClassName=drvamap Member=P6
Change Component DesignItemId : Designator=P5 Old DesignItemId=Header 2 New DesignItemId=Header 10
Change Component DesignItemId : Designator=P4 Old DesignItemId=Header 7 New DesignItemId=Header 8X2
Change Component DesignItemId : Designator=P3 Old DesignItemId=Header 15 New DesignItemId=Header 14X2
Change Component Footprint: Designator=P5 Old Footprint=DG142R-5.08-2 New Footprint=HDR1X10
Change Component Footprint: Designator=P4 Old Footprint=DG142R-5.08-7 New Footprint=DG127A-5.0-8
Change Component Footprint: Designator=P3 Old Footprint=DG142R-5.08-15 New Footprint=DG127A-5.0-14
Change Component Comment : Designator=P5 Old Comment=Header 2 New Comment=Header 10
Change Component Comment : Designator=P4 Old Comment=Header 7 New Comment=Header 8X2
Change Component Comment : Designator=P3 Old Comment=Header 15 New Comment=Header 14X2
Added Pin To Net: NetName=VALVE_DRIVER_L1 Pin=P3-1
Added Pin To Net: NetName=VALVE_DRIVER_N Pin=P3-2
Added Pin To Net: NetName=VALVE_DRIVER_L1 Pin=P3-3
Added Pin To Net: NetName=VALVE_DRIVER_N Pin=P3-4
Added Pin To Net: NetName=VLV_MAIN_DRIVER_ON Pin=P3-5
Added Pin To Net: NetName=VALVE_DRIVER_N Pin=P3-6
Added Pin To Net: NetName=VLV_DLY_DRIVER_ON Pin=P3-7
Added Pin To Net: NetName=VALVE_DRIVER_N Pin=P3-8
Added Pin To Net: NetName=VALVE_DRIVER1_ON Pin=P3-9
Added Pin To Net: NetName=VALVE_DRIVER_N Pin=P3-10
Added Pin To Net: NetName=VALVE_DRIVER2_ON Pin=P3-11
Added Pin To Net: NetName=VALVE_DRIVER_N Pin=P3-12
Added Pin To Net: NetName=VAVLE_DRIVER3_ON Pin=P3-13
Added Pin To Net: NetName=VALVE_DRIVER4_ON Pin=P3-15
Added Pin To Net: NetName=VALVE_DRIVER_N Pin=P3-16
Added Pin To Net: NetName=VALVE_DRIVER5_ON Pin=P3-17
Added Pin To Net: NetName=VALVE_DRIVER_N Pin=P3-18
Added Pin To Net: NetName=VALVE_DRIVER6_ON Pin=P3-19
Added Pin To Net: NetName=VALVE_DRIVER_N Pin=P3-20
Added Pin To Net: NetName=VALVE_DRIVER7_ON Pin=P3-21
Added Pin To Net: NetName=VALVE_DRIVER_N Pin=P3-22
Added Pin To Net: NetName=VALVE_DRIVER8_ON Pin=P3-23
Added Pin To Net: NetName=VALVE_DRIVER_N Pin=P3-24
Added Pin To Net: NetName=LEVEL_DRV_OUT1_ON Pin=P3-25
Added Pin To Net: NetName=VALVE_DRIVER_N Pin=P3-26
Added Pin To Net: NetName=LEVEL_DRV_OUT2_ON Pin=P3-27
Added Pin To Net: NetName=VALVE_DRIVER_N Pin=P3-28
Added Pin To Net: NetName=GNDA_DRV Pin=P4-2
Added Pin To Net: NetName=RMT_STARUP_PORT Pin=P4-3
Added Pin To Net: NetName=GNDA_DRV Pin=P4-4
Added Pin To Net: NetName=PLUS_CAP_IN_PORT Pin=P4-5
Added Pin To Net: NetName=GNDA_DRV Pin=P4-6
Added Pin To Net: NetName=LEVEL_HIGHT1_PORT Pin=P4-7
Added Pin To Net: NetName=GNDA_DRV Pin=P4-8
Added Pin To Net: NetName=LEVEL_LOW1_PORT Pin=P4-9
Added Pin To Net: NetName=GNDA_DRV Pin=P4-10
Added Pin To Net: NetName=LEVEL_HIGHT2_PORT Pin=P4-11
Added Pin To Net: NetName=GNDA_DRV Pin=P4-12
Added Pin To Net: NetName=LEVEL_LOW2_PORT Pin=P4-13
Added Pin To Net: NetName=GNDA_DRV Pin=P4-14
Added Pin To Net: NetName=24V_DRV Pin=P4-15
Added Pin To Net: NetName=GNDA_DRV Pin=P4-16
Added Pin To Net: NetName=VBAT_DRV Pin=P5-1
Added Pin To Net: NetName=GND_DRV Pin=P5-2
Added Pin To Net: NetName=GND_DRV Pin=P5-3
Added Pin To Net: NetName=12V_DRV Pin=P5-4
Added Pin To Net: NetName=12V_DRV Pin=P5-5
Added Pin To Net: NetName=FG_DRV Pin=P5-6
Added Pin To Net: NetName=GNDA_DRV Pin=P5-7
Added Pin To Net: NetName=GNDA_DRV Pin=P5-8
Added Pin To Net: NetName=24V_DRV Pin=P5-9
Added Pin To Net: NetName=24V_DRV Pin=P5-10
Added Pin To Net: NetName=TIM2_CH3_CAP_DRV Pin=R30-2
Change Net Name : Old Net Name=VALVE_DRIVER_L1 New Net Name=VALVE_DRIVER_LO
