Removed Pin From Net: NetName=SHIELD_GND Pin=P4-1
Removed Pin From Net: NetName=5VA Pin=P4-2
Removed Pin From Net: NetName=CANH_PORT Pin=P4-3
Removed Pin From Net: NetName=ADC12_PORT Pin=P4-4
Removed Pin From Net: NetName=CANL_PORT Pin=P4-5
Removed Pin From Net: NetName=GNDA Pin=P4-6
Removed Pin From Net: NetName=24V Pin=P4-7
Removed Pin From Net: NetName=5VA Pin=P4-8
Removed Pin From Net: NetName=DP_TIM_CAP_PORT Pin=P4-9
Removed Pin From Net: NetName=ADC13_PORT Pin=P4-10
Removed Pin From Net: NetName=RMT_STARTUP_PORT Pin=P4-13
Removed Pin From Net: NetName=24V Pin=P4-14
Added Pin To Net: NetName=5VA Pin=P4-1
Added Pin To Net: NetName=SHIELD_GND Pin=P4-2
Added Pin To Net: NetName=ADC12_PORT Pin=P4-3
Added Pin To Net: NetName=CANH_PORT Pin=P4-4
Added Pin To Net: NetName=GNDA Pin=P4-5
Added Pin To Net: NetName=CANL_PORT Pin=P4-6
Added Pin To Net: NetName=5VA Pin=P4-7
Added Pin To Net: NetName=24V Pin=P4-8
Added Pin To Net: NetName=ADC13_PORT Pin=P4-9
Added Pin To Net: NetName=DP_TIM_CAP_PORT Pin=P4-10
Added Pin To Net: NetName=24V Pin=P4-13
Added Pin To Net: NetName=RMT_STARTUP_PORT Pin=P4-14
