Removed Pin From Net: NetName=GNDA Pin=D2-1
Removed Pin From Net: NetName=GNDA Pin=D3-1
Removed Pin From Net: NetName=GNDA Pin=D4-1
Removed Pin From Net: NetName=GNDA Pin=D5-1
Removed Pin From Net: NetName=GNDA Pin=D6-1
Removed Pin From Net: NetName=GNDA Pin=D7-1
Removed Pin From Net: NetName=GNDA Pin=D8-1
Removed Pin From Net: NetName=GNDA Pin=Q2-2
Removed Pin From Net: NetName=GNDA Pin=Q3-2
Removed Pin From Net: NetName=GNDA Pin=Q4-2
Removed Pin From Net: NetName=GNDA Pin=Q5-2
Removed Pin From Net: NetName=GNDA Pin=Q6-2
Removed Pin From Net: NetName=GNDA Pin=Q7-2
Removed Pin From Net: NetName=GNDA Pin=Q8-2
Removed Pin From Net: NetName=24V Pin=Q10-2
Removed Pin From Net: NetName=NetD10_2 Pin=Q10-3
Removed Pin From Net: NetName=24V Pin=Q12-2
Removed Pin From Net: NetName=NetD12_2 Pin=Q12-3
Removed Pin From Net: NetName=24V Pin=Q14-2
Removed Pin From Net: NetName=NetD14_2 Pin=Q14-3
Removed Pin From Net: NetName=24V Pin=Q16-2
Removed Pin From Net: NetName=NetD16_2 Pin=Q16-3
Removed Pin From Net: NetName=24V Pin=Q18-2
Removed Pin From Net: NetName=NetD18_2 Pin=Q18-3
Removed Pin From Net: NetName=24V Pin=Q20-2
Removed Pin From Net: NetName=NetD20_2 Pin=Q20-3
Removed Pin From Net: NetName=24V Pin=Q22-2
Removed Pin From Net: NetName=NetD22_2 Pin=Q22-3
Removed Pin From Net: NetName=24V Pin=Q24-2
Removed Pin From Net: NetName=NetD24_2 Pin=Q24-3
Removed Pin From Net: NetName=24V Pin=Q26-2
Removed Pin From Net: NetName=NetD26_2 Pin=Q26-3
Removed Pin From Net: NetName=24V Pin=Q28-2
Removed Pin From Net: NetName=NetD28_2 Pin=Q28-3
Removed Pin From Net: NetName=24V Pin=Q30-2
Removed Pin From Net: NetName=NetD30_2 Pin=Q30-3
Removed Pin From Net: NetName=24V Pin=Q32-2
Removed Pin From Net: NetName=NetD32_2 Pin=Q32-3
Removed Pin From Net: NetName=PLUS_CAP_IN_PORT Pin=R25-1
Removed Pin From Net: NetName=24V Pin=R25-2
Removed Pin From Net: NetName=24V Pin=R27-1
Removed Pin From Net: NetName=24V Pin=R28-1
Removed Pin From Net: NetName=24V Pin=R31-2
Removed Pin From Net: NetName=GNDA Pin=R35-1
Removed Pin From Net: NetName=DP_STARTUP_PORT Pin=R36-1
Removed Pin From Net: NetName=24V Pin=R36-2
Removed Pin From Net: NetName=NetR37_1 Pin=R37-1
Removed Pin From Net: NetName=24V Pin=R38-1
Removed Pin From Net: NetName=24V Pin=R39-1
Removed Pin From Net: NetName=NetR37_1 Pin=R41-1
Removed Pin From Net: NetName=DP_STARTUP Pin=R41-2
Removed Pin From Net: NetName=24V Pin=R42-2
Removed Pin From Net: NetName=NetR42_1 Pin=R45-1
Removed Pin From Net: NetName=GNDA Pin=R46-1
Removed Pin From Net: NetName=NetR42_1 Pin=R46-2
Removed Pin From Net: NetName=RMT_STARUP_PORT Pin=R47-1
Removed Pin From Net: NetName=24V Pin=R47-2
Removed Pin From Net: NetName=24V Pin=R48-2
Removed Pin From Net: NetName=24V Pin=R49-1
Removed Pin From Net: NetName=24V Pin=R55-2
Removed Pin From Net: NetName=GNDA Pin=R57-1
Removed Pin From Net: NetName=3.3V Pin=R58-2
Removed Pin From Net: NetName=LEVEL_HIGHT1_PORT Pin=R59-1
Removed Pin From Net: NetName=24V Pin=R59-2
Removed Pin From Net: NetName=24V Pin=R60-1
Removed Pin From Net: NetName=24V Pin=R61-2
Removed Pin From Net: NetName=LEVEL_HIGHT1_PORT Pin=R62-2
Removed Pin From Net: NetName=LEVEL_DETECT_H1 Pin=R63-2
Removed Pin From Net: NetName=24V Pin=R64-2
Removed Pin From Net: NetName=GNDA Pin=R68-1
Removed Pin From Net: NetName=3.3V Pin=R69-2
Removed Pin From Net: NetName=LEVEL_LOW1_PORT Pin=R70-1
Removed Pin From Net: NetName=24V Pin=R70-2
Removed Pin From Net: NetName=24V Pin=R71-2
Removed Pin From Net: NetName=24V Pin=R72-1
Removed Pin From Net: NetName=LEVEL_LOW1_PORT Pin=R73-2
Removed Pin From Net: NetName=LEVEL_DETECT_L1 Pin=R74-2
Removed Pin From Net: NetName=24V Pin=R77-2
Removed Pin From Net: NetName=GNDA Pin=R79-1
Removed Pin From Net: NetName=24V Pin=R80-1
Removed Pin From Net: NetName=LEVEL_HIGHT2_PORT Pin=R81-1
Removed Pin From Net: NetName=24V Pin=R81-2
Removed Pin From Net: NetName=3.3V Pin=R82-2
Removed Pin From Net: NetName=24V Pin=R83-1
Removed Pin From Net: NetName=LEVEL_HIGHT2_PORT Pin=R84-2
Removed Pin From Net: NetName=LEVEL_DETECT_H2 Pin=R85-2
Removed Pin From Net: NetName=24V Pin=R88-2
Removed Pin From Net: NetName=GNDA Pin=R90-1
Removed Pin From Net: NetName=LEVEL_LOW2_PORT Pin=R91-1
Removed Pin From Net: NetName=24V Pin=R91-2
Removed Pin From Net: NetName=24V Pin=R92-2
Removed Pin From Net: NetName=3.3V Pin=R93-2
Removed Pin From Net: NetName=24V Pin=R94-1
Removed Pin From Net: NetName=LEVEL_LOW2_PORT Pin=R95-2
Removed Pin From Net: NetName=LEVEL_DETECT_L2 Pin=R96-2
Removed Pin From Net: NetName=24V Pin=R99-2
Removed Pin From Net: NetName=GNDA Pin=R101-1
Removed Pin From Net: NetName=24V Pin=R102-2
Removed Pin From Net: NetName=24V Pin=R108-2
Removed Pin From Net: NetName=24V Pin=R114-2
Removed Pin From Net: NetName=24V Pin=R120-2
Removed Pin From Net: NetName=24V Pin=R126-2
Removed Pin From Net: NetName=24V Pin=R132-2
Removed Pin From Net: NetName=24V Pin=R138-2
Removed Pin From Net: NetName=24V Pin=R144-2
Removed Pin From Net: NetName=24V Pin=R150-2
Removed Pin From Net: NetName=VALVE_DRIVER7 Pin=R154-1
Removed Pin From Net: NetName=24V Pin=R156-2
Removed Pin From Net: NetName=24V Pin=R162-2
Removed Pin From Net: NetName=24V Pin=R168-2
Removed Pin From Net: NetName=GNDA Pin=U10-4
Removed Pin From Net: NetName=24V Pin=U10-8
Removed Pin From Net: NetName=GNDA Pin=U12-4
Removed Pin From Net: NetName=24V Pin=U12-8
Removed Pin From Net: NetName=NetR37_1 Pin=U13-4
Removed Pin From Net: NetName=GNDA Pin=U15-4
Removed Pin From Net: NetName=24V Pin=U15-8
Removed Pin From Net: NetName=GNDA Pin=U18-4
Removed Pin From Net: NetName=24V Pin=U18-8
Removed Pin From Net: NetName=GNDA Pin=U21-3
Removed Pin From Net: NetName=GNDA Pin=U22-3
Removed Pin From Net: NetName=GNDA Pin=U23-3
Removed Pin From Net: NetName=GNDA Pin=U24-3
Removed Pin From Net: NetName=GNDA Pin=U25-3
Removed Pin From Net: NetName=GNDA Pin=U26-3
Removed Pin From Net: NetName=GNDA Pin=U27-3
Removed Pin From Net: NetName=GNDA Pin=U28-3
Removed Pin From Net: NetName=GNDA Pin=U29-3
Removed Pin From Net: NetName=GNDA Pin=U30-3
Removed Pin From Net: NetName=GNDA Pin=U31-3
Removed Pin From Net: NetName=GNDA Pin=U32-3
Removed Member From Class: ClassName=drvinput0 Member=D2
Removed Member From Class: ClassName=drvinput1 Member=D3
Removed Member From Class: ClassName=drvinput1 Member=D4
Removed Member From Class: ClassName=drvinput2 Member=D5
Removed Member From Class: ClassName=drvinput2 Member=D6
Removed Member From Class: ClassName=drvinput3 Member=D7
Removed Member From Class: ClassName=drvinput3 Member=D8
Removed Member From Class: ClassName=drvinput0 Member=Q2
Removed Member From Class: ClassName=drvinput1 Member=Q3
Removed Member From Class: ClassName=drvinput1 Member=Q4
Removed Member From Class: ClassName=drvinput2 Member=Q5
Removed Member From Class: ClassName=drvinput2 Member=Q6
Removed Member From Class: ClassName=drvinput3 Member=Q7
Removed Member From Class: ClassName=drvinput3 Member=Q8
Removed Member From Class: ClassName=drvoutput0 Member=Q10
Removed Member From Class: ClassName=drvoutput0 Member=Q12
Removed Member From Class: ClassName=drvoutput1 Member=Q14
Removed Member From Class: ClassName=drvoutput1 Member=Q16
Removed Member From Class: ClassName=drvoutput2 Member=Q18
Removed Member From Class: ClassName=drvoutput2 Member=Q20
Removed Member From Class: ClassName=drvoutput3 Member=Q22
Removed Member From Class: ClassName=drvoutput3 Member=Q24
Removed Member From Class: ClassName=drvoutput4 Member=Q26
Removed Member From Class: ClassName=drvoutput4 Member=Q28
Removed Member From Class: ClassName=drvoutput5 Member=Q30
Removed Member From Class: ClassName=drvoutput5 Member=Q32
Removed Member From Class: ClassName=drvinput0 Member=R27
Removed Member From Class: ClassName=drvinput0 Member=R28
Removed Member From Class: ClassName=drvinput0 Member=R31
Removed Member From Class: ClassName=drvinput0 Member=R32
Removed Member From Class: ClassName=drvinput0 Member=R34
Removed Member From Class: ClassName=drvinput0 Member=R35
Removed Member From Class: ClassName=drvinput1 Member=R39
Removed Member From Class: ClassName=drvinput1 Member=R42
Removed Member From Class: ClassName=drvinput1 Member=R43
Removed Member From Class: ClassName=drvinput1 Member=R44
Removed Member From Class: ClassName=drvinput1 Member=R45
Removed Member From Class: ClassName=drvinput1 Member=R46
Removed Member From Class: ClassName=drvinput1 Member=R48
Removed Member From Class: ClassName=drvinput1 Member=R49
Removed Member From Class: ClassName=drvinput1 Member=R53
Removed Member From Class: ClassName=drvinput1 Member=R55
Removed Member From Class: ClassName=drvinput1 Member=R56
Removed Member From Class: ClassName=drvinput1 Member=R57
Removed Member From Class: ClassName=drvinput2 Member=R58
Removed Member From Class: ClassName=drvinput2 Member=R59
Removed Member From Class: ClassName=drvinput2 Member=R60
Removed Member From Class: ClassName=drvinput2 Member=R61
Removed Member From Class: ClassName=drvinput2 Member=R62
Removed Member From Class: ClassName=drvinput2 Member=R63
Removed Member From Class: ClassName=drvinput2 Member=R64
Removed Member From Class: ClassName=drvinput2 Member=R65
Removed Member From Class: ClassName=drvinput2 Member=R66
Removed Member From Class: ClassName=drvinput2 Member=R67
Removed Member From Class: ClassName=drvinput2 Member=R68
Removed Member From Class: ClassName=drvinput2 Member=R69
Removed Member From Class: ClassName=drvinput2 Member=R70
Removed Member From Class: ClassName=drvinput2 Member=R71
Removed Member From Class: ClassName=drvinput2 Member=R72
Removed Member From Class: ClassName=drvinput2 Member=R73
Removed Member From Class: ClassName=drvinput2 Member=R74
Removed Member From Class: ClassName=drvinput2 Member=R75
Removed Member From Class: ClassName=drvinput2 Member=R76
Removed Member From Class: ClassName=drvinput2 Member=R77
Removed Member From Class: ClassName=drvinput2 Member=R78
Removed Member From Class: ClassName=drvinput2 Member=R79
Removed Member From Class: ClassName=drvinput3 Member=R80
Removed Member From Class: ClassName=drvinput3 Member=R81
Removed Member From Class: ClassName=drvinput3 Member=R82
Removed Member From Class: ClassName=drvinput3 Member=R83
Removed Member From Class: ClassName=drvinput3 Member=R84
Removed Member From Class: ClassName=drvinput3 Member=R85
Removed Member From Class: ClassName=drvinput3 Member=R86
Removed Member From Class: ClassName=drvinput3 Member=R87
Removed Member From Class: ClassName=drvinput3 Member=R88
Removed Member From Class: ClassName=drvinput3 Member=R89
Removed Member From Class: ClassName=drvinput3 Member=R90
Removed Member From Class: ClassName=drvinput3 Member=R91
Removed Member From Class: ClassName=drvinput3 Member=R92
Removed Member From Class: ClassName=drvinput3 Member=R93
Removed Member From Class: ClassName=drvinput3 Member=R94
Removed Member From Class: ClassName=drvinput3 Member=R95
Removed Member From Class: ClassName=drvinput3 Member=R96
Removed Member From Class: ClassName=drvinput3 Member=R97
Removed Member From Class: ClassName=drvinput3 Member=R98
Removed Member From Class: ClassName=drvinput3 Member=R99
Removed Member From Class: ClassName=drvinput3 Member=R100
Removed Member From Class: ClassName=drvinput3 Member=R101
Removed Member From Class: ClassName=drvoutput0 Member=R102
Removed Member From Class: ClassName=drvoutput0 Member=R105
Removed Member From Class: ClassName=drvoutput0 Member=R108
Removed Member From Class: ClassName=drvoutput0 Member=R111
Removed Member From Class: ClassName=drvoutput1 Member=R114
Removed Member From Class: ClassName=drvoutput1 Member=R117
Removed Member From Class: ClassName=drvoutput1 Member=R120
Removed Member From Class: ClassName=drvoutput1 Member=R123
Removed Member From Class: ClassName=drvoutput2 Member=R126
Removed Member From Class: ClassName=drvoutput2 Member=R129
Removed Member From Class: ClassName=drvoutput2 Member=R132
Removed Member From Class: ClassName=drvoutput2 Member=R135
Removed Member From Class: ClassName=drvoutput3 Member=R138
Removed Member From Class: ClassName=drvoutput3 Member=R141
Removed Member From Class: ClassName=drvoutput3 Member=R144
Removed Member From Class: ClassName=drvoutput3 Member=R147
Removed Member From Class: ClassName=drvoutput4 Member=R150
Removed Member From Class: ClassName=drvoutput4 Member=R153
Removed Member From Class: ClassName=drvoutput4 Member=R154
Removed Member From Class: ClassName=drvoutput4 Member=R156
Removed Member From Class: ClassName=drvoutput4 Member=R159
Removed Member From Class: ClassName=drvoutput5 Member=R162
Removed Member From Class: ClassName=drvoutput5 Member=R165
Removed Member From Class: ClassName=drvoutput5 Member=R168
Removed Member From Class: ClassName=drvoutput5 Member=R171
Change Component Comment : Designator=R44 Old Comment=1K New Comment=10K
Change Component Comment : Designator=R43 Old Comment=1M New Comment=470R
Change Component Comment : Designator=R53 Old Comment=1M New Comment=470R
Change Component Comment : Designator=R39 Old Comment=4.7K New Comment=5.6K
Change Component Comment : Designator=R38 Old Comment=10K New Comment=1K
Change Component Comment : Designator=R29 Old Comment=10K New Comment=5.6K
Change Component Comment : Designator=R40 Old Comment=10K New Comment=5.6K
Change Component Comment : Designator=R49 Old Comment=10K New Comment=5.6K
Change Component Comment : Designator=R48 Old Comment=10K New Comment=470R
Change Component Comment : Designator=R31 Old Comment=51K New Comment=1K
Change Component Comment : Designator=R55 Old Comment=51K New Comment=1K
Change Component Comment : Designator=R42 Old Comment=51K New Comment=4.7K
Change Component Comment : Designator=R64 Old Comment=51K New Comment=300R
Change Component Comment : Designator=R36 Old Comment=100K New Comment=1K
Change Component Comment : Designator=R45 Old Comment=100K New Comment=1K
Change Component Comment : Designator=R46 Old Comment=100K New Comment=1K
Change Component Comment : Designator=R47 Old Comment=100K New Comment=1K
Change Component Comment : Designator=R106 Old Comment=470R New Comment=300R
Change Component Comment : Designator=R112 Old Comment=470R New Comment=300R
Change Component Comment : Designator=R118 Old Comment=470R New Comment=300R
Change Component Comment : Designator=R124 Old Comment=470R New Comment=300R
Change Component Comment : Designator=R130 Old Comment=470R New Comment=300R
Change Component Comment : Designator=R136 Old Comment=470R New Comment=300R
Change Component Comment : Designator=R142 Old Comment=470R New Comment=300R
Change Component Comment : Designator=R148 Old Comment=470R New Comment=300R
Change Component Comment : Designator=R160 Old Comment=470R New Comment=300R
Change Component Comment : Designator=R166 Old Comment=470R New Comment=300R
Change Component Comment : Designator=R172 Old Comment=470R New Comment=300R
Change Component Designator: OldDesignator=R26 NewDesignator=R12
Change Component Designator: OldDesignator=R29 NewDesignator=R14
Change Component Designator: OldDesignator=R30 NewDesignator=R13
Change Component Designator: OldDesignator=R31 NewDesignator=R25
Change Component Designator: OldDesignator=R33 NewDesignator=R11
Change Component Designator: OldDesignator=R36 NewDesignator=R30
Change Component Designator: OldDesignator=R37 NewDesignator=R27
Change Component Designator: OldDesignator=R38 NewDesignator=R26
Change Component Designator: OldDesignator=R40 NewDesignator=R29
Change Component Designator: OldDesignator=R41 NewDesignator=R28
Change Component Designator: OldDesignator=R47 NewDesignator=R35
Change Component Designator: OldDesignator=R50 NewDesignator=R32
Change Component Designator: OldDesignator=R51 NewDesignator=R34
Change Component Designator: OldDesignator=R52 NewDesignator=R33
Change Component Designator: OldDesignator=R54 NewDesignator=R31
Change Component Designator: OldDesignator=R106 NewDesignator=R56
Change Component Designator: OldDesignator=R112 NewDesignator=R57
Change Component Designator: OldDesignator=R118 NewDesignator=R58
Change Component Designator: OldDesignator=R124 NewDesignator=R59
Change Component Designator: OldDesignator=R130 NewDesignator=R60
Change Component Designator: OldDesignator=R136 NewDesignator=R61
Change Component Designator: OldDesignator=R142 NewDesignator=R62
Change Component Designator: OldDesignator=R148 NewDesignator=R63
Change Component Designator: OldDesignator=R160 NewDesignator=R65
Change Component Designator: OldDesignator=R166 NewDesignator=R66
Change Component Designator: OldDesignator=R172 NewDesignator=R67
Added Component: Designator=R9(RESC2012M)
Added Component: Designator=R10(RESC2012M)
Added Component: Designator=R36(RESC2012M)
Added Component: Designator=R37(RESC2012M)
Added Component: Designator=R38(RESC2012M)
Added Component: Designator=R40(RESC2012M)
Added Component: Designator=R41(RESC2012M)
Added Component: Designator=R47(RESC2012M)
Added Component: Designator=R50(RESC2012M)
Added Component: Designator=R51(RESC2012M)
Added Component: Designator=R52(RESC2012M)
Added Component: Designator=R54(RESC2012M)
Added Pin To Net: NetName=3.3V Pin=R9-1
Added Pin To Net: NetName=GND Pin=R10-2
Added Pin To Net: NetName=3.3V Pin=R11-1
Added Pin To Net: NetName=GNDA Pin=R25-1
Added Pin To Net: NetName=3.3V Pin=R26-1
Added Pin To Net: NetName=DP_STARTUP Pin=R28-1
Added Pin To Net: NetName=GNDA Pin=R30-1
Added Pin To Net: NetName=3.3V Pin=R31-1
Added Pin To Net: NetName=GNDA Pin=R35-1
Added Pin To Net: NetName=NetR37_1 Pin=R37-1
Added Pin To Net: NetName=LEVEL_DETECT_H1 Pin=R38-1
Added Pin To Net: NetName=NetR37_1 Pin=R38-2
Added Pin To Net: NetName=LEVEL_HIGHT1_PORT Pin=R39-2
Added Pin To Net: NetName=GNDA Pin=R40-1
Added Pin To Net: NetName=3.3V Pin=R41-1
Added Pin To Net: NetName=3.3V Pin=R42-2
Added Pin To Net: NetName=NetR42_1 Pin=R43-1
Added Pin To Net: NetName=LEVEL_DETECT_L1 Pin=R43-2
Added Pin To Net: NetName=LEVEL_LOW1_PORT Pin=R44-2
Added Pin To Net: NetName=GNDA Pin=R45-1
Added Pin To Net: NetName=LEVEL_DETECT_H2 Pin=R48-1
Added Pin To Net: NetName=LEVEL_HIGHT2_PORT Pin=R49-2
Added Pin To Net: NetName=GNDA Pin=R50-1
Added Pin To Net: NetName=3.3V Pin=R51-1
Added Pin To Net: NetName=3.3V Pin=R52-2
Added Pin To Net: NetName=LEVEL_DETECT_L2 Pin=R53-2
Added Pin To Net: NetName=LEVEL_LOW2_PORT Pin=R54-2
Added Pin To Net: NetName=GNDA Pin=R55-1
Added Pin To Net: NetName=VALVE_DRIVER7 Pin=R64-1
Added Pin To Net: NetName=GND Pin=U10-4
Added Pin To Net: NetName=3.3V Pin=U10-8
Added Pin To Net: NetName=GNDA Pin=U11-2
Added Pin To Net: NetName=GND Pin=U12-4
Added Pin To Net: NetName=3.3V Pin=U12-8
Added Pin To Net: NetName=GNDA Pin=U13-2
Added Pin To Net: NetName=GNDA Pin=U14-2
Added Pin To Net: NetName=NetR37_1 Pin=U15-1
Added Pin To Net: NetName=GND Pin=U15-4
Added Pin To Net: NetName=NetR42_1 Pin=U15-7
Added Pin To Net: NetName=3.3V Pin=U15-8
Added Pin To Net: NetName=GNDA Pin=U16-2
Added Pin To Net: NetName=GNDA Pin=U17-2
Added Pin To Net: NetName=GND Pin=U18-4
Added Pin To Net: NetName=3.3V Pin=U18-8
Added Pin To Net: NetName=GNDA Pin=U19-2
Added Pin To Net: NetName=GNDA Pin=U20-2
Added Pin To Net: NetName=NetD10_2 Pin=U21-3
Added Pin To Net: NetName=24V Pin=U21-4
Added Pin To Net: NetName=NetD12_2 Pin=U22-3
Added Pin To Net: NetName=24V Pin=U22-4
Added Pin To Net: NetName=NetD14_2 Pin=U23-3
Added Pin To Net: NetName=24V Pin=U23-4
Added Pin To Net: NetName=NetD16_2 Pin=U24-3
Added Pin To Net: NetName=24V Pin=U24-4
Added Pin To Net: NetName=NetD18_2 Pin=U25-3
Added Pin To Net: NetName=24V Pin=U25-4
Added Pin To Net: NetName=NetD20_2 Pin=U26-3
Added Pin To Net: NetName=24V Pin=U26-4
Added Pin To Net: NetName=NetD22_2 Pin=U27-3
Added Pin To Net: NetName=24V Pin=U27-4
Added Pin To Net: NetName=NetD24_2 Pin=U28-3
Added Pin To Net: NetName=24V Pin=U28-4
Added Pin To Net: NetName=NetD26_2 Pin=U29-3
Added Pin To Net: NetName=24V Pin=U29-4
Added Pin To Net: NetName=NetD28_2 Pin=U30-3
Added Pin To Net: NetName=24V Pin=U30-4
Added Pin To Net: NetName=NetD30_2 Pin=U31-3
Added Pin To Net: NetName=24V Pin=U31-4
Added Pin To Net: NetName=NetD32_2 Pin=U32-3
Added Pin To Net: NetName=24V Pin=U32-4
Change Net Name : Old Net Name=NetR106_2 New Net Name=NetR56_2
Change Net Name : Old Net Name=NetR112_2 New Net Name=NetR57_2
Change Net Name : Old Net Name=NetR118_2 New Net Name=NetR58_2
Change Net Name : Old Net Name=NetR124_2 New Net Name=NetR59_2
Change Net Name : Old Net Name=NetR130_2 New Net Name=NetR60_2
Change Net Name : Old Net Name=NetR136_2 New Net Name=NetR61_2
Change Net Name : Old Net Name=NetR142_2 New Net Name=NetR62_2
Change Net Name : Old Net Name=NetR148_2 New Net Name=NetR63_2
Change Net Name : Old Net Name=NetR160_2 New Net Name=NetR65_2
Change Net Name : Old Net Name=NetR166_2 New Net Name=NetR66_2
Change Net Name : Old Net Name=NetR172_2 New Net Name=NetR67_2
Added Pin To Net: NetName=NetR11_2 Pin=R11-2
Added Pin To Net: NetName=NetR11_2 Pin=U10-3
Added Pin To Net: NetName=NetR11_2 Pin=U11-4
Added Net: Name=NetR11_2
Added Pin To Net: NetName=NetR12_1 Pin=R12-1
Added Pin To Net: NetName=NetR12_1 Pin=R13-1
Added Pin To Net: NetName=NetR12_1 Pin=U10-1
Added Net: Name=NetR12_1
Added Pin To Net: NetName=NetR14_1 Pin=R14-1
Added Pin To Net: NetName=NetR14_1 Pin=R25-2
Added Pin To Net: NetName=NetR14_1 Pin=U11-1
Added Net: Name=NetR14_1
Added Pin To Net: NetName=NetR26_2 Pin=R26-2
Added Pin To Net: NetName=NetR26_2 Pin=U12-3
Added Pin To Net: NetName=NetR26_2 Pin=U13-4
Added Net: Name=NetR26_2
Added Pin To Net: NetName=NetR27_1 Pin=R27-1
Added Pin To Net: NetName=NetR27_1 Pin=R28-2
Added Pin To Net: NetName=NetR27_1 Pin=U12-1
Added Net: Name=NetR27_1
Added Pin To Net: NetName=NetR29_1 Pin=R29-1
Added Pin To Net: NetName=NetR29_1 Pin=R30-2
Added Pin To Net: NetName=NetR29_1 Pin=U13-1
Added Net: Name=NetR29_1
Added Pin To Net: NetName=NetR31_2 Pin=R31-2
Added Pin To Net: NetName=NetR31_2 Pin=U12-5
Added Pin To Net: NetName=NetR31_2 Pin=U14-4
Added Net: Name=NetR31_2
Added Pin To Net: NetName=NetR32_1 Pin=R32-1
Added Pin To Net: NetName=NetR32_1 Pin=R33-1
Added Pin To Net: NetName=NetR32_1 Pin=U12-7
Added Net: Name=NetR32_1
Added Pin To Net: NetName=NetR34_1 Pin=R34-1
Added Pin To Net: NetName=NetR34_1 Pin=R35-2
Added Pin To Net: NetName=NetR34_1 Pin=U14-1
Added Net: Name=NetR34_1
Added Pin To Net: NetName=NetR36_1 Pin=R36-1
Added Pin To Net: NetName=NetR36_1 Pin=R37-2
Added Pin To Net: NetName=NetR36_1 Pin=U15-8
Added Net: Name=NetR36_1
Added Pin To Net: NetName=NetR36_2 Pin=R36-2
Added Pin To Net: NetName=NetR36_2 Pin=U15-3
Added Pin To Net: NetName=NetR36_2 Pin=U16-4
Added Net: Name=NetR36_2
Added Pin To Net: NetName=NetR39_1 Pin=R39-1
Added Pin To Net: NetName=NetR39_1 Pin=R40-2
Added Pin To Net: NetName=NetR39_1 Pin=U16-1
Added Net: Name=NetR39_1
Added Pin To Net: NetName=NetR41_2 Pin=R41-2
Added Pin To Net: NetName=NetR41_2 Pin=U15-5
Added Pin To Net: NetName=NetR41_2 Pin=U17-4
Added Net: Name=NetR41_2
Added Pin To Net: NetName=NetR44_1 Pin=R44-1
Added Pin To Net: NetName=NetR44_1 Pin=R45-2
Added Pin To Net: NetName=NetR44_1 Pin=U17-1
Added Net: Name=NetR44_1
Added Pin To Net: NetName=NetR46_1 Pin=R46-1
Added Pin To Net: NetName=NetR46_1 Pin=R47-2
Added Pin To Net: NetName=NetR46_1 Pin=U18-8
Added Net: Name=NetR46_1
Added Pin To Net: NetName=NetR46_2 Pin=R46-2
Added Pin To Net: NetName=NetR46_2 Pin=U18-3
Added Pin To Net: NetName=NetR46_2 Pin=U19-4
Added Net: Name=NetR46_2
Added Pin To Net: NetName=NetR47_1 Pin=R47-1
Added Pin To Net: NetName=NetR47_1 Pin=R48-2
Added Pin To Net: NetName=NetR47_1 Pin=U18-1
Added Net: Name=NetR47_1
Added Pin To Net: NetName=NetR49_1 Pin=R49-1
Added Pin To Net: NetName=NetR49_1 Pin=R50-2
Added Pin To Net: NetName=NetR49_1 Pin=U19-1
Added Net: Name=NetR49_1
Added Pin To Net: NetName=NetR51_2 Pin=R51-2
Added Pin To Net: NetName=NetR51_2 Pin=U18-5
Added Pin To Net: NetName=NetR51_2 Pin=U20-4
Added Net: Name=NetR51_2
Added Pin To Net: NetName=NetR52_1 Pin=R52-1
Added Pin To Net: NetName=NetR52_1 Pin=R53-1
Added Pin To Net: NetName=NetR52_1 Pin=U18-7
Added Net: Name=NetR52_1
Added Pin To Net: NetName=NetR54_1 Pin=R54-1
Added Pin To Net: NetName=NetR54_1 Pin=R55-2
Added Pin To Net: NetName=NetR54_1 Pin=U20-1
Added Net: Name=NetR54_1
Added Pin To Net: NetName=NetR64_2 Pin=R64-2
Added Pin To Net: NetName=NetR64_2 Pin=U29-2
Added Net: Name=NetR64_2
Added Pin To Net: NetName=VREF Pin=R9-2
Added Pin To Net: NetName=VREF Pin=R10-1
Added Pin To Net: NetName=VREF Pin=U10-2
Added Pin To Net: NetName=VREF Pin=U12-2
Added Pin To Net: NetName=VREF Pin=U12-6
Added Pin To Net: NetName=VREF Pin=U15-2
Added Pin To Net: NetName=VREF Pin=U15-6
Added Pin To Net: NetName=VREF Pin=U18-2
Added Pin To Net: NetName=VREF Pin=U18-6
Added Net: Name=VREF
Added Member To Class: ClassName=drvinput0 Member=Component R9 1.5K
Added Member To Class: ClassName=drvinput0 Member=Component R10 10K
Added Member To Class: ClassName=drvinput2 Member=Component R36 1K
Added Member To Class: ClassName=drvinput2 Member=Component R37 4.7K
Added Member To Class: ClassName=drvinput2 Member=Component R38 470R
Added Member To Class: ClassName=drvinput2 Member=Component R39 5.6K
Added Member To Class: ClassName=drvinput2 Member=Component R40 1K
Added Member To Class: ClassName=drvinput2 Member=Component R41 1K
Added Member To Class: ClassName=drvinput2 Member=Component R42 4.7K
Added Member To Class: ClassName=drvinput2 Member=Component R43 470R
Added Member To Class: ClassName=drvinput2 Member=Component R44 10K
Added Member To Class: ClassName=drvinput2 Member=Component R45 1K
Added Member To Class: ClassName=drvinput3 Member=Component R46 1K
Added Member To Class: ClassName=drvinput3 Member=Component R47 4.7K
Added Member To Class: ClassName=drvinput3 Member=Component R48 470R
Added Member To Class: ClassName=drvinput3 Member=Component R49 5.6K
Added Member To Class: ClassName=drvinput3 Member=Component R50 1K
Added Member To Class: ClassName=drvinput3 Member=Component R51 1K
Added Member To Class: ClassName=drvinput3 Member=Component R52 4.7K
Added Member To Class: ClassName=drvinput3 Member=Component R53 470R
Added Member To Class: ClassName=drvinput3 Member=Component R54 10K
Added Member To Class: ClassName=drvinput3 Member=Component R55 1K
Added Member To Class: ClassName=drvoutput4 Member=Component R64 300R
