Added Component: Designator=P3(HDR2X15SMT)
Added Component: Designator=P18(HDR1X8SMT)
Added Pin To Net: NetName=3.3V_DRV Pin=P3-1
Added Pin To Net: NetName=VBAT_DRV Pin=P3-2
Added Pin To Net: NetName=GND_DRV Pin=P3-3
Added Pin To Net: NetName=GND_DRV Pin=P3-4
Added Pin To Net: NetName=ETH_REF_CLK_DRV Pin=P3-5
Added Pin To Net: NetName=USART3_TX_DRV Pin=P3-6
Added Pin To Net: NetName=ETH_PHY_MDIO_DRV Pin=P3-7
Added Pin To Net: NetName=USART3_RX_DRV Pin=P3-8
Added Pin To Net: NetName=ETH_RMII_CRS_DV_DRV Pin=P3-9
Added Pin To Net: NetName=USART3_EN_DRV Pin=P3-10
Added Pin To Net: NetName=SYS_MCO1_DRV Pin=P3-11
Added Pin To Net: NetName=USART3_STATE_DRV Pin=P3-12
Added Pin To Net: NetName=ETH_RMII_TX_EN_DRV Pin=P3-13
Added Pin To Net: NetName=USART1_TX_DRV Pin=P3-14
Added Pin To Net: NetName=ETH_RMII_TXD0_DRV Pin=P3-15
Added Pin To Net: NetName=USART1_RX_DRV Pin=P3-16
Added Pin To Net: NetName=ETH_RMII_TXD1_DRV Pin=P3-17
Added Pin To Net: NetName=USART1_DTS_DRV Pin=P3-18
Added Pin To Net: NetName=ETH_PHY_RST_DRV Pin=P3-19
Added Pin To Net: NetName=DP_CHECK_IN_DRV Pin=P3-20
Added Pin To Net: NetName=ETH_RMII_MDC_DRV Pin=P3-21
Added Pin To Net: NetName=TIM3_CH1_CAP_DRV Pin=P3-22
Added Pin To Net: NetName=ETH_RMII_RXD0_DRV Pin=P3-23
Added Pin To Net: NetName=WIFI_SPI2_SCK_DRV Pin=P3-24
Added Pin To Net: NetName=ETH_RMII_RXD1_DRV Pin=P3-25
Added Pin To Net: NetName=WIFI_SPI2_RST_DRV Pin=P3-26
Added Pin To Net: NetName=WIFI_SPI2_INT_DRV Pin=P3-27
Added Pin To Net: NetName=WIFI_SPI2_MISO_DRV Pin=P3-28
Added Pin To Net: NetName=WIFI_SPI2_NSS_DRV Pin=P3-29
Added Pin To Net: NetName=WIFI_SPI2_MOSI_DRV Pin=P3-30
Added Pin To Net: NetName=3.3V_LK Pin=P18-1
Added Pin To Net: NetName=KEY_UP_LK Pin=P18-2
Added Pin To Net: NetName=KEY_DOWN_LK Pin=P18-3
Added Pin To Net: NetName=KEY_LEFT_LK Pin=P18-4
Added Pin To Net: NetName=KEY_RIGHT_LK Pin=P18-5
Added Pin To Net: NetName=KEY_ESC_LK Pin=P18-6
Added Pin To Net: NetName=KEY_ESC_LK Pin=P18-6
Added Pin To Net: NetName=KEY_ENTER_LK Pin=P18-7
Added Member To Class: ClassName=drvamap Member=Component P3 Header 15X2
Added Member To Class: ClassName=lcd&key Member=Component P18 Header 8
