Change Component Designator: Old Designator=C54 New Designator=C56
Change Component Designator: Old Designator=LR15 New Designator=LR3
Change Component Designator: Old Designator=Q25 New Designator=Q28
Change Component Designator: Old Designator=R59 New Designator=R101
Change Component Designator: Old Designator=R60 New Designator=R102
Change Component Designator: Old Designator=R61 New Designator=R103
Change Component Designator: Old Designator=R62 New Designator=R104
Change Component Designator: Old Designator=R63 New Designator=R105
Change Component Designator: Old Designator=R64 New Designator=R106
Change Component Designator: Old Designator=R65 New Designator=R107
Change Component Designator: Old Designator=R66 New Designator=R108
Change Component Designator: Old Designator=R67 New Designator=R109
Change Component Designator: Old Designator=R68 New Designator=R110
Change Component Designator: Old Designator=R69 New Designator=R111
Change Component Designator: Old Designator=R70 New Designator=R112
Change Component Designator: Old Designator=R71 New Designator=R113
Change Component Designator: Old Designator=R72 New Designator=R114
Change Component Designator: Old Designator=U10 New Designator=U16
Change Component Designator: Old Designator=U11 New Designator=U17
Change Component Designator: Old Designator=U12 New Designator=U18
Change Component Designator: Old Designator=U13 New Designator=U19
