Change Component Designator: Old Designator=C? New Designator=C79
Change Component Designator: Old Designator=C? New Designator=C80
Change Component Designator: Old Designator=D? New Designator=D45
Change Component Designator: Old Designator=D? New Designator=D46
Change Component Designator: Old Designator=D? New Designator=D47
Change Component Designator: Old Designator=D? New Designator=D48
Change Component Designator: Old Designator=K? New Designator=K9
Change Component Designator: Old Designator=K? New Designator=K10
Change Component Designator: Old Designator=L? New Designator=L11
Change Component Designator: Old Designator=L? New Designator=L12
Change Component Designator: Old Designator=Q? New Designator=Q44
Change Component Designator: Old Designator=Q? New Designator=Q45
Change Component Designator: Old Designator=Q? New Designator=Q46
Change Component Designator: Old Designator=Q? New Designator=Q47
Change Component Designator: Old Designator=R? New Designator=R153
Change Component Designator: Old Designator=R? New Designator=R154
Change Component Designator: Old Designator=R? New Designator=R155
Change Component Designator: Old Designator=R? New Designator=R156
Change Component Designator: Old Designator=R? New Designator=R157
Change Component Designator: Old Designator=R? New Designator=R158
Change Component Designator: Old Designator=R? New Designator=R159
Change Component Designator: Old Designator=R? New Designator=R160
Change Component Designator: Old Designator=R? New Designator=R161
Change Component Designator: Old Designator=R? New Designator=R162
Change Component Designator: Old Designator=R? New Designator=R163
Change Component Designator: Old Designator=R? New Designator=R164
Change Component Designator: Old Designator=U? New Designator=U29
Change Component Designator: Old Designator=U? New Designator=U30
