Change Component Designator: Old Designator=D45 New Designator=D49
Change Component Designator: Old Designator=D46 New Designator=D50
Change Component Designator: Old Designator=D47 New Designator=D51
Change Component Designator: Old Designator=D48 New Designator=D52
Change Component Designator: Old Designator=LR11 New Designator=LR14
Change Component Designator: Old Designator=LR12 New Designator=LR15
Change Component Designator: Old Designator=Q44 New Designator=Q48
Change Component Designator: Old Designator=Q45 New Designator=Q49
Change Component Designator: Old Designator=Q46 New Designator=Q50
Change Component Designator: Old Designator=Q47 New Designator=Q51
Change Component Designator: Old Designator=R153 New Designator=R206
Change Component Designator: Old Designator=R154 New Designator=R207
Change Component Designator: Old Designator=R155 New Designator=R208
Change Component Designator: Old Designator=R156 New Designator=R209
Change Component Designator: Old Designator=R157 New Designator=R210
Change Component Designator: Old Designator=R158 New Designator=R211
Change Component Designator: Old Designator=R159 New Designator=R212
Change Component Designator: Old Designator=R160 New Designator=R213
Change Component Designator: Old Designator=R161 New Designator=R214
Change Component Designator: Old Designator=R162 New Designator=R215
Change Component Designator: Old Designator=R163 New Designator=R216
Change Component Designator: Old Designator=R164 New Designator=R217
Change Component Designator: Old Designator=U29 New Designator=U37
Change Component Designator: Old Designator=U30 New Designator=U38
