Change Component Designator: Old Designator=C75 New Designator=C?
Change Component Designator: Old Designator=C76 New Designator=C?
Change Component Designator: Old Designator=D37 New Designator=D?
Change Component Designator: Old Designator=D38 New Designator=D?
Change Component Designator: Old Designator=D39 New Designator=D?
Change Component Designator: Old Designator=D40 New Designator=D?
Change Component Designator: Old Designator=K5 New Designator=K?
Change Component Designator: Old Designator=K6 New Designator=K?
Change Component Designator: Old Designator=L7 New Designator=L?
Change Component Designator: Old Designator=L8 New Designator=L?
Change Component Designator: Old Designator=Q36 New Designator=Q?
Change Component Designator: Old Designator=Q37 New Designator=Q?
Change Component Designator: Old Designator=Q38 New Designator=Q?
Change Component Designator: Old Designator=Q39 New Designator=Q?
Change Component Designator: Old Designator=R129 New Designator=R?
Change Component Designator: Old Designator=R130 New Designator=R?
Change Component Designator: Old Designator=R131 New Designator=R?
Change Component Designator: Old Designator=R132 New Designator=R?
Change Component Designator: Old Designator=R133 New Designator=R?
Change Component Designator: Old Designator=R134 New Designator=R?
Change Component Designator: Old Designator=R135 New Designator=R?
Change Component Designator: Old Designator=R136 New Designator=R?
Change Component Designator: Old Designator=R137 New Designator=R?
Change Component Designator: Old Designator=R138 New Designator=R?
Change Component Designator: Old Designator=R139 New Designator=R?
Change Component Designator: Old Designator=R140 New Designator=R?
Change Component Designator: Old Designator=U25 New Designator=U?
Change Component Designator: Old Designator=U26 New Designator=U?
