Change Component Designator: Old Designator=D37 New Designator=D41
Change Component Designator: Old Designator=D38 New Designator=D42
Change Component Designator: Old Designator=D39 New Designator=D43
Change Component Designator: Old Designator=D40 New Designator=D44
Change Component Designator: Old Designator=LR7 New Designator=LR10
Change Component Designator: Old Designator=LR8 New Designator=LR11
Change Component Designator: Old Designator=Q36 New Designator=Q40
Change Component Designator: Old Designator=Q37 New Designator=Q41
Change Component Designator: Old Designator=Q38 New Designator=Q42
Change Component Designator: Old Designator=Q39 New Designator=Q43
Change Component Designator: Old Designator=R129 New Designator=R182
Change Component Designator: Old Designator=R130 New Designator=R183
Change Component Designator: Old Designator=R131 New Designator=R184
Change Component Designator: Old Designator=R132 New Designator=R185
Change Component Designator: Old Designator=R133 New Designator=R186
Change Component Designator: Old Designator=R134 New Designator=R187
Change Component Designator: Old Designator=R135 New Designator=R188
Change Component Designator: Old Designator=R136 New Designator=R189
Change Component Designator: Old Designator=R137 New Designator=R190
Change Component Designator: Old Designator=R138 New Designator=R191
Change Component Designator: Old Designator=R139 New Designator=R192
Change Component Designator: Old Designator=R140 New Designator=R193
Change Component Designator: Old Designator=U25 New Designator=U33
Change Component Designator: Old Designator=U26 New Designator=U34
