Change Component Designator: Old Designator=D41 New Designator=D45
Change Component Designator: Old Designator=D42 New Designator=D46
Change Component Designator: Old Designator=D43 New Designator=D47
Change Component Designator: Old Designator=D44 New Designator=D48
Change Component Designator: Old Designator=LR9 New Designator=LR12
Change Component Designator: Old Designator=LR10 New Designator=LR13
Change Component Designator: Old Designator=Q40 New Designator=Q44
Change Component Designator: Old Designator=Q41 New Designator=Q45
Change Component Designator: Old Designator=Q42 New Designator=Q46
Change Component Designator: Old Designator=Q43 New Designator=Q47
Change Component Designator: Old Designator=R141 New Designator=R194
Change Component Designator: Old Designator=R142 New Designator=R195
Change Component Designator: Old Designator=R143 New Designator=R196
Change Component Designator: Old Designator=R144 New Designator=R197
Change Component Designator: Old Designator=R145 New Designator=R198
Change Component Designator: Old Designator=R146 New Designator=R199
Change Component Designator: Old Designator=R147 New Designator=R200
Change Component Designator: Old Designator=R148 New Designator=R201
Change Component Designator: Old Designator=R149 New Designator=R202
Change Component Designator: Old Designator=R150 New Designator=R203
Change Component Designator: Old Designator=R151 New Designator=R204
Change Component Designator: Old Designator=R152 New Designator=R205
Change Component Designator: Old Designator=U27 New Designator=U35
Change Component Designator: Old Designator=U28 New Designator=U36
