Change Component Designator: Old Designator=C104 New Designator=C105
Change Component Designator: Old Designator=C105 New Designator=C106
Change Component Designator: Old Designator=C106 New Designator=C107
Change Component Designator: Old Designator=C107 New Designator=C104
Change Component Designator: Old Designator=D49 New Designator=D53
Change Component Designator: Old Designator=D50 New Designator=D54
Change Component Designator: Old Designator=D51 New Designator=D55
Change Component Designator: Old Designator=D52 New Designator=D56
Change Component Designator: Old Designator=L13 New Designator=L2
Change Component Designator: Old Designator=L14 New Designator=L3
Change Component Designator: Old Designator=L15 New Designator=L4
Change Component Designator: Old Designator=R173 New Designator=R226
Change Component Designator: Old Designator=R174 New Designator=R227
Change Component Designator: Old Designator=R175 New Designator=R228
Change Component Designator: Old Designator=R176 New Designator=R229
Change Component Designator: Old Designator=R177 New Designator=R230
Change Component Designator: Old Designator=R178 New Designator=R231
Change Component Designator: Old Designator=R179 New Designator=R232
Change Component Designator: Old Designator=R180 New Designator=R233
Change Component Designator: Old Designator=R181 New Designator=R234
Change Component Designator: Old Designator=R182 New Designator=R235
Change Component Designator: Old Designator=R183 New Designator=R236
Change Component Designator: Old Designator=R184 New Designator=R237
Change Component Designator: Old Designator=R185 New Designator=R238
Change Component Designator: Old Designator=U31 New Designator=U39
Change Component Designator: Old Designator=U31 New Designator=U39
Change Component Designator: Old Designator=U32 New Designator=U40
Change Component Designator: Old Designator=U33 New Designator=U41
