Removed Pin From Net: NetName=TIM2_CH3_CAP_IN Pin=D2-2
Removed Pin From Net: NetName=RMT_STARTUP_IN Pin=D3-2
Removed Pin From Net: NetName=DETECT_IN1 Pin=D4-2
Removed Pin From Net: NetName=DETECT_IN2 Pin=D5-2
Removed Pin From Net: NetName=DETECT_IN3 Pin=D6-2
Removed Pin From Net: NetName=DETECT_IN4 Pin=D7-2
Removed Pin From Net: NetName=DETECT_IN5 Pin=D24-2
Removed Pin From Net: NetName=DETECT_IN6 Pin=D26-2
Removed Pin From Net: NetName=DETECT_IN7 Pin=D27-2
Removed Pin From Net: NetName=DETECT_IN8 Pin=D28-2
Removed Pin From Net: NetName=DETECT_IN9 Pin=D29-2
Removed Pin From Net: NetName=DETECT_IN10 Pin=D30-2
Removed Pin From Net: NetName=DETECT_IN11 Pin=D43-2
Removed Pin From Net: NetName=DETECT_IN12 Pin=D44-2
Removed Pin From Net: NetName=NetD24_1 Pin=R4-1
Removed Pin From Net: NetName=NetD26_1 Pin=R6-1
Removed Pin From Net: NetName=NetD27_1 Pin=R7-1
Removed Pin From Net: NetName=NetD28_1 Pin=R8-1
Removed Pin From Net: NetName=NetD29_1 Pin=R9-1
Removed Pin From Net: NetName=NetD30_1 Pin=R10-1
Removed Pin From Net: NetName=NetD43_1 Pin=R11-1
Removed Pin From Net: NetName=NetD44_1 Pin=R12-1
Removed Pin From Net: NetName=NetD2_1 Pin=R14-1
Removed Pin From Net: NetName=NetD3_1 Pin=R15-1
Removed Pin From Net: NetName=NetD4_1 Pin=R16-1
Removed Pin From Net: NetName=NetD5_1 Pin=R17-1
Removed Pin From Net: NetName=NetD6_1 Pin=R18-1
Removed Pin From Net: NetName=NetD7_1 Pin=R19-1
Change Component Designator: OldDesignator=D44 NewDesignator=D1
Added Pin To Net: NetName=TIM2_CH3_CAP_IN Pin=D1-2
Added Pin To Net: NetName=RMT_STARTUP_IN Pin=D2-2
Added Pin To Net: NetName=DETECT_IN1 Pin=D3-2
Added Pin To Net: NetName=DETECT_IN2 Pin=D4-2
Added Pin To Net: NetName=DETECT_IN3 Pin=D5-2
Added Pin To Net: NetName=DETECT_IN4 Pin=D6-2
Added Pin To Net: NetName=DETECT_IN5 Pin=D7-2
Added Pin To Net: NetName=DETECT_IN6 Pin=D24-2
Added Pin To Net: NetName=DETECT_IN7 Pin=D26-2
Added Pin To Net: NetName=DETECT_IN8 Pin=D27-2
Added Pin To Net: NetName=DETECT_IN9 Pin=D28-2
Added Pin To Net: NetName=DETECT_IN10 Pin=D29-2
Added Pin To Net: NetName=DETECT_IN11 Pin=D30-2
Added Pin To Net: NetName=DETECT_IN12 Pin=D43-2
Added Pin To Net: NetName=NetD7_1 Pin=R4-1
Added Pin To Net: NetName=NetD24_1 Pin=R6-1
Added Pin To Net: NetName=NetD26_1 Pin=R7-1
Added Pin To Net: NetName=NetD27_1 Pin=R8-1
Added Pin To Net: NetName=NetD28_1 Pin=R9-1
Added Pin To Net: NetName=NetD29_1 Pin=R10-1
Added Pin To Net: NetName=NetD30_1 Pin=R11-1
Added Pin To Net: NetName=NetD43_1 Pin=R12-1
Added Pin To Net: NetName=NetD44_1 Pin=R14-1
Added Pin To Net: NetName=NetD2_1 Pin=R15-1
Added Pin To Net: NetName=NetD3_1 Pin=R16-1
Added Pin To Net: NetName=NetD4_1 Pin=R17-1
Added Pin To Net: NetName=NetD5_1 Pin=R18-1
Added Pin To Net: NetName=NetD6_1 Pin=R19-1
Change Net Name : Old Net Name=NetD44_1 New Net Name=NetD1_1
