Removed Pin From Net: NetName=VALVE_DRIVER4 Pin=U16-11
Removed Pin From Net: NetName=VAVLE_DRIVER3 Pin=U16-12
Removed Pin From Net: NetName=VALVE_DRIVER2 Pin=U16-13
Removed Pin From Net: NetName=VALVE_DRIVER1 Pin=U16-14
Removed Pin From Net: NetName=VLV_DLY_DRIVER Pin=U16-15
Removed Pin From Net: NetName=VLV_MAIN_DRIVER Pin=U16-16
Removed Pin From Net: NetName=VALVE_DRIVER8 Pin=U17-15
Removed Pin From Net: NetName=VALVE_DRIVER7 Pin=U17-16
Removed Pin From Net: NetName=VALVE_DRIVER6 Pin=U17-17
Removed Pin From Net: NetName=VALVE_DRIVER5 Pin=U17-18
Added Pin To Net: NetName=VALVE_DRIVER4_OUT Pin=U16-11
Added Pin To Net: NetName=VAVLE_DRIVER3_OUT Pin=U16-12
Added Pin To Net: NetName=VALVE_DRIVER2_OUT Pin=U16-13
Added Pin To Net: NetName=VALVE_DRIVER1_OUT Pin=U16-14
Added Pin To Net: NetName=VLV_DLY_DRIVER_OUT Pin=U16-15
Added Pin To Net: NetName=VLV_MAIN_DRIVER_OUT Pin=U16-16
Added Pin To Net: NetName=LEVEL_DRV2_OUT Pin=U17-13
Added Pin To Net: NetName=LEVEL_DRV1_OUT Pin=U17-14
Added Pin To Net: NetName=VALVE_DRIVER8_OUT Pin=U17-15
Added Pin To Net: NetName=VALVE_DRIVER7_OUT Pin=U17-16
Added Pin To Net: NetName=VALVE_DRIVER6_OUT Pin=U17-17
Added Pin To Net: NetName=VALVE_DRIVER5_OUT Pin=U17-18
