Removed Pin From Net: NetName=GND Pin=D1-2
Removed Pin From Net: NetName=GND Pin=D2-2
Removed Pin From Net: NetName=GND Pin=D3-2
Removed Pin From Net: NetName=GND Pin=D4-2
Removed Pin From Net: NetName=GND Pin=D5-2
Removed Pin From Net: NetName=GND Pin=D6-2
Removed Pin From Net: NetName=GND Pin=D7-2
Removed Pin From Net: NetName=GND Pin=D8-2
Removed Pin From Net: NetName=GND Pin=D9-2
Removed Pin From Net: NetName=GND Pin=D10-2
Removed Pin From Net: NetName=GND Pin=D11-2
Removed Pin From Net: NetName=GND Pin=D12-2
Removed Pin From Net: NetName=GND Pin=D13-2
Removed Pin From Net: NetName=GND Pin=D14-2
Removed Pin From Net: NetName=GND Pin=D15-2
Removed Pin From Net: NetName=GND Pin=D16-2
Removed Pin From Net: NetName=GND Pin=D17-2
Removed Pin From Net: NetName=GND Pin=D18-2
Removed Pin From Net: NetName=GND Pin=D19-2
Removed Pin From Net: NetName=GND Pin=D20-2
Removed Pin From Net: NetName=GND Pin=D21-2
Removed Pin From Net: NetName=GND Pin=D22-2
Removed Pin From Net: NetName=3.3V Pin=Q1-2
Removed Pin From Net: NetName=3.3V Pin=Q2-2
Removed Pin From Net: NetName=3.3V Pin=Q3-2
Removed Pin From Net: NetName=3.3V Pin=Q4-2
Removed Pin From Net: NetName=3.3V Pin=Q5-2
Removed Pin From Net: NetName=3.3V Pin=Q6-2
Removed Pin From Net: NetName=3.3V Pin=Q7-2
Removed Pin From Net: NetName=3.3V Pin=Q8-2
Removed Pin From Net: NetName=3.3V Pin=Q9-2
Removed Pin From Net: NetName=3.3V Pin=Q10-2
Removed Pin From Net: NetName=3.3V Pin=Q11-2
Removed Pin From Net: NetName=3.3V Pin=Q12-2
Removed Pin From Net: NetName=3.3V Pin=Q13-2
Removed Pin From Net: NetName=3.3V Pin=Q14-2
Removed Pin From Net: NetName=3.3V Pin=Q15-2
Removed Pin From Net: NetName=3.3V Pin=Q16-2
Removed Pin From Net: NetName=3.3V Pin=Q17-2
Removed Pin From Net: NetName=3.3V Pin=Q18-2
Removed Pin From Net: NetName=3.3V Pin=Q19-2
Removed Pin From Net: NetName=3.3V Pin=Q20-2
Removed Pin From Net: NetName=3.3V Pin=Q21-2
Removed Pin From Net: NetName=3.3V Pin=Q23-2
Removed Pin From Net: NetName=TIM2_CH3_CAP Pin=R6-1
Removed Pin From Net: NetName=DP_STARTUP Pin=R7-1
Removed Pin From Net: NetName=RMT_STARTUP Pin=R8-1
Removed Pin From Net: NetName=NetD1_1 Pin=R9-2
Removed Pin From Net: NetName=NetD2_1 Pin=R10-2
Removed Pin From Net: NetName=NetD3_1 Pin=R11-2
Removed Pin From Net: NetName=LEVEL_DETECT_H1 Pin=R12-1
Removed Pin From Net: NetName=LEVEL_DETECT_L1 Pin=R13-1
Removed Pin From Net: NetName=LEVEL_DETECT_H2 Pin=R14-1
Removed Pin From Net: NetName=LEVEL_DETECT_L2 Pin=R15-1
Removed Pin From Net: NetName=NetD4_1 Pin=R16-2
Removed Pin From Net: NetName=NetD5_1 Pin=R17-2
Removed Pin From Net: NetName=NetD6_1 Pin=R18-1
Removed Pin From Net: NetName=NetD7_1 Pin=R19-2
Removed Pin From Net: NetName=VLV_MAIN_DRIVER Pin=R22-1
Removed Pin From Net: NetName=VLV_DLY_DRIVER Pin=R23-1
Removed Pin From Net: NetName=VALVE_DRIVER1 Pin=R24-1
Removed Pin From Net: NetName=VALVE_DRIVER2 Pin=R25-1
Removed Pin From Net: NetName=VAVLE_DRIVER3 Pin=R32-1
Removed Pin From Net: NetName=VALVE_DRIVER4 Pin=R33-1
Removed Pin From Net: NetName=VALVE_DRIVER5 Pin=R34-1
Removed Pin From Net: NetName=VALVE_DRIVER6 Pin=R35-1
Removed Pin From Net: NetName=VALVE_DRIVER7 Pin=R36-1
Removed Pin From Net: NetName=VALVE_DRIVER8 Pin=R37-1
Removed Pin From Net: NetName=LEVEL_DRV_OUT1 Pin=R44-1
Removed Pin From Net: NetName=LEVEL_DRV_OUT2 Pin=R45-1
Removed Pin From Net: NetName=VALVE_DRIVER1 Pin=U1-1
Removed Pin From Net: NetName=VALVE_DRIVER2 Pin=U1-2
Removed Pin From Net: NetName=VAVLE_DRIVER3 Pin=U1-3
Removed Pin From Net: NetName=VALVE_DRIVER4 Pin=U1-4
Removed Pin From Net: NetName=VALVE_DRIVER5 Pin=U1-5
Removed Pin From Net: NetName=DP_STARTUP Pin=U1-35
Removed Pin From Net: NetName=RMT_STARTUP Pin=U1-36
Removed Pin From Net: NetName=VALVE_DRIVER6 Pin=U1-38
Removed Pin From Net: NetName=VALVE_DRIVER7 Pin=U1-39
Removed Pin From Net: NetName=VALVE_DRIVER8 Pin=U1-40
Removed Pin From Net: NetName=LEVEL_DETECT_H1 Pin=U1-41
Removed Pin From Net: NetName=LEVEL_DETECT_L1 Pin=U1-42
Removed Pin From Net: NetName=LEVEL_DRV_OUT1 Pin=U1-43
Removed Pin From Net: NetName=LEVEL_DETECT_H2 Pin=U1-44
Removed Pin From Net: NetName=LEVEL_DETECT_L2 Pin=U1-45
Removed Pin From Net: NetName=LEVEL_DRV_OUT2 Pin=U1-46
Removed Pin From Net: NetName=TIM2_CH3_CAP Pin=U1-47
Removed Pin From Net: NetName=VLV_MAIN_DRIVER Pin=U1-97
Removed Pin From Net: NetName=VLV_DLY_DRIVER Pin=U1-98
Removed Member From Class: ClassName=cpuledin Member=Q1
Removed Member From Class: ClassName=cpuledin Member=Q2
Removed Member From Class: ClassName=cpuledin Member=Q3
Removed Member From Class: ClassName=cpuledin Member=Q4
Removed Member From Class: ClassName=cpuledin Member=Q5
Removed Member From Class: ClassName=cpuledin Member=Q6
Removed Member From Class: ClassName=cpuledin Member=Q7
Removed Member From Class: ClassName=cpuledout Member=Q8
Removed Member From Class: ClassName=cpuledout Member=Q9
Removed Member From Class: ClassName=cpuledout Member=Q10
Removed Member From Class: ClassName=cpuledout Member=Q11
Removed Member From Class: ClassName=cpuledout Member=Q12
Removed Member From Class: ClassName=cpuledout Member=Q13
Removed Member From Class: ClassName=cpuledout Member=Q14
Removed Member From Class: ClassName=cpuledout Member=Q15
Removed Member From Class: ClassName=cpuledout Member=Q16
Removed Member From Class: ClassName=cpuledout Member=Q17
Removed Member From Class: ClassName=cpuledout Member=Q18
Removed Member From Class: ClassName=cpuledout Member=Q19
Removed Member From Class: ClassName=cpuledout Member=Q20
Removed Member From Class: ClassName=cpuledout Member=Q21
Removed Member From Class: ClassName=cpuledout Member=Q23
Change Component Comment : Designator=R9 Old Comment=1K New Comment=300R
Change Component Comment : Designator=R10 Old Comment=1K New Comment=300R
Change Component Comment : Designator=R11 Old Comment=1K New Comment=300R
Change Component Comment : Designator=R16 Old Comment=1K New Comment=300R
Change Component Comment : Designator=R17 Old Comment=1K New Comment=300R
Change Component Comment : Designator=R18 Old Comment=1K New Comment=300R
Change Component Comment : Designator=R19 Old Comment=1K New Comment=300R
Change Component Comment : Designator=R20 Old Comment=1K New Comment=300R
Change Component Comment : Designator=R21 Old Comment=1K New Comment=300R
Change Component Comment : Designator=R22 Old Comment=1K New Comment=300R
Change Component Comment : Designator=R23 Old Comment=1K New Comment=300R
Change Component Comment : Designator=R24 Old Comment=1K New Comment=300R
Change Component Comment : Designator=R25 Old Comment=1K New Comment=300R
Change Component Comment : Designator=R32 Old Comment=1K New Comment=300R
Change Component Comment : Designator=R33 Old Comment=1K New Comment=300R
Change Component Comment : Designator=R34 Old Comment=1K New Comment=300R
Change Component Comment : Designator=R35 Old Comment=1K New Comment=300R
Change Component Comment : Designator=R36 Old Comment=1K New Comment=300R
Change Component Comment : Designator=R37 Old Comment=1K New Comment=300R
Change Component Comment : Designator=R44 Old Comment=1K New Comment=300R
Change Component Comment : Designator=R45 Old Comment=1K New Comment=300R
Change Component Comment : Designator=R46 Old Comment=1K New Comment=300R
Change Component Designator: OldDesignator=R9 NewDesignator=R6
Change Component Designator: OldDesignator=R10 NewDesignator=R7
Change Component Designator: OldDesignator=R11 NewDesignator=R8
Change Component Designator: OldDesignator=R16 NewDesignator=R9
Change Component Designator: OldDesignator=R17 NewDesignator=R10
Change Component Designator: OldDesignator=R18 NewDesignator=R11
Change Component Designator: OldDesignator=R19 NewDesignator=R12
Added Component: Designator=C44(CAPC2012M)
Added Component: Designator=C61(CAPC2012M)
Added Component: Designator=C62(CAPC2012M)
Added Component: Designator=R16(RESC2012M)
Added Component: Designator=R17(RESC2012M)
Added Component: Designator=R18(RESC2012M)
Added Component: Designator=R19(RESC2012M)
Added Component: Designator=U15(SO20_M)
Added Component: Designator=U16(SO20_M)
Added Component: Designator=U17(SO20_M)
Added Pin To Net: NetName=3.3V Pin=C44-1
Added Pin To Net: NetName=GND Pin=C44-2
Added Pin To Net: NetName=3.3V Pin=C61-1
Added Pin To Net: NetName=GND Pin=C61-2
Added Pin To Net: NetName=3.3V Pin=C62-1
Added Pin To Net: NetName=GND Pin=C62-2
Added Pin To Net: NetName=TIM2_CH3_CAP Pin=D1-2
Added Pin To Net: NetName=DP_STARTUP Pin=D2-2
Added Pin To Net: NetName=RMT_STARTUP Pin=D3-2
Added Pin To Net: NetName=LEVEL_DETECT_H1 Pin=D4-2
Added Pin To Net: NetName=LEVEL_DETECT_L1 Pin=D5-2
Added Pin To Net: NetName=LEVEL_DETECT_H2 Pin=D6-2
Added Pin To Net: NetName=LEVEL_DETECT_L2 Pin=D7-2
Added Pin To Net: NetName=VLV_MAIN_DRIVER Pin=D10-2
Added Pin To Net: NetName=VLV_DLY_DRIVER Pin=D11-2
Added Pin To Net: NetName=VALVE_DRIVER1 Pin=D12-2
Added Pin To Net: NetName=VALVE_DRIVER2 Pin=D13-2
Added Pin To Net: NetName=VAVLE_DRIVER3 Pin=D14-2
Added Pin To Net: NetName=VALVE_DRIVER4 Pin=D15-2
Added Pin To Net: NetName=VALVE_DRIVER5 Pin=D16-2
Added Pin To Net: NetName=VALVE_DRIVER6 Pin=D17-2
Added Pin To Net: NetName=VALVE_DRIVER7 Pin=D18-2
Added Pin To Net: NetName=VALVE_DRIVER8 Pin=D19-2
Added Pin To Net: NetName=LEVEL_DRV_OUT1 Pin=D20-2
Added Pin To Net: NetName=LEVEL_DRV_OUT2 Pin=D21-2
Added Pin To Net: NetName=NetD1_1 Pin=R13-1
Added Pin To Net: NetName=3.3V Pin=R13-2
Added Pin To Net: NetName=NetD2_1 Pin=R14-1
Added Pin To Net: NetName=3.3V Pin=R14-2
Added Pin To Net: NetName=NetD3_1 Pin=R15-1
Added Pin To Net: NetName=3.3V Pin=R15-2
Added Pin To Net: NetName=NetD4_1 Pin=R16-1
Added Pin To Net: NetName=3.3V Pin=R16-2
Added Pin To Net: NetName=NetD5_1 Pin=R17-1
Added Pin To Net: NetName=3.3V Pin=R17-2
Added Pin To Net: NetName=NetD6_1 Pin=R18-1
Added Pin To Net: NetName=3.3V Pin=R18-2
Added Pin To Net: NetName=NetD7_1 Pin=R19-1
Added Pin To Net: NetName=3.3V Pin=R19-2
Added Pin To Net: NetName=3.3V Pin=R26-1
Added Pin To Net: NetName=3.3V Pin=R27-1
Added Pin To Net: NetName=3.3V Pin=R28-1
Added Pin To Net: NetName=3.3V Pin=R29-1
Added Pin To Net: NetName=3.3V Pin=R30-1
Added Pin To Net: NetName=3.3V Pin=R31-1
Added Pin To Net: NetName=3.3V Pin=R38-1
Added Pin To Net: NetName=3.3V Pin=R39-1
Added Pin To Net: NetName=3.3V Pin=R40-1
Added Pin To Net: NetName=3.3V Pin=R41-1
Added Pin To Net: NetName=3.3V Pin=R42-1
Added Pin To Net: NetName=3.3V Pin=R43-1
Added Pin To Net: NetName=3.3V Pin=R48-1
Added Pin To Net: NetName=3.3V Pin=R49-1
Added Pin To Net: NetName=3.3V Pin=R50-1
Added Pin To Net: NetName=GND Pin=U15-1
Added Pin To Net: NetName=GND Pin=U15-10
Added Pin To Net: NetName=LEVEL_DETECT_L2 Pin=U15-12
Added Pin To Net: NetName=LEVEL_DETECT_H2 Pin=U15-13
Added Pin To Net: NetName=LEVEL_DETECT_L1 Pin=U15-14
Added Pin To Net: NetName=LEVEL_DETECT_H1 Pin=U15-15
Added Pin To Net: NetName=RMT_STARTUP Pin=U15-16
Added Pin To Net: NetName=DP_STARTUP Pin=U15-17
Added Pin To Net: NetName=TIM2_CH3_CAP Pin=U15-18
Added Pin To Net: NetName=GND Pin=U15-19
Added Pin To Net: NetName=3.3V Pin=U15-20
Added Pin To Net: NetName=3.3V Pin=U16-1
Added Pin To Net: NetName=GND Pin=U16-10
Added Pin To Net: NetName=VALVE_DRIVER4 Pin=U16-11
Added Pin To Net: NetName=VAVLE_DRIVER3 Pin=U16-12
Added Pin To Net: NetName=VALVE_DRIVER2 Pin=U16-13
Added Pin To Net: NetName=VALVE_DRIVER1 Pin=U16-14
Added Pin To Net: NetName=VLV_DLY_DRIVER Pin=U16-15
Added Pin To Net: NetName=VLV_MAIN_DRIVER Pin=U16-16
Added Pin To Net: NetName=GND Pin=U16-19
Added Pin To Net: NetName=3.3V Pin=U16-20
Added Pin To Net: NetName=3.3V Pin=U17-1
Added Pin To Net: NetName=GND Pin=U17-10
Added Pin To Net: NetName=LEVEL_DRV_OUT2 Pin=U17-13
Added Pin To Net: NetName=LEVEL_DRV_OUT1 Pin=U17-14
Added Pin To Net: NetName=VALVE_DRIVER8 Pin=U17-15
Added Pin To Net: NetName=VALVE_DRIVER7 Pin=U17-16
Added Pin To Net: NetName=VALVE_DRIVER6 Pin=U17-17
Added Pin To Net: NetName=VALVE_DRIVER5 Pin=U17-18
Added Pin To Net: NetName=GND Pin=U17-19
Added Pin To Net: NetName=3.3V Pin=U17-20
Change Net Name : Old Net Name=USART2_LINK New Net Name=USART2_LINK_OUT
Change Net Name : Old Net Name=WIFI_USART6_LINK New Net Name=WIFI_USART6_LINK_OUT
Change Net Name : Old Net Name=WIFI_USART6_TRANS New Net Name=WIFI_USART6_TRANS_OUT
Added Pin To Net: NetName=DP_STARTUP_IN Pin=R7-1
Added Pin To Net: NetName=DP_STARTUP_IN Pin=U1-35
Added Net: Name=DP_STARTUP_IN
Added Pin To Net: NetName=LEVEL_DETECT_H1_IN Pin=R9-2
Added Pin To Net: NetName=LEVEL_DETECT_H1_IN Pin=U1-41
Added Net: Name=LEVEL_DETECT_H1_IN
Added Pin To Net: NetName=LEVEL_DETECT_H2_IN Pin=R11-2
Added Pin To Net: NetName=LEVEL_DETECT_H2_IN Pin=U1-44
Added Net: Name=LEVEL_DETECT_H2_IN
Added Pin To Net: NetName=LEVEL_DETECT_L1_IN Pin=R10-2
Added Pin To Net: NetName=LEVEL_DETECT_L1_IN Pin=U1-42
Added Net: Name=LEVEL_DETECT_L1_IN
Added Pin To Net: NetName=LEVEL_DETECT_L2_IN Pin=R12-1
Added Pin To Net: NetName=LEVEL_DETECT_L2_IN Pin=U1-45
Added Net: Name=LEVEL_DETECT_L2_IN
Added Pin To Net: NetName=LEVEL_DRV_OUT1_OUT Pin=R44-1
Added Pin To Net: NetName=LEVEL_DRV_OUT1_OUT Pin=U1-43
Added Net: Name=LEVEL_DRV_OUT1_OUT
Added Pin To Net: NetName=LEVEL_DRV_OUT2_OUT Pin=R45-1
Added Pin To Net: NetName=LEVEL_DRV_OUT2_OUT Pin=U1-46
Added Net: Name=LEVEL_DRV_OUT2_OUT
Added Pin To Net: NetName=NetR6_1 Pin=R6-1
Added Pin To Net: NetName=NetR6_1 Pin=U15-2
Added Net: Name=NetR6_1
Added Pin To Net: NetName=NetR7_2 Pin=R7-2
Added Pin To Net: NetName=NetR7_2 Pin=U15-3
Added Net: Name=NetR7_2
Added Pin To Net: NetName=NetR8_1 Pin=R8-1
Added Pin To Net: NetName=NetR8_1 Pin=U15-4
Added Net: Name=NetR8_1
Added Pin To Net: NetName=NetR9_1 Pin=R9-1
Added Pin To Net: NetName=NetR9_1 Pin=U15-5
Added Net: Name=NetR9_1
Added Pin To Net: NetName=NetR10_1 Pin=R10-1
Added Pin To Net: NetName=NetR10_1 Pin=U15-6
Added Net: Name=NetR10_1
Added Pin To Net: NetName=NetR11_1 Pin=R11-1
Added Pin To Net: NetName=NetR11_1 Pin=U15-7
Added Net: Name=NetR11_1
Added Pin To Net: NetName=NetR12_2 Pin=R12-2
Added Pin To Net: NetName=NetR12_2 Pin=U15-8
Added Net: Name=NetR12_2
Added Pin To Net: NetName=NetR20_2 Pin=R20-2
Added Pin To Net: NetName=NetR20_2 Pin=U16-2
Added Net: Name=NetR20_2
Added Pin To Net: NetName=NetR21_2 Pin=R21-2
Added Pin To Net: NetName=NetR21_2 Pin=U16-3
Added Net: Name=NetR21_2
Added Pin To Net: NetName=NetR22_2 Pin=R22-2
Added Pin To Net: NetName=NetR22_2 Pin=U16-4
Added Net: Name=NetR22_2
Added Pin To Net: NetName=NetR23_2 Pin=R23-2
Added Pin To Net: NetName=NetR23_2 Pin=U16-5
Added Net: Name=NetR23_2
Added Pin To Net: NetName=NetR24_2 Pin=R24-2
Added Pin To Net: NetName=NetR24_2 Pin=U16-6
Added Net: Name=NetR24_2
Added Pin To Net: NetName=NetR25_2 Pin=R25-2
Added Pin To Net: NetName=NetR25_2 Pin=U16-7
Added Net: Name=NetR25_2
Added Pin To Net: NetName=NetR32_2 Pin=R32-2
Added Pin To Net: NetName=NetR32_2 Pin=U16-8
Added Net: Name=NetR32_2
Added Pin To Net: NetName=NetR33_2 Pin=R33-2
Added Pin To Net: NetName=NetR33_2 Pin=U16-9
Added Net: Name=NetR33_2
Added Pin To Net: NetName=NetR34_2 Pin=R34-2
Added Pin To Net: NetName=NetR34_2 Pin=U17-2
Added Net: Name=NetR34_2
Added Pin To Net: NetName=NetR35_2 Pin=R35-2
Added Pin To Net: NetName=NetR35_2 Pin=U17-3
Added Net: Name=NetR35_2
Added Pin To Net: NetName=NetR36_2 Pin=R36-2
Added Pin To Net: NetName=NetR36_2 Pin=U17-4
Added Net: Name=NetR36_2
Added Pin To Net: NetName=NetR37_2 Pin=R37-2
Added Pin To Net: NetName=NetR37_2 Pin=U17-5
Added Net: Name=NetR37_2
Added Pin To Net: NetName=NetR44_2 Pin=R44-2
Added Pin To Net: NetName=NetR44_2 Pin=U17-6
Added Net: Name=NetR44_2
Added Pin To Net: NetName=NetR45_2 Pin=R45-2
Added Pin To Net: NetName=NetR45_2 Pin=U17-7
Added Net: Name=NetR45_2
Added Pin To Net: NetName=NetR46_2 Pin=R46-2
Added Pin To Net: NetName=NetR46_2 Pin=U17-8
Added Net: Name=NetR46_2
Added Pin To Net: NetName=RMT_STARTUP_IN Pin=R8-2
Added Pin To Net: NetName=RMT_STARTUP_IN Pin=U1-36
Added Net: Name=RMT_STARTUP_IN
Added Pin To Net: NetName=TIM2_CH3_CAP_IN Pin=R6-2
Added Pin To Net: NetName=TIM2_CH3_CAP_IN Pin=U1-47
Added Net: Name=TIM2_CH3_CAP_IN
Added Pin To Net: NetName=USART2_LINK Pin=D22-2
Added Pin To Net: NetName=USART2_LINK Pin=U17-12
Added Net: Name=USART2_LINK
Added Pin To Net: NetName=VALVE_DRIVER1_OUT Pin=R24-1
Added Pin To Net: NetName=VALVE_DRIVER1_OUT Pin=U1-1
Added Net: Name=VALVE_DRIVER1_OUT
Added Pin To Net: NetName=VALVE_DRIVER2_OUT Pin=R25-1
Added Pin To Net: NetName=VALVE_DRIVER2_OUT Pin=U1-2
Added Net: Name=VALVE_DRIVER2_OUT
Added Pin To Net: NetName=VALVE_DRIVER4_OUT Pin=R33-1
Added Pin To Net: NetName=VALVE_DRIVER4_OUT Pin=U1-4
Added Net: Name=VALVE_DRIVER4_OUT
Added Pin To Net: NetName=VALVE_DRIVER5_OUT Pin=R34-1
Added Pin To Net: NetName=VALVE_DRIVER5_OUT Pin=U1-5
Added Net: Name=VALVE_DRIVER5_OUT
Added Pin To Net: NetName=VALVE_DRIVER6_OUT Pin=R35-1
Added Pin To Net: NetName=VALVE_DRIVER6_OUT Pin=U1-38
Added Net: Name=VALVE_DRIVER6_OUT
Added Pin To Net: NetName=VALVE_DRIVER7_OUT Pin=R36-1
Added Pin To Net: NetName=VALVE_DRIVER7_OUT Pin=U1-39
Added Net: Name=VALVE_DRIVER7_OUT
Added Pin To Net: NetName=VALVE_DRIVER8_OUT Pin=R37-1
Added Pin To Net: NetName=VALVE_DRIVER8_OUT Pin=U1-40
Added Net: Name=VALVE_DRIVER8_OUT
Added Pin To Net: NetName=VAVLE_DRIVER3_OUT Pin=R32-1
Added Pin To Net: NetName=VAVLE_DRIVER3_OUT Pin=U1-3
Added Net: Name=VAVLE_DRIVER3_OUT
Added Pin To Net: NetName=VLV_DLY_DRIVER_OUT Pin=R23-1
Added Pin To Net: NetName=VLV_DLY_DRIVER_OUT Pin=U1-98
Added Net: Name=VLV_DLY_DRIVER_OUT
Added Pin To Net: NetName=VLV_MAIN_DRIVER_OUT Pin=R22-1
Added Pin To Net: NetName=VLV_MAIN_DRIVER_OUT Pin=U1-97
Added Net: Name=VLV_MAIN_DRIVER_OUT
Added Pin To Net: NetName=WIFI_USART6_LINK Pin=D8-2
Added Pin To Net: NetName=WIFI_USART6_LINK Pin=U16-18
Added Net: Name=WIFI_USART6_LINK
Added Pin To Net: NetName=WIFI_USART6_TRANS Pin=D9-2
Added Pin To Net: NetName=WIFI_USART6_TRANS Pin=U16-17
Added Net: Name=WIFI_USART6_TRANS
Added Member To Class: ClassName=cpuledin Member=Component C44 0.1uF
Added Member To Class: ClassName=cpuledout Member=Component C61 0.1uF
Added Member To Class: ClassName=cpuledout Member=Component C62 0.1uF
Added Member To Class: ClassName=cpuledin Member=Component U15 74HC245D
Added Member To Class: ClassName=cpuledout Member=Component U16 74HC245D
Added Member To Class: ClassName=cpuledout Member=Component U17 74HC245D
