Removed Pin From Net: NetName=TIM2_CH3_CAP Pin=D1-2
Removed Pin From Net: NetName=DP_STARTUP Pin=D2-2
Removed Pin From Net: NetName=RMT_STARTUP Pin=D3-2
Removed Pin From Net: NetName=LEVEL_DETECT_H1 Pin=D4-2
Removed Pin From Net: NetName=LEVEL_DETECT_L1 Pin=D5-2
Removed Pin From Net: NetName=LEVEL_DETECT_H2 Pin=D6-2
Removed Pin From Net: NetName=LEVEL_DETECT_L2 Pin=D7-2
Removed Pin From Net: NetName=WIFI_USART6_LINK Pin=D8-2
Removed Pin From Net: NetName=WIFI_USART6_TRANS Pin=D9-2
Removed Pin From Net: NetName=VLV_MAIN_DRIVER Pin=D10-2
Removed Pin From Net: NetName=VLV_DLY_DRIVER Pin=D11-2
Removed Pin From Net: NetName=VALVE_DRIVER1 Pin=D12-2
Removed Pin From Net: NetName=VALVE_DRIVER2 Pin=D13-2
Removed Pin From Net: NetName=VAVLE_DRIVER3 Pin=D14-2
Removed Pin From Net: NetName=VALVE_DRIVER4 Pin=D15-2
Removed Pin From Net: NetName=VALVE_DRIVER5 Pin=D16-2
Removed Pin From Net: NetName=VALVE_DRIVER6 Pin=D17-2
Removed Pin From Net: NetName=VALVE_DRIVER7 Pin=D18-2
Removed Pin From Net: NetName=VALVE_DRIVER8 Pin=D19-2
Removed Pin From Net: NetName=LEVEL_DRV_OUT1 Pin=D20-2
Removed Pin From Net: NetName=LEVEL_DRV_OUT2 Pin=D21-2
Removed Pin From Net: NetName=USART2_LINK Pin=D22-2
Removed Pin From Net: NetName=TIM2_CH3_CAP_IN Pin=R6-2
Removed Pin From Net: NetName=DP_STARTUP_IN Pin=R7-1
Removed Pin From Net: NetName=RMT_STARTUP_IN Pin=R8-2
Removed Pin From Net: NetName=LEVEL_DETECT_H1_IN Pin=R9-2
Removed Pin From Net: NetName=LEVEL_DETECT_L1_IN Pin=R10-2
Removed Pin From Net: NetName=LEVEL_DETECT_H2_IN Pin=R11-2
Removed Pin From Net: NetName=LEVEL_DETECT_L2_IN Pin=R12-1
Removed Pin From Net: NetName=WIFI_USART6_LINK_OUT Pin=R20-1
Removed Pin From Net: NetName=WIFI_USART6_TRANS_OUT Pin=R21-1
Removed Pin From Net: NetName=VLV_MAIN_DRIVER_OUT Pin=R22-1
Removed Pin From Net: NetName=VLV_DLY_DRIVER_OUT Pin=R23-1
Removed Pin From Net: NetName=VALVE_DRIVER1_OUT Pin=R24-1
Removed Pin From Net: NetName=VALVE_DRIVER2_OUT Pin=R25-1
Removed Pin From Net: NetName=VAVLE_DRIVER3_OUT Pin=R32-1
Removed Pin From Net: NetName=VALVE_DRIVER4_OUT Pin=R33-1
Removed Pin From Net: NetName=VALVE_DRIVER5_OUT Pin=R34-1
Removed Pin From Net: NetName=VALVE_DRIVER6_OUT Pin=R35-1
Removed Pin From Net: NetName=VALVE_DRIVER7_OUT Pin=R36-1
Removed Pin From Net: NetName=VALVE_DRIVER8_OUT Pin=R37-1
Removed Pin From Net: NetName=LEVEL_DRV_OUT1_OUT Pin=R44-1
Removed Pin From Net: NetName=LEVEL_DRV_OUT2_OUT Pin=R45-1
Removed Pin From Net: NetName=USART2_LINK_OUT Pin=R46-1
Removed Member From Class: ClassName=cpuledin Member=R6
Removed Member From Class: ClassName=cpuledin Member=R7
Removed Member From Class: ClassName=cpuledin Member=R8
Removed Member From Class: ClassName=cpuledin Member=R9
Removed Member From Class: ClassName=cpuledin Member=R10
Removed Member From Class: ClassName=cpuledin Member=R11
Removed Member From Class: ClassName=cpuledin Member=R12
Removed Member From Class: ClassName=cpuledout Member=R20
Removed Member From Class: ClassName=cpuledout Member=R21
Removed Member From Class: ClassName=cpuledout Member=R22
Removed Member From Class: ClassName=cpuledout Member=R23
Removed Member From Class: ClassName=cpuledout Member=R24
Removed Member From Class: ClassName=cpuledout Member=R25
Removed Member From Class: ClassName=cpuledout Member=R32
Removed Member From Class: ClassName=cpuledout Member=R33
Removed Member From Class: ClassName=cpuledout Member=R34
Removed Member From Class: ClassName=cpuledout Member=R35
Removed Member From Class: ClassName=cpuledout Member=R36
Removed Member From Class: ClassName=cpuledout Member=R37
Removed Member From Class: ClassName=cpuledout Member=R44
Removed Member From Class: ClassName=cpuledout Member=R45
Removed Member From Class: ClassName=cpuledout Member=R46
Added Pin To Net: NetName=TIM2_CH3_CAP_IN Pin=D1-2
Added Pin To Net: NetName=DP_STARTUP_IN Pin=D2-2
Added Pin To Net: NetName=RMT_STARTUP_IN Pin=D3-2
Added Pin To Net: NetName=LEVEL_DETECT_H1_IN Pin=D4-2
Added Pin To Net: NetName=LEVEL_DETECT_L1_IN Pin=D5-2
Added Pin To Net: NetName=LEVEL_DETECT_H2_IN Pin=D6-2
Added Pin To Net: NetName=LEVEL_DETECT_L2_IN Pin=D7-2
Added Pin To Net: NetName=WIFI_USART6_LINK_OUT Pin=D8-2
Added Pin To Net: NetName=WIFI_USART6_TRANS_OUT Pin=D9-2
Added Pin To Net: NetName=VLV_MAIN_DRIVER_OUT Pin=D10-2
Added Pin To Net: NetName=VLV_DLY_DRIVER_OUT Pin=D11-2
Added Pin To Net: NetName=VALVE_DRIVER1_OUT Pin=D12-2
Added Pin To Net: NetName=VALVE_DRIVER2_OUT Pin=D13-2
Added Pin To Net: NetName=VAVLE_DRIVER3_OUT Pin=D14-2
Added Pin To Net: NetName=VALVE_DRIVER4_OUT Pin=D15-2
Added Pin To Net: NetName=VALVE_DRIVER5_OUT Pin=D16-2
Added Pin To Net: NetName=VALVE_DRIVER6_OUT Pin=D17-2
Added Pin To Net: NetName=VALVE_DRIVER7_OUT Pin=D18-2
Added Pin To Net: NetName=VALVE_DRIVER8_OUT Pin=D19-2
Added Pin To Net: NetName=LEVEL_DRV_OUT1_OUT Pin=D20-2
Added Pin To Net: NetName=LEVEL_DRV_OUT2_OUT Pin=D21-2
Added Pin To Net: NetName=USART2_LINK_OUT Pin=D22-2
Added Pin To Net: NetName=TIM2_CH3_CAP_IN Pin=U15-2
Added Pin To Net: NetName=DP_STARTUP_IN Pin=U15-3
Added Pin To Net: NetName=RMT_STARTUP_IN Pin=U15-4
Added Pin To Net: NetName=LEVEL_DETECT_H1_IN Pin=U15-5
Added Pin To Net: NetName=LEVEL_DETECT_L1_IN Pin=U15-6
Added Pin To Net: NetName=LEVEL_DETECT_H2_IN Pin=U15-7
Added Pin To Net: NetName=LEVEL_DETECT_L2_IN Pin=U15-8
Added Pin To Net: NetName=WIFI_USART6_LINK_OUT Pin=U16-2
Added Pin To Net: NetName=WIFI_USART6_TRANS_OUT Pin=U16-3
Added Pin To Net: NetName=VLV_MAIN_DRIVER_OUT Pin=U16-4
Added Pin To Net: NetName=VLV_DLY_DRIVER_OUT Pin=U16-5
Added Pin To Net: NetName=VALVE_DRIVER1_OUT Pin=U16-6
Added Pin To Net: NetName=VALVE_DRIVER2_OUT Pin=U16-7
Added Pin To Net: NetName=VAVLE_DRIVER3_OUT Pin=U16-8
Added Pin To Net: NetName=VALVE_DRIVER4_OUT Pin=U16-9
Added Pin To Net: NetName=VALVE_DRIVER5_OUT Pin=U17-2
Added Pin To Net: NetName=VALVE_DRIVER6_OUT Pin=U17-3
Added Pin To Net: NetName=VALVE_DRIVER7_OUT Pin=U17-4
Added Pin To Net: NetName=VALVE_DRIVER8_OUT Pin=U17-5
Added Pin To Net: NetName=LEVEL_DRV_OUT1_OUT Pin=U17-6
Added Pin To Net: NetName=LEVEL_DRV_OUT2_OUT Pin=U17-7
Added Pin To Net: NetName=USART2_LINK_OUT Pin=U17-8
