Removed Pin From Net: NetName=3.3V_LK Pin=C81-1
Removed Pin From Net: NetName=GND_LK Pin=C81-2
Removed Pin From Net: NetName=LCD_RST_LK Pin=C82-1
Removed Pin From Net: NetName=GND_LK Pin=C84-1
Removed Pin From Net: NetName=3.3V_LK Pin=C85-2
Removed Pin From Net: NetName=LCD_SPI1_NSS_LK Pin=P16-2
Removed Pin From Net: NetName=LCD_SPI1_SCK_LK Pin=P16-3
Removed Pin From Net: NetName=LCD_SPI1_MOSI_LK Pin=P16-4
Removed Pin From Net: NetName=LCD_SPI1_A0_LK Pin=P16-5
Removed Pin From Net: NetName=LCD_SPI1_BL_LK Pin=P16-6
Removed Pin From Net: NetName=GND_LK Pin=P16-7
Removed Pin From Net: NetName=GND_LK Pin=P17-2
Removed Pin From Net: NetName=GND_LK Pin=P17-3
Removed Pin From Net: NetName=GND_LK Pin=P17-5
Removed Pin From Net: NetName=LCD_RST_LK Pin=P17-6
Removed Pin From Net: NetName=LCD_SPI1_A0_LK Pin=P17-7
Removed Pin From Net: NetName=LCD_SPI1_MOSI_LK Pin=P17-8
Removed Pin From Net: NetName=LCD_SPI1_SCK_LK Pin=P17-9
Removed Pin From Net: NetName=LCD_SPI1_NSS_LK Pin=P17-12
Removed Pin From Net: NetName=GND_LK Pin=P17-13
Removed Pin From Net: NetName=3.3V_LK Pin=P18-1
Removed Pin From Net: NetName=KEY_UP_LK Pin=P18-2
Removed Pin From Net: NetName=KEY_DOWN_LK Pin=P18-3
Removed Pin From Net: NetName=KEY_LEFT_LK Pin=P18-4
Removed Pin From Net: NetName=KEY_RIGHT_LK Pin=P18-5
Removed Pin From Net: NetName=KEY_ESC_LK Pin=P18-6
Removed Pin From Net: NetName=KEY_ENTER_LK Pin=P18-7
Removed Pin From Net: NetName=GND_LK Pin=P18-8
Removed Pin From Net: NetName=3.3V_LK Pin=Q48-2
Removed Pin From Net: NetName=LCD_SPI1_BL_LK Pin=R165-2
Removed Pin From Net: NetName=3.3V_LK Pin=R166-1
Removed Pin From Net: NetName=LCD_RST_LK Pin=R166-2
Removed Pin From Net: NetName=KEY_UP_LK Pin=R167-1
Removed Pin From Net: NetName=3.3V_LK Pin=R167-2
Removed Pin From Net: NetName=KEY_DOWN_LK Pin=R168-1
Removed Pin From Net: NetName=3.3V_LK Pin=R168-2
Removed Pin From Net: NetName=KEY_LEFT_LK Pin=R169-1
Removed Pin From Net: NetName=3.3V_LK Pin=R169-2
Removed Pin From Net: NetName=KEY_RIGHT_LK Pin=R170-1
Removed Pin From Net: NetName=3.3V_LK Pin=R170-2
Removed Pin From Net: NetName=KEY_ESC_LK Pin=R171-1
Removed Pin From Net: NetName=3.3V_LK Pin=R171-2
Removed Pin From Net: NetName=KEY_ENTER_LK Pin=R172-1
Removed Pin From Net: NetName=3.3V_LK Pin=R172-2
Change Component DesignItemId : Designator=P16 Old DesignItemId=Header 7 New DesignItemId=Header 8
Change Component DesignItemId : Designator=P18 Old DesignItemId=Header 8 New DesignItemId=Header 14
Change Component DesignItemId : Designator=P17 Old DesignItemId=Header 14 New DesignItemId=Header 7
Change Component Footprint: Designator=P17 Old Footprint=FPC14 New Footprint=HDR1X7SMT
Change Component Footprint: Designator=P16 Old Footprint=HDR1X7SMT New Footprint=HDR1X8SMT
Change Component Footprint: Designator=P18 Old Footprint=HDR1X8SMT New Footprint=FPC14
Change Component Comment : Designator=C85 Old Comment=0.1uF New Comment=10uF
Change Component Comment : Designator=C84 Old Comment=10uF New Comment=0.1uF
Change Component Comment : Designator=P16 Old Comment=Header 7 New Comment=Header 8
Change Component Comment : Designator=P18 Old Comment=Header 8 New Comment=Header 14
Change Component Comment : Designator=P17 Old Comment=Header 14 New Comment=Header 7
Added Component: Designator=Q52(SOT-23_N)
Added Component: Designator=R218(RESC2012M)
Added Component: Designator=R219(RESC2012M)
Added Component: Designator=R220(RESC2012M)
Added Component: Designator=R221(RESC2012M)
Added Component: Designator=R222(RESC2012M)
Added Component: Designator=R223(RESC2012M)
Added Component: Designator=R224(RESC2012M)
Added Component: Designator=R225(RESC2012M)
Added Pin To Net: NetName=GND_LK Pin=C81-1
Added Pin To Net: NetName=3.3V_LK Pin=C81-2
Added Pin To Net: NetName=3.3V_LK Pin=C82-1
Added Pin To Net: NetName=LCD_RST_LK Pin=C83-1
Added Pin To Net: NetName=GND_LK Pin=C84-2
Added Pin To Net: NetName=KEY_UP_LK Pin=P16-2
Added Pin To Net: NetName=KEY_DOWN_LK Pin=P16-3
Added Pin To Net: NetName=KEY_LEFT_LK Pin=P16-4
Added Pin To Net: NetName=KEY_RIGHT_LK Pin=P16-5
Added Pin To Net: NetName=KEY_ESC_LK Pin=P16-6
Added Pin To Net: NetName=KEY_ENTER_LK Pin=P16-7
Added Pin To Net: NetName=GND_LK Pin=P16-8
Added Pin To Net: NetName=3.3V_LK Pin=P17-1
Added Pin To Net: NetName=LCD_SPI1_NSS_LK Pin=P17-2
Added Pin To Net: NetName=LCD_SPI1_SCK_LK Pin=P17-3
Added Pin To Net: NetName=LCD_SPI1_MOSI_LK Pin=P17-4
Added Pin To Net: NetName=LCD_SPI1_A0_LK Pin=P17-5
Added Pin To Net: NetName=LCD_SPI1_BL_LK Pin=P17-6
Added Pin To Net: NetName=GND_LK Pin=P17-7
Added Pin To Net: NetName=GND_LK Pin=P18-2
Added Pin To Net: NetName=GND_LK Pin=P18-3
Added Pin To Net: NetName=GND_LK Pin=P18-5
Added Pin To Net: NetName=LCD_RST_LK Pin=P18-6
Added Pin To Net: NetName=LCD_SPI1_A0_LK Pin=P18-7
Added Pin To Net: NetName=LCD_SPI1_MOSI_LK Pin=P18-8
Added Pin To Net: NetName=LCD_SPI1_SCK_LK Pin=P18-9
Added Pin To Net: NetName=LCD_SPI1_NSS_LK Pin=P18-12
Added Pin To Net: NetName=GND_LK Pin=P18-13
Added Pin To Net: NetName=3.3V_LK Pin=Q52-2
Added Pin To Net: NetName=LCD_SPI1_BL_LK Pin=R218-2
Added Pin To Net: NetName=3.3V_LK Pin=R219-1
Added Pin To Net: NetName=LCD_RST_LK Pin=R219-2
Added Pin To Net: NetName=KEY_UP_LK Pin=R220-1
Added Pin To Net: NetName=3.3V_LK Pin=R220-2
Added Pin To Net: NetName=KEY_DOWN_LK Pin=R221-1
Added Pin To Net: NetName=3.3V_LK Pin=R221-2
Added Pin To Net: NetName=KEY_LEFT_LK Pin=R222-1
Added Pin To Net: NetName=3.3V_LK Pin=R222-2
Added Pin To Net: NetName=KEY_RIGHT_LK Pin=R223-1
Added Pin To Net: NetName=3.3V_LK Pin=R223-2
Added Pin To Net: NetName=KEY_ESC_LK Pin=R224-1
Added Pin To Net: NetName=3.3V_LK Pin=R224-2
Added Pin To Net: NetName=KEY_ENTER_LK Pin=R225-1
Added Pin To Net: NetName=3.3V_LK Pin=R225-2
Added Pin To Net: NetName=NetC84_1 Pin=C84-1
Added Pin To Net: NetName=NetC84_1 Pin=C85-2
Added Pin To Net: NetName=NetC84_1 Pin=P18-10
Added Pin To Net: NetName=NetC84_1 Pin=P18-11
Added Net: Name=NetC84_1
Added Pin To Net: NetName=NetP18_4 Pin=P18-4
Added Pin To Net: NetName=NetP18_4 Pin=Q52-3
Added Net: Name=NetP18_4
Added Pin To Net: NetName=NetQ52_1 Pin=Q52-1
Added Pin To Net: NetName=NetQ52_1 Pin=R218-1
Added Net: Name=NetQ52_1
