Removed Pin From Net: NetName=ETH_PHY_MDIO Pin=P1-7
Removed Pin From Net: NetName=ETH_RMII_MDC Pin=P1-8
Removed Pin From Net: NetName=ETH_RMII_TXD0 Pin=P1-9
Removed Pin From Net: NetName=ETH_RMII_RXD0 Pin=P1-10
Removed Pin From Net: NetName=ETH_RMII_RXD1 Pin=P1-11
Removed Pin From Net: NetName=ETH_RMII_TXD1 Pin=P1-12
Removed Pin From Net: NetName=ETH_RMII_TX_EN Pin=P1-13
Removed Pin From Net: NetName=ETH_RMII_CRS_DV Pin=P1-14
Removed Pin From Net: NetName=ETH_RMII_INT Pin=P1-15
Removed Pin From Net: NetName=ETH_REF_CLK Pin=P1-16
Added Pin To Net: NetName=ETH_RMII_INT Pin=P1-7
Added Pin To Net: NetName=ETH_REF_CLK Pin=P1-8
Added Pin To Net: NetName=ETH_PHY_MDIO Pin=P1-9
Added Pin To Net: NetName=ETH_RMII_MDC Pin=P1-10
Added Pin To Net: NetName=ETH_RMII_TXD0 Pin=P1-11
Added Pin To Net: NetName=ETH_RMII_RXD0 Pin=P1-12
Added Pin To Net: NetName=ETH_RMII_RXD1 Pin=P1-13
Added Pin To Net: NetName=ETH_RMII_TXD1 Pin=P1-14
Added Pin To Net: NetName=ETH_RMII_TX_EN Pin=P1-15
Added Pin To Net: NetName=ETH_RMII_CRS_DV Pin=P1-16
