Added Component: Designator=P1(HDR1X20)
Added Pin To Net: NetName=GND Pin=P1-1
Added Pin To Net: NetName=5V Pin=P1-2
Added Pin To Net: NetName=3.3V Pin=P1-3
Added Pin To Net: NetName=SYS_MCO1 Pin=P1-4
Added Pin To Net: NetName=ETH_PHY_RST Pin=P1-5
Added Pin To Net: NetName=ETH_REF_CLK Pin=P1-6
Added Pin To Net: NetName=ETH_RMII_RXD1 Pin=P1-7
Added Pin To Net: NetName=ETH_RMII_RXD0 Pin=P1-8
Added Pin To Net: NetName=ETH_RMII_TX_EN Pin=P1-9
Added Pin To Net: NetName=ETH_RMII_TXD0 Pin=P1-10
Added Pin To Net: NetName=ETH_RMII_TXD1 Pin=P1-11
Added Pin To Net: NetName=ETH_RMII_CRS_DV Pin=P1-12
Added Pin To Net: NetName=ETH_PHY_MDIO Pin=P1-13
Added Pin To Net: NetName=ETH_RMII_MDC Pin=P1-14
Added Pin To Net: NetName=USART1_TX Pin=P1-15
Added Pin To Net: NetName=USART1_RX Pin=P1-16
Added Pin To Net: NetName=USART1_DTS Pin=P1-17
Added Pin To Net: NetName=DP_CHECK_IN Pin=P1-18
Added Pin To Net: NetName=TIM2_CH3_CAP Pin=P1-19
Added Pin To Net: NetName=VBAT_SRC Pin=P1-20
Added Member To Class: ClassName=cpuinterface Member=Component P1 Header 20
