Removed Pin From Net: NetName=DETECT_IN4 Pin=P2-1
Removed Pin From Net: NetName=DETECT_IN3 Pin=P2-2
Removed Pin From Net: NetName=DETECT_IN2 Pin=P2-3
Removed Pin From Net: NetName=DETECT_IN1 Pin=P2-4
Removed Pin From Net: NetName=DP_STARTUP_IN Pin=P2-5
Removed Pin From Net: NetName=RMT_STARTUP_IN Pin=P2-6
Removed Pin From Net: NetName=DETECT_IN5 Pin=P4-3
Removed Pin From Net: NetName=DETECT_IN6 Pin=P4-4
Removed Pin From Net: NetName=DETECT_IN7 Pin=P4-5
Removed Pin From Net: NetName=DETECT_IN8 Pin=P4-6
Removed Pin From Net: NetName=DETECT_IN9 Pin=P4-7
Removed Pin From Net: NetName=DETECT_IN10 Pin=P4-8
Added Pin To Net: NetName=RMT_STARTUP_IN Pin=P2-1
Added Pin To Net: NetName=DP_STARTUP_IN Pin=P2-2
Added Pin To Net: NetName=DETECT_IN1 Pin=P2-3
Added Pin To Net: NetName=DETECT_IN2 Pin=P2-4
Added Pin To Net: NetName=DETECT_IN3 Pin=P2-5
Added Pin To Net: NetName=DETECT_IN4 Pin=P2-6
Added Pin To Net: NetName=DETECT_IN10 Pin=P4-3
Added Pin To Net: NetName=DETECT_IN9 Pin=P4-4
Added Pin To Net: NetName=DETECT_IN8 Pin=P4-5
Added Pin To Net: NetName=DETECT_IN7 Pin=P4-6
Added Pin To Net: NetName=DETECT_IN6 Pin=P4-7
Added Pin To Net: NetName=DETECT_IN5 Pin=P4-8
