Removed Pin From Net: NetName=TIM2_CH3_CAP_IN Pin=U15-2
Removed Pin From Net: NetName=DP_STARTUP_IN Pin=U15-3
Removed Pin From Net: NetName=RMT_STARTUP_IN Pin=U15-4
Removed Pin From Net: NetName=LEVEL_DETECT_L1_IN Pin=U15-6
Removed Pin From Net: NetName=LEVEL_DETECT_H2_IN Pin=U15-7
Removed Pin From Net: NetName=LEVEL_DETECT_L2_IN Pin=U15-8
Removed Pin From Net: NetName=LEVEL_DETECT_L2 Pin=U15-12
Removed Pin From Net: NetName=LEVEL_DETECT_H2 Pin=U15-13
Removed Pin From Net: NetName=LEVEL_DETECT_L1 Pin=U15-14
Removed Pin From Net: NetName=RMT_STARTUP Pin=U15-16
Removed Pin From Net: NetName=DP_STARTUP Pin=U15-17
Removed Pin From Net: NetName=TIM2_CH3_CAP Pin=U15-18
Added Pin To Net: NetName=LEVEL_DETECT_L2_IN Pin=U15-2
Added Pin To Net: NetName=LEVEL_DETECT_H2_IN Pin=U15-3
Added Pin To Net: NetName=LEVEL_DETECT_L1_IN Pin=U15-4
Added Pin To Net: NetName=RMT_STARTUP_IN Pin=U15-6
Added Pin To Net: NetName=DP_STARTUP_IN Pin=U15-7
Added Pin To Net: NetName=TIM2_CH3_CAP_IN Pin=U15-8
Added Pin To Net: NetName=TIM2_CH3_CAP Pin=U15-12
Added Pin To Net: NetName=DP_STARTUP Pin=U15-13
Added Pin To Net: NetName=RMT_STARTUP Pin=U15-14
Added Pin To Net: NetName=LEVEL_DETECT_L1 Pin=U15-16
Added Pin To Net: NetName=LEVEL_DETECT_H2 Pin=U15-17
Added Pin To Net: NetName=LEVEL_DETECT_L2 Pin=U15-18
