Removed Pin From Net: NetName=TIM2_CH3_CAP_IN Pin=D1-2
Removed Pin From Net: NetName=DP_STARTUP_IN Pin=D2-2
Removed Pin From Net: NetName=RMT_STARTUP_IN Pin=D3-2
Removed Pin From Net: NetName=LEVEL_DETECT_H1_IN Pin=D4-2
Removed Pin From Net: NetName=LEVEL_DETECT_L1_IN Pin=D5-2
Removed Pin From Net: NetName=LEVEL_DETECT_H2_IN Pin=D6-2
Removed Pin From Net: NetName=LEVEL_DETECT_L2_IN Pin=D7-2
Removed Pin From Net: NetName=LEVEL_DETECT_L2 Pin=P2-1
Removed Pin From Net: NetName=LEVEL_DETECT_H2 Pin=P2-2
Removed Pin From Net: NetName=LEVEL_DETECT_L1 Pin=P2-3
Removed Pin From Net: NetName=LEVEL_DETECT_H1 Pin=P2-4
Removed Pin From Net: NetName=DP_STARTUP Pin=P2-5
Removed Pin From Net: NetName=RMT_STARTUP Pin=P2-6
Removed Pin From Net: NetName=LEVEL_DRV_OUT2 Pin=P2-7
Removed Pin From Net: NetName=LEVEL_DRV_OUT1 Pin=P2-8
Removed Pin From Net: NetName=DP_STARTUP_IN Pin=U1-35
Removed Pin From Net: NetName=RMT_STARTUP_IN Pin=U1-36
Removed Pin From Net: NetName=LEVEL_DETECT_H1_IN Pin=U1-41
Removed Pin From Net: NetName=LEVEL_DETECT_L1_IN Pin=U1-42
Removed Pin From Net: NetName=LEVEL_DETECT_H2_IN Pin=U1-44
Removed Pin From Net: NetName=LEVEL_DETECT_L2_IN Pin=U1-45
Removed Pin From Net: NetName=TIM2_CH3_CAP_IN Pin=U1-47
Added Component: Designator=D25(CD2012-0805)
Added Component: Designator=R45(RESC2012M)
Added Pin To Net: NetName=TIM2_CH3_CAP Pin=D1-2
Added Pin To Net: NetName=DP_STARTUP Pin=D2-2
Added Pin To Net: NetName=RMT_STARTUP Pin=D3-2
Added Pin To Net: NetName=LEVEL_DETECT_H1 Pin=D4-2
Added Pin To Net: NetName=LEVEL_DETECT_L1 Pin=D5-2
Added Pin To Net: NetName=LEVEL_DETECT_H2 Pin=D6-2
Added Pin To Net: NetName=LEVEL_DETECT_L2 Pin=D7-2
Added Pin To Net: NetName=USART1_LINK Pin=D25-2
Added Pin To Net: NetName=LEVEL_DETECT_L2_IN Pin=P2-1
Added Pin To Net: NetName=LEVEL_DETECT_H2_IN Pin=P2-2
Added Pin To Net: NetName=LEVEL_DETECT_L1_IN Pin=P2-3
Added Pin To Net: NetName=LEVEL_DETECT_H1_IN Pin=P2-4
Added Pin To Net: NetName=DP_STARTUP_IN Pin=P2-5
Added Pin To Net: NetName=RMT_STARTUP_IN Pin=P2-6
Added Pin To Net: NetName=LEVEL_DRV_OUT1_OUT Pin=P2-7
Added Pin To Net: NetName=LEVEL_DRV_OUT2_OUT Pin=P2-8
Added Pin To Net: NetName=3.3V Pin=R45-1
Added Pin To Net: NetName=DP_STARTUP Pin=U1-35
Added Pin To Net: NetName=RMT_STARTUP Pin=U1-36
Added Pin To Net: NetName=LEVEL_DETECT_H1 Pin=U1-41
Added Pin To Net: NetName=LEVEL_DETECT_L1 Pin=U1-42
Added Pin To Net: NetName=LEVEL_DETECT_H2 Pin=U1-44
Added Pin To Net: NetName=LEVEL_DETECT_L2 Pin=U1-45
Added Pin To Net: NetName=TIM2_CH3_CAP Pin=U1-47
Added Pin To Net: NetName=VALVE_DRIVER4_OUT Pin=U16-11
Added Pin To Net: NetName=VAVLE_DRIVER3_OUT Pin=U16-12
Added Pin To Net: NetName=VALVE_DRIVER2_OUT Pin=U16-13
Added Pin To Net: NetName=VALVE_DRIVER1_OUT Pin=U16-14
Added Pin To Net: NetName=VLV_DLY_DRIVER_OUT Pin=U16-15
Added Pin To Net: NetName=VLV_MAIN_DRIVER_OUT Pin=U16-16
Added Pin To Net: NetName=VALVE_DRIVER8_OUT Pin=U17-15
Added Pin To Net: NetName=VALVE_DRIVER7_OUT Pin=U17-16
Added Pin To Net: NetName=VALVE_DRIVER6_OUT Pin=U17-17
Added Pin To Net: NetName=VALVE_DRIVER5_OUT Pin=U17-18
Change Net Name : Old Net Name=LEVEL_DRV_OUT1_OUT New Net Name=LEVEL_DRV1_OUT
Change Net Name : Old Net Name=LEVEL_DRV_OUT2_OUT New Net Name=LEVEL_DRV2_OUT
Change Net Name : Old Net Name=USART2_LINK_OUT New Net Name=USART2_LINK
Change Net Name : Old Net Name=VALVE_DRIVER1_OUT New Net Name=VALVE_DRIVER1
Change Net Name : Old Net Name=VALVE_DRIVER2_OUT New Net Name=VALVE_DRIVER2
Change Net Name : Old Net Name=VALVE_DRIVER4_OUT New Net Name=VALVE_DRIVER4
Change Net Name : Old Net Name=VALVE_DRIVER5_OUT New Net Name=VALVE_DRIVER5
Change Net Name : Old Net Name=VALVE_DRIVER6_OUT New Net Name=VALVE_DRIVER6
Change Net Name : Old Net Name=VALVE_DRIVER7_OUT New Net Name=VALVE_DRIVER7
Change Net Name : Old Net Name=VALVE_DRIVER8_OUT New Net Name=VALVE_DRIVER8
Change Net Name : Old Net Name=VAVLE_DRIVER3_OUT New Net Name=VAVLE_DRIVER3
Change Net Name : Old Net Name=VLV_DLY_DRIVER_OUT New Net Name=VLV_DLY_DRIVER
Change Net Name : Old Net Name=VLV_MAIN_DRIVER_OUT New Net Name=VLV_MAIN_DRIVER
Change Net Name : Old Net Name=WIFI_USART6_LINK_OUT New Net Name=WIFI_USART6_LINK
Change Net Name : Old Net Name=WIFI_USART6_TRANS_OUT New Net Name=WIFI_USART6_TRANS
Added Pin To Net: NetName=NetD25_1 Pin=D25-1
Added Pin To Net: NetName=NetD25_1 Pin=R45-2
Added Net: Name=NetD25_1
Added Pin To Net: NetName=VALVE_DRIVER1_OUT Pin=P2-16
Added Net: Name=VALVE_DRIVER1_OUT
Added Pin To Net: NetName=VALVE_DRIVER2_OUT Pin=P2-15
Added Net: Name=VALVE_DRIVER2_OUT
Added Pin To Net: NetName=VALVE_DRIVER4_OUT Pin=P2-13
Added Net: Name=VALVE_DRIVER4_OUT
Added Pin To Net: NetName=VALVE_DRIVER5_OUT Pin=P2-12
Added Net: Name=VALVE_DRIVER5_OUT
Added Pin To Net: NetName=VALVE_DRIVER6_OUT Pin=P2-11
Added Net: Name=VALVE_DRIVER6_OUT
Added Pin To Net: NetName=VALVE_DRIVER7_OUT Pin=P2-10
Added Net: Name=VALVE_DRIVER7_OUT
Added Pin To Net: NetName=VALVE_DRIVER8_OUT Pin=P2-9
Added Net: Name=VALVE_DRIVER8_OUT
Added Pin To Net: NetName=VAVLE_DRIVER3_OUT Pin=P2-14
Added Net: Name=VAVLE_DRIVER3_OUT
Added Pin To Net: NetName=VLV_DLY_DRIVER_OUT Pin=P2-17
Added Net: Name=VLV_DLY_DRIVER_OUT
Added Pin To Net: NetName=VLV_MAIN_DRIVER_OUT Pin=P2-18
Added Net: Name=VLV_MAIN_DRIVER_OUT
Added Member To Class: ClassName=cpuledout Member=Component D25 Green
Added Member To Class: ClassName=cpuledout Member=Component R45 1K
