Removed Pin From Net: NetName=3.3V Pin=C39-1
Removed Pin From Net: NetName=GND Pin=C39-2
Removed Pin From Net: NetName=3.3V Pin=P7-1
Removed Pin From Net: NetName=GND Pin=P7-2
Removed Pin From Net: NetName=KEY_INT Pin=P7-3
Removed Pin From Net: NetName=SPI1_LCD_NSS Pin=P7-4
Removed Pin From Net: NetName=SPI1_LCD_SCK Pin=P7-5
Removed Pin From Net: NetName=SPI1_LCD_MOSI Pin=P7-6
Removed Pin From Net: NetName=SPI1_LCD_A0 Pin=P7-7
Removed Pin From Net: NetName=SPI1_LCD_BL Pin=P7-8
Removed Pin From Net: NetName=KEY_UP Pin=P7-9
Removed Pin From Net: NetName=KEY_DOWN Pin=P7-10
Removed Pin From Net: NetName=KEY_LEFT Pin=P7-11
Removed Pin From Net: NetName=KEY_RIGHT Pin=P7-12
Removed Pin From Net: NetName=KEY_ESC Pin=P7-13
Removed Pin From Net: NetName=KEY_ENTER Pin=P7-14
Added Pin To Net: NetName=GND Pin=C39-1
Added Pin To Net: NetName=3.3V Pin=C39-2
Added Pin To Net: NetName=GND Pin=P7-1
Added Pin To Net: NetName=3.3V Pin=P7-2
Added Pin To Net: NetName=KEY_UP Pin=P7-3
Added Pin To Net: NetName=KEY_DOWN Pin=P7-4
Added Pin To Net: NetName=KEY_LEFT Pin=P7-5
Added Pin To Net: NetName=KEY_RIGHT Pin=P7-6
Added Pin To Net: NetName=KEY_ESC Pin=P7-7
Added Pin To Net: NetName=KEY_ENTER Pin=P7-8
Added Pin To Net: NetName=KEY_INT Pin=P7-9
Added Pin To Net: NetName=SPI1_LCD_NSS Pin=P7-10
Added Pin To Net: NetName=SPI1_LCD_SCK Pin=P7-11
Added Pin To Net: NetName=SPI1_LCD_MOSI Pin=P7-12
Added Pin To Net: NetName=SPI1_LCD_A0 Pin=P7-13
Added Pin To Net: NetName=SPI1_LCD_BL Pin=P7-14
Added Member To Class: ClassName=cpuinterface Member=Component C33 20pF
