Removed Pin From Net: NetName=ADC_IN13 Pin=P1-5
Removed Pin From Net: NetName=ADC_IN12 Pin=P1-6
Removed Pin From Net: NetName=ETH_RMII_RXD1 Pin=P1-7
Removed Pin From Net: NetName=ETH_RMII_RXD0 Pin=P1-8
Removed Pin From Net: NetName=ETH_RMII_CRS_DV Pin=P1-9
Removed Pin From Net: NetName=ETH_PHY_MDIO Pin=P1-10
Removed Pin From Net: NetName=ETH_REF_CLK Pin=P1-11
Removed Pin From Net: NetName=ETH_RMII_MDC Pin=P1-12
Removed Pin From Net: NetName=ETH_PHY_RST Pin=P1-13
Removed Pin From Net: NetName=ETH_RMII_INT Pin=P1-14
Removed Pin From Net: NetName=ETH_RMII_TXD1 Pin=P1-15
Removed Pin From Net: NetName=ETH_RMII_TX_EN Pin=P1-16
Removed Pin From Net: NetName=USART_DP_RX Pin=P1-17
Removed Pin From Net: NetName=ETH_RMII_TXD0 Pin=P1-18
Removed Pin From Net: NetName=SUB_SYS_RST Pin=P1-19
Removed Pin From Net: NetName=USART_DP_TX Pin=P1-20
Removed Pin From Net: NetName=CAN1_RX Pin=P1-21
Removed Pin From Net: NetName=CAN1_TX Pin=P1-22
Removed Pin From Net: NetName=VBAT_SRC Pin=P1-23
Removed Pin From Net: NetName=SUB_SYS_BOOTSEL Pin=P1-24
Change Component DesignItemId : Designator=P1 Old DesignItemId=Header 12X2 New DesignItemId=Header 11X2
Change Component Footprint: Designator=P1 Old Footprint=HDR2X12 New Footprint=HDR2X11
Change Component Comment : Designator=P1 Old Comment=Header 12X2 New Comment=Header 11X2
Added Pin To Net: NetName=ETH_RMII_RXD1 Pin=P1-5
Added Pin To Net: NetName=ETH_RMII_RXD0 Pin=P1-6
Added Pin To Net: NetName=ETH_RMII_CRS_DV Pin=P1-7
Added Pin To Net: NetName=ETH_PHY_MDIO Pin=P1-8
Added Pin To Net: NetName=ETH_REF_CLK Pin=P1-9
Added Pin To Net: NetName=ETH_RMII_MDC Pin=P1-10
Added Pin To Net: NetName=ETH_PHY_RST Pin=P1-11
Added Pin To Net: NetName=ETH_RMII_INT Pin=P1-12
Added Pin To Net: NetName=ETH_RMII_TXD1 Pin=P1-13
Added Pin To Net: NetName=ETH_RMII_TX_EN Pin=P1-14
Added Pin To Net: NetName=USART_DP_RX Pin=P1-15
Added Pin To Net: NetName=ETH_RMII_TXD0 Pin=P1-16
Added Pin To Net: NetName=SUB_SYS_RST Pin=P1-17
Added Pin To Net: NetName=USART_DP_TX Pin=P1-18
Added Pin To Net: NetName=CAN1_RX Pin=P1-19
Added Pin To Net: NetName=CAN1_TX Pin=P1-20
Added Pin To Net: NetName=VBAT_SRC Pin=P1-21
Added Pin To Net: NetName=SUB_SYS_BOOTSEL Pin=P1-22
