Added Component: Designator=C21(CAPC2012M)
Added Component: Designator=C22(CAPC2012M)
Added Component: Designator=C23(CAPC2012M)
Added Component: Designator=C25(CAPC2012M)
Added Component: Designator=C26(CAPC2012M)
Added Component: Designator=C27(CAPC2012M)
Added Component: Designator=C38(CAPC2012M)
Added Component: Designator=C40(CAPC2012M)
Added Component: Designator=R19(RESC2012M)
Added Component: Designator=R20(RESC2012M)
Added Component: Designator=R21(RESC2012M)
Added Component: Designator=R22(RESC2012M)
Added Component: Designator=R23(RESC2012M)
Added Component: Designator=R24(RESC2012M)
Added Component: Designator=RV1(3296W)
Added Component: Designator=RV2(3296W)
Added Component: Designator=U3(SO8WL)
Added Component: Designator=U7(NSO8_N)
Added Component: Designator=U8(SO8WL)
Added Component: Designator=U15(NSO8_N)
Added Pin To Net: NetName=GNDA Pin=C21-1
Added Pin To Net: NetName=5VA Pin=C21-2
Added Pin To Net: NetName=ADC_IN12 Pin=C22-2
Added Pin To Net: NetName=GNDA Pin=C23-1
Added Pin To Net: NetName=ADC12_PORT Pin=C23-2
Added Pin To Net: NetName=ADC_IN13 Pin=C26-2
Added Pin To Net: NetName=GNDA Pin=C27-1
Added Pin To Net: NetName=ADC13_PORT Pin=C27-2
Added Pin To Net: NetName=GNDA Pin=C40-1
Added Pin To Net: NetName=5VA Pin=C40-2
Added Pin To Net: NetName=ADC12_PORT Pin=R20-2
Added Pin To Net: NetName=ADC13_PORT Pin=R23-2
Added Pin To Net: NetName=ADC_IN12 Pin=RV1-1
Added Pin To Net: NetName=ADC_IN13 Pin=RV2-1
Added Pin To Net: NetName=5VA Pin=U3-2
Added Pin To Net: NetName=GNDA Pin=U3-4
Added Pin To Net: NetName=GND Pin=U3-5
Added Pin To Net: NetName=ADC_IN12 Pin=U7-1
Added Pin To Net: NetName=GND Pin=U7-3
Added Pin To Net: NetName=GND Pin=U7-4
Added Pin To Net: NetName=GND Pin=U7-5
Added Pin To Net: NetName=ADC_IN13 Pin=U7-7
Added Pin To Net: NetName=3.3V Pin=U7-8
Added Pin To Net: NetName=5VA Pin=U8-2
Added Pin To Net: NetName=GNDA Pin=U8-4
Added Pin To Net: NetName=GND Pin=U8-5
Added Pin To Net: NetName=GNDA Pin=U15-3
Added Pin To Net: NetName=GNDA Pin=U15-4
Added Pin To Net: NetName=GNDA Pin=U15-5
Added Pin To Net: NetName=5VA Pin=U15-8
Added Pin To Net: NetName=NetC22_1 Pin=C22-1
Added Pin To Net: NetName=NetC22_1 Pin=R22-2
Added Pin To Net: NetName=NetC22_1 Pin=U3-6
Added Pin To Net: NetName=NetC22_1 Pin=U7-2
Added Net: Name=NetC22_1
Added Pin To Net: NetName=NetC25_1 Pin=C25-1
Added Pin To Net: NetName=NetC25_1 Pin=R20-1
Added Pin To Net: NetName=NetC25_1 Pin=U3-3
Added Pin To Net: NetName=NetC25_1 Pin=U15-2
Added Net: Name=NetC25_1
Added Pin To Net: NetName=NetC25_2 Pin=C25-2
Added Pin To Net: NetName=NetC25_2 Pin=R19-1
Added Pin To Net: NetName=NetC25_2 Pin=U15-1
Added Net: Name=NetC25_2
Added Pin To Net: NetName=NetC26_1 Pin=C26-1
Added Pin To Net: NetName=NetC26_1 Pin=R24-2
Added Pin To Net: NetName=NetC26_1 Pin=U7-6
Added Pin To Net: NetName=NetC26_1 Pin=U8-6
Added Net: Name=NetC26_1
Added Pin To Net: NetName=NetC38_1 Pin=C38-1
Added Pin To Net: NetName=NetC38_1 Pin=R23-1
Added Pin To Net: NetName=NetC38_1 Pin=U8-3
Added Pin To Net: NetName=NetC38_1 Pin=U15-6
Added Net: Name=NetC38_1
Added Pin To Net: NetName=NetC38_2 Pin=C38-2
Added Pin To Net: NetName=NetC38_2 Pin=R21-1
Added Pin To Net: NetName=NetC38_2 Pin=U15-7
Added Net: Name=NetC38_2
Added Pin To Net: NetName=NetR19_2 Pin=R19-2
Added Pin To Net: NetName=NetR19_2 Pin=U3-1
Added Net: Name=NetR19_2
Added Pin To Net: NetName=NetR21_2 Pin=R21-2
Added Pin To Net: NetName=NetR21_2 Pin=U8-1
Added Net: Name=NetR21_2
Added Pin To Net: NetName=NetR22_1 Pin=R22-1
Added Pin To Net: NetName=NetR22_1 Pin=RV1-2
Added Net: Name=NetR22_1
Added Pin To Net: NetName=NetR24_1 Pin=R24-1
Added Pin To Net: NetName=NetR24_1 Pin=RV2-2
Added Net: Name=NetR24_1
Added Class: Name=cpuadcinput
