Removed Pin From Net: NetName=USART3_TX Pin=P3-1
Removed Pin From Net: NetName=USART3_RX Pin=P3-2
Removed Pin From Net: NetName=GND Pin=P3-3
Removed Pin From Net: NetName=5VOUT Pin=P6-1
Removed Pin From Net: NetName=USART2_TX Pin=P6-2
Removed Pin From Net: NetName=USART2_RX Pin=P6-3
Removed Pin From Net: NetName=GND Pin=P6-4
Change Component DesignItemId : Designator=P3 Old DesignItemId=Header 3 New DesignItemId=Header 4
Change Component DesignItemId : Designator=P6 Old DesignItemId=Header 4 New DesignItemId=Header 3
Change Component Footprint: Designator=P3 Old Footprint=HDR1X3 New Footprint=HDR1X4-2.5
Change Component Footprint: Designator=P6 Old Footprint=HDR1X4-2.5 New Footprint=HDR1X3
Change Component Comment : Designator=P3 Old Comment=Header 3 New Comment=Header 4
Change Component Comment : Designator=P6 Old Comment=Header 4 New Comment=Header 3
Added Component: Designator=C15(CAPC2012M)
Added Component: Designator=C55(CAPC2012M)
Added Component: Designator=C56(CAPC2012M)
Added Component: Designator=C57(CAPC2012M)
Added Component: Designator=C58(CAPC2012M)
Added Component: Designator=R57(RESC2012M)
Added Component: Designator=R58(RESC2012M)
Added Component: Designator=R59(RESC2012M)
Added Component: Designator=R60(RESC2012M)
Added Component: Designator=U12(NSO16_M)
Added Pin To Net: NetName=GND Pin=C15-1
Added Pin To Net: NetName=3.3V Pin=C15-2
Added Pin To Net: NetName=GND Pin=C56-1
Added Pin To Net: NetName=GND Pin=C58-2
Added Pin To Net: NetName=5VOUT Pin=P3-1
Added Pin To Net: NetName=GND Pin=P3-4
Added Pin To Net: NetName=GND Pin=P6-3
Added Pin To Net: NetName=USART2_TX Pin=R57-1
Added Pin To Net: NetName=USART2_RX Pin=R58-1
Added Pin To Net: NetName=USART3_TX Pin=R59-1
Added Pin To Net: NetName=USART3_RX Pin=R60-2
Added Pin To Net: NetName=GND Pin=U12-15
Added Pin To Net: NetName=3.3V Pin=U12-16
Added Pin To Net: NetName=NetC55_1 Pin=C55-1
Added Pin To Net: NetName=NetC55_1 Pin=U12-1
Added Net: Name=NetC55_1
Added Pin To Net: NetName=NetC55_2 Pin=C55-2
Added Pin To Net: NetName=NetC55_2 Pin=U12-3
Added Net: Name=NetC55_2
Added Pin To Net: NetName=NetC56_2 Pin=C56-2
Added Pin To Net: NetName=NetC56_2 Pin=U12-2
Added Net: Name=NetC56_2
Added Pin To Net: NetName=NetC57_1 Pin=C57-1
Added Pin To Net: NetName=NetC57_1 Pin=U12-5
Added Net: Name=NetC57_1
Added Pin To Net: NetName=NetC57_2 Pin=C57-2
Added Pin To Net: NetName=NetC57_2 Pin=U12-4
Added Net: Name=NetC57_2
Added Pin To Net: NetName=NetC58_1 Pin=C58-1
Added Pin To Net: NetName=NetC58_1 Pin=U12-6
Added Net: Name=NetC58_1
Added Pin To Net: NetName=NetR57_2 Pin=R57-2
Added Pin To Net: NetName=NetR57_2 Pin=U12-11
Added Net: Name=NetR57_2
Added Pin To Net: NetName=NetR58_2 Pin=R58-2
Added Pin To Net: NetName=NetR58_2 Pin=U12-10
Added Net: Name=NetR58_2
Added Pin To Net: NetName=NetR59_2 Pin=R59-2
Added Pin To Net: NetName=NetR59_2 Pin=U12-12
Added Net: Name=NetR59_2
Added Pin To Net: NetName=NetR60_1 Pin=R60-1
Added Pin To Net: NetName=NetR60_1 Pin=U12-9
Added Net: Name=NetR60_1
Added Pin To Net: NetName=RS232_RXD1 Pin=P3-3
Added Pin To Net: NetName=RS232_RXD1 Pin=U12-13
Added Net: Name=RS232_RXD1
Added Pin To Net: NetName=RS232_RXD2 Pin=P6-2
Added Pin To Net: NetName=RS232_RXD2 Pin=U12-8
Added Net: Name=RS232_RXD2
Added Pin To Net: NetName=RS232_TXD1 Pin=P3-2
Added Pin To Net: NetName=RS232_TXD1 Pin=U12-14
Added Net: Name=RS232_TXD1
Added Pin To Net: NetName=RS232_TXD2 Pin=P6-1
Added Pin To Net: NetName=RS232_TXD2 Pin=U12-7
Added Net: Name=RS232_TXD2
Added Member To Class: ClassName=cpuinterface Member=Component C15 0.1uF
Added Member To Class: ClassName=cpuinterface Member=Component C55 0.1uF
Added Member To Class: ClassName=cpuinterface Member=Component C56 0.1uF
Added Member To Class: ClassName=cpuinterface Member=Component C57 0.1uF
Added Member To Class: ClassName=cpuinterface Member=Component C58 0.1uF
Added Member To Class: ClassName=cpuinterface Member=Component R57 300R
Added Member To Class: ClassName=cpuinterface Member=Component R58 300R
Added Member To Class: ClassName=cpuinterface Member=Component R59 300R
Added Member To Class: ClassName=cpuinterface Member=Component R60 300R
Added Member To Class: ClassName=cpuinterface Member=Component U12 SP3232E
