Removed Pin From Net: NetName=GND Pin=P1-1
Removed Pin From Net: NetName=CAN1_RX Pin=P1-2
Removed Pin From Net: NetName=CAN1_TX Pin=P1-3
Removed Pin From Net: NetName=ETH_PHY_RST Pin=P1-4
Removed Pin From Net: NetName=ETH_REF_CLK Pin=P1-5
Removed Pin From Net: NetName=ETH_RMII_RXD1 Pin=P1-6
Removed Pin From Net: NetName=ETH_RMII_RXD0 Pin=P1-7
Removed Pin From Net: NetName=ETH_RMII_TX_EN Pin=P1-8
Removed Pin From Net: NetName=ETH_RMII_TXD0 Pin=P1-9
Removed Pin From Net: NetName=ETH_RMII_TXD1 Pin=P1-10
Removed Pin From Net: NetName=ETH_RMII_CRS_DV Pin=P1-11
Removed Pin From Net: NetName=ETH_PHY_MDIO Pin=P1-12
Removed Pin From Net: NetName=ETH_RMII_MDC Pin=P1-13
Removed Pin From Net: NetName=ETH_RMII_INT Pin=P1-14
Removed Pin From Net: NetName=USART_DP_TX Pin=P1-15
Removed Pin From Net: NetName=USART_DP_RX Pin=P1-16
Removed Pin From Net: NetName=ADC_IN13 Pin=P1-18
Removed Pin From Net: NetName=ADC_IN12 Pin=P1-19
Removed Pin From Net: NetName=SUB_SYS_BOOTSEL Pin=P1-20
Removed Pin From Net: NetName=VDRIVER_OUT10 Pin=P2-7
Removed Pin From Net: NetName=VDRIVER_OUT9 Pin=P2-8
Removed Pin From Net: NetName=VDRIVER_OUT8 Pin=P2-9
Removed Pin From Net: NetName=VDRIVER_OUT7 Pin=P2-10
Removed Pin From Net: NetName=VDRIVER_OUT6 Pin=P2-11
Removed Pin From Net: NetName=VDRIVER_OUT5 Pin=P2-12
Removed Pin From Net: NetName=VDRIVER_OUT4 Pin=P2-13
Removed Pin From Net: NetName=VDRIVER_OUT3 Pin=P2-14
Removed Pin From Net: NetName=VDRIVER_OUT2 Pin=P2-15
Removed Pin From Net: NetName=VDRIVER_OUT1 Pin=P2-16
Removed Pin From Net: NetName=VDLY_DRIVER Pin=P2-17
Removed Pin From Net: NetName=VMAIN_DRIVER Pin=P2-18
Removed Pin From Net: NetName=GND Pin=P2-19
Removed Pin From Net: NetName=5V Pin=P2-20
Removed Pin From Net: NetName=24V Pin=P4-1
Removed Pin From Net: NetName=GNDA Pin=P4-2
Removed Pin From Net: NetName=DETECT_IN12 Pin=P4-3
Removed Pin From Net: NetName=DETECT_IN11 Pin=P4-4
Removed Pin From Net: NetName=DETECT_IN10 Pin=P4-5
Removed Pin From Net: NetName=DETECT_IN9 Pin=P4-6
Removed Pin From Net: NetName=DETECT_IN8 Pin=P4-7
Removed Pin From Net: NetName=DETECT_IN5 Pin=P4-8
Removed Pin From Net: NetName=DETECT_IN6 Pin=P4-9
Removed Pin From Net: NetName=DETECT_IN3 Pin=P4-10
Removed Pin From Net: NetName=VBAT_SRC Pin=P8-1
Removed Pin From Net: NetName=GND Pin=P8-2
Removed Member From Class: ClassName=cpuinterface Member=P4
Removed Member From Class: ClassName=cpuinterface Member=P8
Change Component DesignItemId : Designator=P1 Old DesignItemId=Header 20 New DesignItemId=Header 13X2
Change Component DesignItemId : Designator=P2 Old DesignItemId=Header 20 New DesignItemId=Header 15X2
Change Component Footprint: Designator=P1 Old Footprint=HDR1X20 New Footprint=HDR2X13
Change Component Footprint: Designator=P2 Old Footprint=HDR1X20 New Footprint=HDR2X15
Change Component Comment : Designator=P1 Old Comment=Header 20 New Comment=Header 13X2
Change Component Comment : Designator=P2 Old Comment=Header 20 New Comment=Header 15X2
Added Pin To Net: NetName=CAN1_RX Pin=P1-1
Added Pin To Net: NetName=CAN1_TX Pin=P1-2
Added Pin To Net: NetName=ETH_RMII_RXD0 Pin=P1-3
Added Pin To Net: NetName=ETH_RMII_TXD0 Pin=P1-4
Added Pin To Net: NetName=ETH_RMII_RXD1 Pin=P1-5
Added Pin To Net: NetName=ETH_RMII_TXD1 Pin=P1-6
Added Pin To Net: NetName=ETH_RMII_TX_EN Pin=P1-7
Added Pin To Net: NetName=ETH_RMII_CRS_DV Pin=P1-8
Added Pin To Net: NetName=ETH_PHY_MDIO Pin=P1-9
Added Pin To Net: NetName=ETH_RMII_MDC Pin=P1-10
Added Pin To Net: NetName=ETH_RMII_INT Pin=P1-11
Added Pin To Net: NetName=ETH_REF_CLK Pin=P1-12
Added Pin To Net: NetName=VBAT_SRC Pin=P1-13
Added Pin To Net: NetName=ETH_PHY_RST Pin=P1-14
Added Pin To Net: NetName=USART_DP_RX Pin=P1-15
Added Pin To Net: NetName=USART_DP_TX Pin=P1-16
Added Pin To Net: NetName=SUB_SYS_BOOTSEL Pin=P1-18
Added Pin To Net: NetName=ADC_IN13 Pin=P1-19
Added Pin To Net: NetName=ADC_IN12 Pin=P1-20
Added Pin To Net: NetName=GND Pin=P1-21
Added Pin To Net: NetName=GNDA Pin=P1-25
Added Pin To Net: NetName=DETECT_IN12 Pin=P2-7
Added Pin To Net: NetName=DETECT_IN11 Pin=P2-8
Added Pin To Net: NetName=DETECT_IN10 Pin=P2-9
Added Pin To Net: NetName=DETECT_IN9 Pin=P2-10
Added Pin To Net: NetName=DETECT_IN8 Pin=P2-11
Added Pin To Net: NetName=DETECT_IN5 Pin=P2-12
Added Pin To Net: NetName=DETECT_IN6 Pin=P2-13
Added Pin To Net: NetName=DETECT_IN3 Pin=P2-14
Added Pin To Net: NetName=VDRIVER_OUT10 Pin=P2-15
Added Pin To Net: NetName=VDRIVER_OUT9 Pin=P2-16
Added Pin To Net: NetName=VDRIVER_OUT8 Pin=P2-17
Added Pin To Net: NetName=VDRIVER_OUT7 Pin=P2-18
Added Pin To Net: NetName=VDRIVER_OUT6 Pin=P2-19
Added Pin To Net: NetName=VDRIVER_OUT5 Pin=P2-20
Added Pin To Net: NetName=VDRIVER_OUT4 Pin=P2-21
Added Pin To Net: NetName=VDRIVER_OUT3 Pin=P2-22
Added Pin To Net: NetName=VDRIVER_OUT2 Pin=P2-23
Added Pin To Net: NetName=VDRIVER_OUT1 Pin=P2-24
Added Pin To Net: NetName=VDLY_DRIVER Pin=P2-25
Added Pin To Net: NetName=VMAIN_DRIVER Pin=P2-26
Added Pin To Net: NetName=5V Pin=P2-27
Added Pin To Net: NetName=24V Pin=P2-28
Added Pin To Net: NetName=GND Pin=P2-29
Added Pin To Net: NetName=GNDA Pin=P2-30
Added Pin To Net: NetName=5VA Pin=P1-26
Added Net: Name=5VA
Added Pin To Net: NetName=ADC12_PORT Pin=P1-22
Added Net: Name=ADC12_PORT
Added Pin To Net: NetName=ADC13_PORT Pin=P1-24
Added Net: Name=ADC13_PORT
