Removed Pin From Net: NetName=KEY_INT Pin=D1-1
Removed Pin From Net: NetName=KEY_UP Pin=D1-2
Removed Pin From Net: NetName=KEY_INT Pin=D2-1
Removed Pin From Net: NetName=KEY_DOWN Pin=D2-2
Removed Pin From Net: NetName=KEY_INT Pin=D3-1
Removed Pin From Net: NetName=KEY_LEFT Pin=D3-2
Removed Pin From Net: NetName=KEY_INT Pin=D4-1
Removed Pin From Net: NetName=KEY_RIGHT Pin=D4-2
Removed Pin From Net: NetName=KEY_INT Pin=D5-1
Removed Pin From Net: NetName=KEY_ESC Pin=D5-2
Removed Pin From Net: NetName=KEY_INT Pin=D6-1
Removed Pin From Net: NetName=KEY_ENTER Pin=D6-2
Removed Member From Class: ClassName=lcd&key Member=D1
Removed Member From Class: ClassName=lcd&key Member=D2
Removed Member From Class: ClassName=lcd&key Member=D3
Removed Member From Class: ClassName=lcd&key Member=D4
Removed Member From Class: ClassName=lcd&key Member=D5
Removed Member From Class: ClassName=lcd&key Member=D6
Added Component: Designator=R9(RESC2012M)
Added Component: Designator=R10(RESC2012M)
Added Component: Designator=U1(SOIC-14AM)
Added Pin To Net: NetName=3.3V Pin=R9-1
Added Pin To Net: NetName=3.3V Pin=R10-1
Added Pin To Net: NetName=KEY_INT Pin=R10-2
Added Pin To Net: NetName=KEY_UP Pin=U1-1
Added Pin To Net: NetName=KEY_DOWN Pin=U1-2
Added Pin To Net: NetName=KEY_LEFT Pin=U1-4
Added Pin To Net: NetName=KEY_RIGHT Pin=U1-5
Added Pin To Net: NetName=GND Pin=U1-7
Added Pin To Net: NetName=KEY_INT Pin=U1-8
Added Pin To Net: NetName=KEY_ESC Pin=U1-9
Added Pin To Net: NetName=KEY_ENTER Pin=U1-10
Added Pin To Net: NetName=3.3V Pin=U1-14
Added Pin To Net: NetName=1Y1_OUT Pin=U1-6
Added Net: Name=1Y1_OUT
Added Pin To Net: NetName=1Y1 Pin=R9-2
Added Pin To Net: NetName=1Y1 Pin=U1-12
Added Net: Name=1Y1
Added Member To Class: ClassName=lcd&key Member=Component R9 100K
Added Member To Class: ClassName=lcd&key Member=Component R10 100K
Added Member To Class: ClassName=lcd&key Member=Component U1 CD74HC21
