Added Component: Designator=D1(CD3216-1206)
Added Component: Designator=D2(CD3216-1206)
Added Component: Designator=D3(CD3216-1206)
Added Component: Designator=D4(CD3216-1206)
Added Component: Designator=D5(CD3216-1206)
Added Component: Designator=D6(CD3216-1206)
Added Pin To Net: NetName=KEY_UP Pin=D1-2
Added Pin To Net: NetName=KEY_DOWN Pin=D2-2
Added Pin To Net: NetName=KEY_LEFT Pin=D3-2
Added Pin To Net: NetName=KEY_RIGHT Pin=D4-2
Added Pin To Net: NetName=KEY_ESC Pin=D5-2
Added Pin To Net: NetName=KEY_ENTER Pin=D6-2
Added Pin To Net: NetName=KEY_INT Pin=D1-1
Added Pin To Net: NetName=KEY_INT Pin=D2-1
Added Pin To Net: NetName=KEY_INT Pin=D3-1
Added Pin To Net: NetName=KEY_INT Pin=D4-1
Added Pin To Net: NetName=KEY_INT Pin=D5-1
Added Pin To Net: NetName=KEY_INT Pin=D6-1
Added Pin To Net: NetName=KEY_INT Pin=P1-12
Added Net: Name=KEY_INT
Added Member To Class: ClassName=lcd&key Member=Component D1 LL4148
Added Member To Class: ClassName=lcd&key Member=Component D2 LL4148
Added Member To Class: ClassName=lcd&key Member=Component D3 LL4148
Added Member To Class: ClassName=lcd&key Member=Component D4 LL4148
Added Member To Class: ClassName=lcd&key Member=Component D5 LL4148
Added Member To Class: ClassName=lcd&key Member=Component D6 LL4148
