Removed Pin From Net: NetName=GND Pin=C2-1
Removed Pin From Net: NetName=3.3V Pin=C2-2
Removed Pin From Net: NetName=LCD_SPI1_NSS Pin=P1-2
Removed Pin From Net: NetName=LCD_SPI1_SCK Pin=P1-3
Removed Pin From Net: NetName=LCD_SPI1_MOSI Pin=P1-4
Removed Pin From Net: NetName=LCD_SPI1_A0 Pin=P1-5
Removed Pin From Net: NetName=LCD_SPI1_BL Pin=P1-6
Removed Pin From Net: NetName=GND Pin=P1-7
Removed Pin From Net: NetName=3.3V Pin=P2-1
Removed Pin From Net: NetName=GND Pin=P2-2
Removed Pin From Net: NetName=KEY_UP Pin=P2-3
Removed Pin From Net: NetName=KEY_DOWN Pin=P2-4
Removed Pin From Net: NetName=KEY_LEFT Pin=P2-5
Removed Pin From Net: NetName=KEY_RIGHT Pin=P2-6
Removed Pin From Net: NetName=KEY_ESC Pin=P2-7
Removed Pin From Net: NetName=KEY_ENTER Pin=P2-8
Removed Member From Class: ClassName=lcd&key Member=C2
Removed Member From Class: ClassName=lcd&key Member=P2
Change Component DesignItemId : Designator=P1 Old DesignItemId=Header 7 New DesignItemId=Header 14
Change Component Footprint: Designator=P1 Old Footprint=HDR1X7 New Footprint=FPC0.5-14P-A
Change Component Comment : Designator=P1 Old Comment=Header 7 New Comment=Header 14
Added Pin To Net: NetName=GND Pin=P1-2
Added Pin To Net: NetName=LCD_SPI1_NSS Pin=P1-4
Added Pin To Net: NetName=LCD_SPI1_SCK Pin=P1-5
Added Pin To Net: NetName=LCD_SPI1_MOSI Pin=P1-6
Added Pin To Net: NetName=LCD_SPI1_A0 Pin=P1-7
Added Pin To Net: NetName=LCD_SPI1_BL Pin=P1-8
Added Pin To Net: NetName=KEY_UP Pin=P1-9
Added Pin To Net: NetName=KEY_DOWN Pin=P1-10
Added Pin To Net: NetName=KEY_LEFT Pin=P1-11
Added Pin To Net: NetName=KEY_RIGHT Pin=P1-12
Added Pin To Net: NetName=KEY_ESC Pin=P1-13
Added Pin To Net: NetName=KEY_ENTER Pin=P1-14
