Removed Pin From Net: NetName=3.3V Pin=P1-1
Removed Pin From Net: NetName=GND Pin=P1-2
Removed Pin From Net: NetName=LCD_SPI1_NSS Pin=P1-4
Removed Pin From Net: NetName=LCD_SPI1_SCK Pin=P1-5
Removed Pin From Net: NetName=LCD_SPI1_MOSI Pin=P1-6
Removed Pin From Net: NetName=LCD_SPI1_A0 Pin=P1-7
Removed Pin From Net: NetName=LCD_SPI1_BL Pin=P1-8
Removed Pin From Net: NetName=KEY_UP Pin=P1-9
Removed Pin From Net: NetName=KEY_DOWN Pin=P1-10
Removed Pin From Net: NetName=KEY_LEFT Pin=P1-11
Removed Pin From Net: NetName=KEY_RIGHT Pin=P1-12
Removed Pin From Net: NetName=KEY_ESC Pin=P1-13
Removed Pin From Net: NetName=KEY_ENTER Pin=P1-14
Added Pin To Net: NetName=KEY_ENTER Pin=P1-1
Added Pin To Net: NetName=KEY_ESC Pin=P1-2
Added Pin To Net: NetName=KEY_RIGHT Pin=P1-3
Added Pin To Net: NetName=KEY_LEFT Pin=P1-4
Added Pin To Net: NetName=KEY_DOWN Pin=P1-5
Added Pin To Net: NetName=KEY_UP Pin=P1-6
Added Pin To Net: NetName=LCD_SPI1_BL Pin=P1-7
Added Pin To Net: NetName=LCD_SPI1_A0 Pin=P1-8
Added Pin To Net: NetName=LCD_SPI1_MOSI Pin=P1-9
Added Pin To Net: NetName=LCD_SPI1_SCK Pin=P1-10
Added Pin To Net: NetName=LCD_SPI1_NSS Pin=P1-11
Added Pin To Net: NetName=GND Pin=P1-13
Added Pin To Net: NetName=3.3V Pin=P1-14
