Change Component Designator: Old Designator=BR1 New Designator=BR?
Change Component Designator: Old Designator=C92 New Designator=C?
Change Component Designator: Old Designator=C93 New Designator=C?
Change Component Designator: Old Designator=C94 New Designator=C?
Change Component Designator: Old Designator=C95 New Designator=C?
Change Component Designator: Old Designator=C96 New Designator=C?
Change Component Designator: Old Designator=C97 New Designator=C?
Change Component Designator: Old Designator=C98 New Designator=C?
Change Component Designator: Old Designator=C99 New Designator=C?
Change Component Designator: Old Designator=C100 New Designator=C?
Change Component Designator: Old Designator=C101 New Designator=C?
Change Component Designator: Old Designator=C102 New Designator=C?
Change Component Designator: Old Designator=C103 New Designator=C?
Change Component Designator: Old Designator=C104 New Designator=C?
Change Component Designator: Old Designator=C105 New Designator=C?
Change Component Designator: Old Designator=C106 New Designator=C?
Change Component Designator: Old Designator=C107 New Designator=C?
Change Component Designator: Old Designator=D53 New Designator=D?
Change Component Designator: Old Designator=D54 New Designator=D?
Change Component Designator: Old Designator=D55 New Designator=D?
Change Component Designator: Old Designator=D56 New Designator=D?
Change Component Designator: Old Designator=F1 New Designator=F?
Change Component Designator: Old Designator=H1 New Designator=H?
Change Component Designator: Old Designator=L2 New Designator=L?
Change Component Designator: Old Designator=L3 New Designator=L?
Change Component Designator: Old Designator=L4 New Designator=L?
Change Component Designator: Old Designator=P19 New Designator=P?
Change Component Designator: Old Designator=P20 New Designator=P?
Change Component Designator: Old Designator=R226 New Designator=R?
Change Component Designator: Old Designator=R227 New Designator=R?
Change Component Designator: Old Designator=R228 New Designator=R?
Change Component Designator: Old Designator=R229 New Designator=R?
Change Component Designator: Old Designator=R230 New Designator=R?
Change Component Designator: Old Designator=R231 New Designator=R?
Change Component Designator: Old Designator=R232 New Designator=R?
Change Component Designator: Old Designator=R233 New Designator=R?
Change Component Designator: Old Designator=R234 New Designator=R?
Change Component Designator: Old Designator=R235 New Designator=R?
Change Component Designator: Old Designator=R236 New Designator=R?
Change Component Designator: Old Designator=R237 New Designator=R?
Change Component Designator: Old Designator=R238 New Designator=R?
Change Component Designator: Old Designator=RT3 New Designator=RT?
Change Component Designator: Old Designator=T1 New Designator=T?
Change Component Designator: Old Designator=U39 New Designator=U?
Change Component Designator: Old Designator=U39 New Designator=U?
Change Component Designator: Old Designator=U40 New Designator=U?
Change Component Designator: Old Designator=U41 New Designator=U?
Change Component Designator: Old Designator=VR1 New Designator=VR?
Change Component Designator: Old Designator=VR2 New Designator=VR?
