Change Component Designator: Old Designator=BR1 New Designator=BR?
Change Component Designator: Old Designator=BT1 New Designator=BT?
Change Component Designator: Old Designator=C1 New Designator=C?
Change Component Designator: Old Designator=C2 New Designator=C?
Change Component Designator: Old Designator=C4 New Designator=C?
Change Component Designator: Old Designator=C5 New Designator=C?
Change Component Designator: Old Designator=C7 New Designator=C?
Change Component Designator: Old Designator=C14 New Designator=C?
Change Component Designator: Old Designator=C16 New Designator=C?
Change Component Designator: Old Designator=D2 New Designator=D?
Change Component Designator: Old Designator=D3 New Designator=D?
Change Component Designator: Old Designator=F1 New Designator=F?
Change Component Designator: Old Designator=L1 New Designator=L?
Change Component Designator: Old Designator=L1 New Designator=L?
Change Component Designator: Old Designator=L1 New Designator=L?
Change Component Designator: Old Designator=P1 New Designator=P?
Change Component Designator: Old Designator=P5 New Designator=P?
Change Component Designator: Old Designator=R1 New Designator=R?
Change Component Designator: Old Designator=R4 New Designator=R?
Change Component Designator: Old Designator=R6 New Designator=R?
Change Component Designator: Old Designator=R8 New Designator=R?
Change Component Designator: Old Designator=R9 New Designator=R?
Change Component Designator: Old Designator=R10 New Designator=R?
Change Component Designator: Old Designator=R13 New Designator=R?
Change Component Designator: Old Designator=RT1 New Designator=RT?
Change Component Designator: Old Designator=RT2 New Designator=RT?
Change Component Designator: Old Designator=RT3 New Designator=RT?
Change Component Designator: Old Designator=T1 New Designator=T?
Change Component Designator: Old Designator=U1 New Designator=U?
Change Component Designator: Old Designator=U1 New Designator=U?
Change Component Designator: Old Designator=U1 New Designator=U?
Change Component Designator: Old Designator=U3 New Designator=U?
Change Component Designator: Old Designator=VD1 New Designator=VD?
Change Component Designator: Old Designator=VR2 New Designator=VR?
