Removed Pin From Net: NetName=POWER_PORT_RT Pin=C10-1
Removed Pin From Net: NetName=NetBR1_2 Pin=C10-2
Removed Pin From Net: NetName=NetC14_1 Pin=C15-1
Removed Pin From Net: NetName=GNDA Pin=C15-2
Removed Pin From Net: NetName=NetC20_1 Pin=C20-1
Removed Pin From Net: NetName=NetC20_2 Pin=C20-2
Removed Pin From Net: NetName=NetC21_1 Pin=C21-1
Removed Pin From Net: NetName=DC2- Pin=C21-2
Removed Pin From Net: NetName=NetD4_1 Pin=D4-1
Removed Pin From Net: NetName=NetC14_1 Pin=D4-2
Removed Pin From Net: NetName=NetR12_1 Pin=R12-1
Removed Pin From Net: NetName=DC2+ Pin=R12-2
Removed Pin From Net: NetName=NetR12_1 Pin=R13-1
Removed Pin From Net: NetName=NetR13_2 Pin=R13-2
Removed Pin From Net: NetName=NetR14_1 Pin=R14-1
Removed Pin From Net: NetName=NetC20_2 Pin=R15-1
Removed Pin From Net: NetName=NetR14_1 Pin=R15-2
Removed Pin From Net: NetName=GNDA Pin=R17-1
Removed Pin From Net: NetName=NetC20_1 Pin=R17-2
Removed Pin From Net: NetName=NetR4_1 Pin=U2-1
Removed Pin From Net: NetName=NetC11_2 Pin=U2-2
Removed Pin From Net: NetName=DC1- Pin=U2-3
Removed Pin From Net: NetName=NetR3_2 Pin=U2-4
Added Component: Designator=C10(CAPRD10-12x6)
Added Component: Designator=C15(CAPPR5-12.5x20)
Added Component: Designator=C20(CAPC3216M)
Added Component: Designator=C21(CAPRD5-4.5x3A)
Added Component: Designator=D4(SMA)
Added Component: Designator=L5(L0810)
Added Component: Designator=R12(RESC3216M)
Added Component: Designator=R13(RESC3216M)
Added Component: Designator=R14(RESC3216M)
Added Component: Designator=R15(RESC3216M)
Added Component: Designator=R17(RESC3216M)
Added Component: Designator=U2(DIP-4)
Added Pin To Net: NetName=POWER_PORT_RT Pin=C10-1
Added Pin To Net: NetName=NetBR1_2 Pin=C10-2
Added Pin To Net: NetName=NetC14_1 Pin=C15-1
Added Pin To Net: NetName=GNDA Pin=C15-2
Added Pin To Net: NetName=NetC20_1 Pin=C20-1
Added Pin To Net: NetName=NetC20_2 Pin=C20-2
Added Pin To Net: NetName=NetC21_1 Pin=C21-1
Added Pin To Net: NetName=DC2- Pin=C21-2
Added Pin To Net: NetName=NetD4_1 Pin=D4-1
Added Pin To Net: NetName=NetC14_1 Pin=D4-2
Added Pin To Net: NetName=NetC14_1 Pin=L5-1
Added Pin To Net: NetName=24V Pin=L5-2
Added Pin To Net: NetName=NetR12_1 Pin=R12-1
Added Pin To Net: NetName=DC2+ Pin=R12-2
Added Pin To Net: NetName=NetR12_1 Pin=R13-1
Added Pin To Net: NetName=NetR13_2 Pin=R13-2
Added Pin To Net: NetName=NetR14_1 Pin=R14-1
Added Pin To Net: NetName=NetC14_1 Pin=R14-2
Added Pin To Net: NetName=NetC20_2 Pin=R15-1
Added Pin To Net: NetName=NetR14_1 Pin=R15-2
Added Pin To Net: NetName=GNDA Pin=R17-1
Added Pin To Net: NetName=NetC20_1 Pin=R17-2
Added Pin To Net: NetName=NetR4_1 Pin=U2-1
Added Pin To Net: NetName=NetC11_2 Pin=U2-2
Added Pin To Net: NetName=DC1- Pin=U2-3
Added Pin To Net: NetName=NetR3_2 Pin=U2-4
Added Member To Class: ClassName=powerB Member=Component C15 270uF/50V
Added Member To Class: ClassName=powerB Member=Component C20 0.47uF/50V
Added Member To Class: ClassName=powerB Member=Component C21 10uF/16V
Added Member To Class: ClassName=powerB Member=Component D4 UF4004
Added Member To Class: ClassName=powerB Member=Component L5 3.3uH/2.66A
Added Member To Class: ClassName=powerB Member=Component R12 2M
Added Member To Class: ClassName=powerB Member=Component R13 2M
Added Member To Class: ClassName=powerB Member=Component R14 499R 1%
