Removed Pin From Net: NetName=5V Pin=C1-2
Removed Pin From Net: NetName=3.3V Pin=C6-2
Removed Pin From Net: NetName=3.3V Pin=P3-1
Removed Pin From Net: NetName=3.3V Pin=P4-1
Removed Pin From Net: NetName=5V Pin=U1-16
Removed Pin From Net: NetName=3.3V Pin=U2-16
Removed Member From Class: ClassName=SFCRS232 Member=C7
Removed Member From Class: ClassName=SFCRS232 Member=C8
Removed Member From Class: ClassName=SFCRS232 Member=C9
Removed Member From Class: ClassName=SFCRS232 Member=C10
Removed Member From Class: ClassName=SFCRS232 Member=J2
Removed Member From Class: ClassName=SFCRS232 Member=P3
Removed Member From Class: ClassName=SFCRS232 Member=P4
Removed Member From Class: ClassName=SFCRS232 Member=R5
Removed Member From Class: ClassName=SFCRS232 Member=R6
Removed Member From Class: ClassName=SFCRS232 Member=R7
Removed Member From Class: ClassName=SFCRS232 Member=R8
Removed Member From Class: ClassName=SFCRS232 Member=U2
Change Component Comment : Designator=U1 Old Comment=SP232E New Comment=SP3232E
Added Pin To Net: NetName=3.3V Pin=C1-2
Added Pin To Net: NetName=3.3V Pin=U1-16
Added Member To Class: ClassName=SFCRS232 Member=Component C1 0.1uF
Added Member To Class: ClassName=SFCRS232 Member=Component P2 Header 4-2.0
