Removed Pin From Net: NetName=MCU_TXD Pin=S3-2
Removed Pin From Net: NetName=MCU_RXD Pin=S3-5
Removed Pin From Net: NetName=RS232_TXD1 Pin=S4-1
Removed Pin From Net: NetName=NetJ2_2 Pin=S4-2
Removed Pin From Net: NetName=RS232_TXD2 Pin=S4-3
Removed Pin From Net: NetName=RS232_RXD2 Pin=S4-4
Removed Pin From Net: NetName=NetJ2_3 Pin=S4-5
Removed Pin From Net: NetName=RS232_RXD1 Pin=S4-6
Removed Member From Class: ClassName=SFCRS232 Member=S4
Added Component: Designator=R5(RESC2012M)
Added Component: Designator=R6(RESC2012M)
Added Component: Designator=R7(RESC2012M)
Added Component: Designator=R8(RESC2012M)
Added Pin To Net: NetName=MCU_TXD Pin=R1-1
Added Pin To Net: NetName=MCU_RXD Pin=R2-1
Added Pin To Net: NetName=MCU_TXD Pin=R3-1
Added Pin To Net: NetName=MCU_RXD Pin=R4-1
Added Pin To Net: NetName=RS232_TXD1 Pin=R5-1
Added Pin To Net: NetName=NetJ2_2 Pin=R5-2
Added Pin To Net: NetName=RS232_RXD1 Pin=R6-1
Added Pin To Net: NetName=NetJ2_3 Pin=R6-2
Added Pin To Net: NetName=RS232_TXD2 Pin=R7-1
Added Pin To Net: NetName=NetJ2_2 Pin=R7-2
Added Pin To Net: NetName=RS232_RXD2 Pin=R8-1
Added Pin To Net: NetName=NetJ2_3 Pin=R8-2
Change Net Name : Old Net Name=NetR1_2 New Net Name=MCU_TXD1
Change Net Name : Old Net Name=NetR2_2 New Net Name=MCU_RXD1
Change Net Name : Old Net Name=NetR3_2 New Net Name=MCU_TXD2
Change Net Name : Old Net Name=NetR4_2 New Net Name=MCU_RXD2
Added Member To Class: ClassName=SFCRS232 Member=Component R5 300R
Added Member To Class: ClassName=SFCRS232 Member=Component R6 300R
Added Member To Class: ClassName=SFCRS232 Member=Component R7 300R
Added Member To Class: ClassName=SFCRS232 Member=Component R8 300R
