Removed Pin From Net: NetName=5V Pin=C1-2
Removed Pin From Net: NetName=GND Pin=C6-1
Removed Pin From Net: NetName=3.3V Pin=C6-2
Removed Pin From Net: NetName=5V Pin=P1-1
Removed Pin From Net: NetName=5V Pin=P2-1
Removed Pin From Net: NetName=3.3V Pin=P4-1
Removed Pin From Net: NetName=MCU_RXD2 Pin=P4-2
Removed Pin From Net: NetName=MCU_RXD2 Pin=P4-3
Removed Pin From Net: NetName=3.3V Pin=P5-1
Removed Pin From Net: NetName=MCU_RXD2 Pin=P5-2
Removed Pin From Net: NetName=MCU_RXD2 Pin=P5-3
Removed Pin From Net: NetName=GND Pin=P5-4
Removed Pin From Net: NetName=MCU_RXD2 Pin=P6-1
Removed Pin From Net: NetName=MCU_RXD2 Pin=P6-2
Removed Pin From Net: NetName=GND Pin=P6-3
Removed Pin From Net: NetName=5V Pin=P7-1
Removed Pin From Net: NetName=MCU_RXD2 Pin=P9-2
Removed Pin From Net: NetName=MCU_RXD2 Pin=P9-3
Removed Pin From Net: NetName=GND Pin=P9-4
Removed Pin From Net: NetName=MCU_RXD2 Pin=P10-1
Removed Pin From Net: NetName=MCU_RXD2 Pin=P10-2
Removed Pin From Net: NetName=GND Pin=P10-3
Removed Pin From Net: NetName=MCU_RXD2 Pin=R3-1
Removed Pin From Net: NetName=RS232_RXD2 Pin=S1-1
Removed Pin From Net: NetName=NetJ2_3 Pin=S1-2
Removed Pin From Net: NetName=RS232_RXD1 Pin=S1-3
Removed Pin From Net: NetName=RS232_TXD1 Pin=S1-4
Removed Pin From Net: NetName=NetJ2_2 Pin=S1-5
Removed Pin From Net: NetName=RS232_TXD2 Pin=S1-6
Removed Member From Class: ClassName=SFCRS232 Member=P6
Removed Member From Class: ClassName=SFCRS232 Member=P7
Removed Member From Class: ClassName=SFCRS232 Member=P8
Removed Member From Class: ClassName=SFCRS232 Member=P9
Removed Member From Class: ClassName=SFCRS232 Member=P10
Change Component DesignItemId : Designator=S1 Old DesignItemId=SW-DPDT New DesignItemId=SW-SPDT_1
Change Component Footprint: Designator=S1 Old Footprint=SW-9.5x3.5x3.5 New Footprint=SW-3-SIP
Change Component Comment : Designator=S1 Old Comment=SW-DPDT New Comment=SW-SPDT
Change Component Designator: OldDesignator=P7 NewDesignator=P4
Change Component Designator: OldDesignator=P8 NewDesignator=P5
Added Component: Designator=S2(SW-9.5x3.5x3.5)
Added Component: Designator=S3(SW-9.5x3.5x3.5)
Added Pin To Net: NetName=5V Pin=C6-1
Added Pin To Net: NetName=GND Pin=C6-2
Added Pin To Net: NetName=MCU_RXD1 Pin=P5-1
Added Pin To Net: NetName=MCU_TXD1 Pin=P5-2
Added Pin To Net: NetName=5V Pin=S1-1
Added Pin To Net: NetName=3.3V Pin=S1-3
Added Pin To Net: NetName=MCU_TXD1 Pin=S2-2
Added Pin To Net: NetName=MCU_RXD2 Pin=S2-4
Added Pin To Net: NetName=MCU_RXD1 Pin=S2-5
Added Pin To Net: NetName=RS232_RXD2 Pin=S3-1
Added Pin To Net: NetName=NetJ2_3 Pin=S3-2
Added Pin To Net: NetName=RS232_RXD1 Pin=S3-3
Added Pin To Net: NetName=RS232_TXD1 Pin=S3-4
Added Pin To Net: NetName=NetJ2_2 Pin=S3-5
Added Pin To Net: NetName=RS232_TXD2 Pin=S3-6
Change Net Name : Old Net Name=MCU_RXD1 New Net Name=MCU_RXD
Change Net Name : Old Net Name=MCU_TXD1 New Net Name=MCU_TXD
Added Pin To Net: NetName=MCU_RXD1 Pin=R2-1
Added Pin To Net: NetName=MCU_RXD1 Pin=S2-6
Added Net: Name=MCU_RXD1
Added Pin To Net: NetName=MCU_TXD1 Pin=R1-1
Added Pin To Net: NetName=MCU_TXD1 Pin=S2-1
Added Net: Name=MCU_TXD1
Added Pin To Net: NetName=MCU_TXD2 Pin=R3-1
Added Pin To Net: NetName=MCU_TXD2 Pin=S2-3
Added Net: Name=MCU_TXD2
Added Pin To Net: NetName=VCC Pin=C1-2
Added Pin To Net: NetName=VCC Pin=P1-1
Added Pin To Net: NetName=VCC Pin=P2-1
Added Pin To Net: NetName=VCC Pin=P4-1
Added Pin To Net: NetName=VCC Pin=S1-2
Added Net: Name=VCC
Added Member To Class: ClassName=SFCRS232 Member=Component S2 SW-DPDT
Added Member To Class: ClassName=SFCRS232 Member=Component S3 SW-DPDT
