Added Component: Designator=C1(CAPC2012M)
Added Component: Designator=C2(CAPC2012M)
Added Component: Designator=C3(CAPC2012M)
Added Component: Designator=C4(CAPC2012M)
Added Component: Designator=C5(CAPC2012M)
Added Component: Designator=J1(DB9-M)
Added Component: Designator=P1(HDR1X4-2.0)
Added Component: Designator=R1(RESC2012M)
Added Component: Designator=R2(RESC2012M)
Added Pin To Net: NetName=GND Pin=C1-1
Added Pin To Net: NetName=3.3V Pin=C1-2
Added Pin To Net: NetName=GND Pin=C4-1
Added Pin To Net: NetName=3.3V Pin=C5-2
Added Pin To Net: NetName=RS232_TXD Pin=J1-2
Added Pin To Net: NetName=RS232_RXD Pin=J1-3
Added Pin To Net: NetName=GND Pin=J1-5
Added Pin To Net: NetName=3.3V Pin=P1-1
Added Pin To Net: NetName=GND Pin=P1-4
Added Pin To Net: NetName=MCU_RXD Pin=P1-2
Added Pin To Net: NetName=MCU_RXD Pin=R2-1
Added Net: Name=MCU_RXD
Added Pin To Net: NetName=MCU_TXD Pin=P1-3
Added Pin To Net: NetName=MCU_TXD Pin=R1-1
Added Net: Name=MCU_TXD
Added Pin To Net: NetName=NetC2_1 Pin=C2-1
Added Net: Name=NetC2_1
Added Pin To Net: NetName=NetC2_2 Pin=C2-2
Added Net: Name=NetC2_2
Added Pin To Net: NetName=NetC3_1 Pin=C3-1
Added Net: Name=NetC3_1
Added Pin To Net: NetName=NetC3_2 Pin=C3-2
Added Net: Name=NetC3_2
Added Pin To Net: NetName=NetC4_2 Pin=C4-2
Added Net: Name=NetC4_2
Added Pin To Net: NetName=NetC5_1 Pin=C5-1
Added Net: Name=NetC5_1
Added Pin To Net: NetName=NetR1_2 Pin=R1-2
Added Net: Name=NetR1_2
Added Pin To Net: NetName=NetR2_2 Pin=R2-2
Added Net: Name=NetR2_2
Added Class: Name=SFCRS232
Added Room: Name=SFCRS232
