Removed Pin From Net: NetName=GND Pin=C1-1
Removed Pin From Net: NetName=GND Pin=C4-1
Removed Pin From Net: NetName=GND Pin=C5-2
Removed Pin From Net: NetName=5V Pin=C6-1
Removed Pin From Net: NetName=GND Pin=C6-2
Removed Pin From Net: NetName=GND Pin=C11-1
Removed Pin From Net: NetName=5V Pin=C11-2
Removed Pin From Net: NetName=GND Pin=C12-1
Removed Pin From Net: NetName=5V Pin=C12-2
Removed Pin From Net: NetName=GND Pin=C13-1
Removed Pin From Net: NetName=GND Pin=C14-1
Removed Pin From Net: NetName=GND Pin=C16-1
Removed Pin From Net: NetName=5V Pin=J1-1
Removed Pin From Net: NetName=GND Pin=J1-2
Removed Pin From Net: NetName=GND Pin=J1-3
Removed Pin From Net: NetName=GND Pin=P1-4
Removed Pin From Net: NetName=GND Pin=P2-4
Removed Pin From Net: NetName=GND Pin=P3-3
Removed Pin From Net: NetName=GND Pin=P5-3
Removed Pin From Net: NetName=NetJ2_2 Pin=R5-2
Removed Pin From Net: NetName=NetJ2_3 Pin=R6-2
Removed Pin From Net: NetName=5V Pin=S1-1
Removed Pin From Net: NetName=3.3V Pin=S1-3
Removed Pin From Net: NetName=3.3V Pin=S2-1
Removed Pin From Net: NetName=GND Pin=U1-15
Removed Pin From Net: NetName=GND Pin=U3-1
Removed Pin From Net: NetName=5V Pin=U3-3
Removed Member From Class: ClassName=SFCRS232 Member=C11
Removed Member From Class: ClassName=SFCRS232 Member=C12
Removed Member From Class: ClassName=SFCRS232 Member=C13
Removed Member From Class: ClassName=SFCRS232 Member=C14
Removed Member From Class: ClassName=SFCRS232 Member=C15
Removed Member From Class: ClassName=SFCRS232 Member=C16
Removed Member From Class: ClassName=SFCRS232 Member=P5
Removed Member From Class: ClassName=SFCRS232 Member=S1
Removed Member From Class: ClassName=SFCRS232 Member=S2
Removed Member From Class: ClassName=SFCRS232 Member=U3
Change Component DesignItemId : Designator=P3 Old DesignItemId=Header 3 New DesignItemId=Header 4
Change Component DesignItemId : Designator=J1 Old DesignItemId=PWRCON New DesignItemId=D Connector 9
Change Component Footprint: Designator=J1 Old Footprint=DC-005 New Footprint=DB9-M
Change Component Footprint: Designator=P3 Old Footprint=HDR1X3-2.5 New Footprint=HDR1X4-2.5
Change Component Comment : Designator=P3 Old Comment=Header 3-2.5 New Comment=Header 4-2.5
Change Component Comment : Designator=J1 Old Comment=PWRCON New Comment=D Connector 9
Change Component Designator: OldDesignator=C3 NewDesignator=C4
Change Component Designator: OldDesignator=C4 NewDesignator=C5
Change Component Designator: OldDesignator=C5 NewDesignator=C3
Change Component Designator: OldDesignator=C8 NewDesignator=C9
Change Component Designator: OldDesignator=C9 NewDesignator=C10
Change Component Designator: OldDesignator=C10 NewDesignator=C8
Change Component Designator: OldDesignator=C15 NewDesignator=C6
Change Component Designator: OldDesignator=C16 NewDesignator=C1
Change Component Designator: OldDesignator=P2 NewDesignator=P1
Change Component Designator: OldDesignator=R2 NewDesignator=R3
Change Component Designator: OldDesignator=R3 NewDesignator=R5
Change Component Designator: OldDesignator=R4 NewDesignator=R7
Change Component Designator: OldDesignator=R5 NewDesignator=R2
Change Component Designator: OldDesignator=R6 NewDesignator=R4
Change Component Designator: OldDesignator=R7 NewDesignator=R6
Added Component: Designator=P2(HDR1X4-2.0)
Added Pin To Net: NetName=5V Pin=P1-1
Added Pin To Net: NetName=5V Pin=P2-1
Added Pin To Net: NetName=3.3V Pin=P3-1
Added Pin To Net: NetName=GND Pin=P3-4
Added Pin To Net: NetName=3.3V Pin=P4-1
Change Net Name : Old Net Name=GND New Net Name=GND2
Change Net Name : Old Net Name=NetC3_1 New Net Name=NetC4_1
Change Net Name : Old Net Name=NetC3_2 New Net Name=NetC4_2
Change Net Name : Old Net Name=NetC4_2 New Net Name=NetC5_2
Change Net Name : Old Net Name=NetC5_1 New Net Name=NetC3_1
Change Net Name : Old Net Name=NetC8_1 New Net Name=NetC9_1
Change Net Name : Old Net Name=NetC8_2 New Net Name=NetC9_2
Change Net Name : Old Net Name=NetC9_1 New Net Name=NetC10_1
Change Net Name : Old Net Name=NetC10_1 New Net Name=NetC8_1
Added Pin To Net: NetName=GND1 Pin=C1-1
Added Pin To Net: NetName=GND1 Pin=C3-2
Added Pin To Net: NetName=GND1 Pin=C5-1
Added Pin To Net: NetName=GND1 Pin=J1-5
Added Pin To Net: NetName=GND1 Pin=P1-4
Added Pin To Net: NetName=GND1 Pin=P2-4
Added Pin To Net: NetName=GND1 Pin=U1-15
Added Net: Name=GND1
Added Pin To Net: NetName=MCU_RXDA Pin=P1-2
Added Pin To Net: NetName=MCU_RXDA Pin=P2-2
Added Pin To Net: NetName=MCU_RXDA Pin=R3-1
Added Net: Name=MCU_RXDA
Added Pin To Net: NetName=MCU_RXDB Pin=P3-2
Added Pin To Net: NetName=MCU_RXDB Pin=P4-2
Added Pin To Net: NetName=MCU_RXDB Pin=R7-1
Added Net: Name=MCU_RXDB
Added Pin To Net: NetName=MCU_TXDA Pin=P1-3
Added Pin To Net: NetName=MCU_TXDA Pin=P2-3
Added Pin To Net: NetName=MCU_TXDA Pin=R1-1
Added Net: Name=MCU_TXDA
Added Pin To Net: NetName=MCU_TXDB Pin=P3-3
Added Pin To Net: NetName=MCU_TXDB Pin=P4-3
Added Pin To Net: NetName=MCU_TXDB Pin=R5-1
Added Net: Name=MCU_TXDB
Added Pin To Net: NetName=NetJ1_2 Pin=J1-2
Added Pin To Net: NetName=NetJ1_2 Pin=R2-2
Added Net: Name=NetJ1_2
Added Pin To Net: NetName=NetJ1_3 Pin=J1-3
Added Pin To Net: NetName=NetJ1_3 Pin=R4-2
Added Net: Name=NetJ1_3
